[0.170s] DEBUG:colcon:Command line arguments: ['/usr/bin/colcon', 'build']
[0.170s] DEBUG:colcon:Parsed command line arguments: Namespace(log_base=None, log_level=None, verb_name='build', build_base='build', install_base='install', merge_install=False, symlink_install=False, test_result_base=None, continue_on_error=False, executor='parallel', parallel_workers=12, event_handlers=None, ignore_user_meta=False, metas=['./colcon.meta'], base_paths=['.'], packages_ignore=None, packages_ignore_regex=None, paths=None, packages_up_to=None, packages_up_to_regex=None, packages_above=None, packages_above_and_dependencies=None, packages_above_depth=None, packages_select_by_dep=None, packages_skip_by_dep=None, packages_skip_up_to=None, packages_select_build_failed=False, packages_skip_build_finished=False, packages_select_test_failures=False, packages_skip_test_passed=False, packages_select=None, packages_skip=None, packages_select_regex=None, packages_skip_regex=None, packages_start=None, packages_end=None, allow_overriding=[], cmake_args=None, cmake_target=None, cmake_target_skip_unavailable=False, cmake_clean_cache=False, cmake_clean_first=False, cmake_force_configure=False, ament_cmake_args=None, catkin_cmake_args=None, catkin_skip_building_tests=False, mixin_files=None, mixin=None, verb_parser=<colcon_mixin.mixin.mixin_argument.MixinArgumentDecorator object at 0x7f02ea04a830>, verb_extension=<colcon_core.verb.build.BuildVerb object at 0x7f02ea04a260>, main=<bound method BuildVerb.main of <colcon_core.verb.build.BuildVerb object at 0x7f02ea04a260>>, mixin_verb=('build',))
[0.354s] Level 1:colcon.colcon_core.package_discovery:discover_packages(colcon_meta) check parameters
[0.354s] Level 1:colcon.colcon_core.package_discovery:discover_packages(recursive) check parameters
[0.354s] Level 1:colcon.colcon_core.package_discovery:discover_packages(ignore) check parameters
[0.354s] Level 1:colcon.colcon_core.package_discovery:discover_packages(path) check parameters
[0.354s] Level 1:colcon.colcon_core.package_discovery:discover_packages(colcon_meta) discover
[0.354s] Level 1:colcon.colcon_core.package_discovery:discover_packages(recursive) discover
[0.354s] INFO:colcon.colcon_core.package_discovery:Crawling recursively for packages in '/home/nardaiv/px4ros2_ws'
[0.354s] Level 1:colcon.colcon_core.package_identification:_identify(.) by extensions ['ignore', 'ignore_ament_install']
[0.354s] Level 1:colcon.colcon_core.package_identification:_identify(.) by extension 'ignore'
[0.354s] Level 1:colcon.colcon_core.package_identification:_identify(.) by extension 'ignore_ament_install'
[0.354s] Level 1:colcon.colcon_core.package_identification:_identify(.) by extensions ['colcon_pkg']
[0.354s] Level 1:colcon.colcon_core.package_identification:_identify(.) by extension 'colcon_pkg'
[0.354s] Level 1:colcon.colcon_core.package_identification:_identify(.) by extensions ['colcon_meta']
[0.354s] Level 1:colcon.colcon_core.package_identification:_identify(.) by extension 'colcon_meta'
[0.354s] Level 1:colcon.colcon_core.package_identification:_identify(.) by extensions ['ros']
[0.354s] Level 1:colcon.colcon_core.package_identification:_identify(.) by extension 'ros'
[0.367s] Level 1:colcon.colcon_core.package_identification:_identify(.) by extensions ['cmake', 'python']
[0.368s] Level 1:colcon.colcon_core.package_identification:_identify(.) by extension 'cmake'
[0.368s] Level 1:colcon.colcon_core.package_identification:_identify(.) by extension 'python'
[0.368s] Level 1:colcon.colcon_core.package_identification:_identify(.) by extensions ['python_setup_py']
[0.368s] Level 1:colcon.colcon_core.package_identification:_identify(.) by extension 'python_setup_py'
[0.368s] Level 1:colcon.colcon_core.package_identification:_identify(build) by extensions ['ignore', 'ignore_ament_install']
[0.368s] Level 1:colcon.colcon_core.package_identification:_identify(build) by extension 'ignore'
[0.368s] Level 1:colcon.colcon_core.package_identification:_identify(build) ignored
[0.368s] Level 1:colcon.colcon_core.package_identification:_identify(install) by extensions ['ignore', 'ignore_ament_install']
[0.368s] Level 1:colcon.colcon_core.package_identification:_identify(install) by extension 'ignore'
[0.368s] Level 1:colcon.colcon_core.package_identification:_identify(install) ignored
[0.369s] Level 1:colcon.colcon_core.package_identification:_identify(log) by extensions ['ignore', 'ignore_ament_install']
[0.369s] Level 1:colcon.colcon_core.package_identification:_identify(log) by extension 'ignore'
[0.369s] Level 1:colcon.colcon_core.package_identification:_identify(log) ignored
[0.369s] Level 1:colcon.colcon_core.package_identification:_identify(src) by extensions ['ignore', 'ignore_ament_install']
[0.369s] Level 1:colcon.colcon_core.package_identification:_identify(src) by extension 'ignore'
[0.369s] Level 1:colcon.colcon_core.package_identification:_identify(src) by extension 'ignore_ament_install'
[0.369s] Level 1:colcon.colcon_core.package_identification:_identify(src) by extensions ['colcon_pkg']
[0.369s] Level 1:colcon.colcon_core.package_identification:_identify(src) by extension 'colcon_pkg'
[0.369s] Level 1:colcon.colcon_core.package_identification:_identify(src) by extensions ['colcon_meta']
[0.369s] Level 1:colcon.colcon_core.package_identification:_identify(src) by extension 'colcon_meta'
[0.369s] Level 1:colcon.colcon_core.package_identification:_identify(src) by extensions ['ros']
[0.369s] Level 1:colcon.colcon_core.package_identification:_identify(src) by extension 'ros'
[0.369s] Level 1:colcon.colcon_core.package_identification:_identify(src) by extensions ['cmake', 'python']
[0.369s] Level 1:colcon.colcon_core.package_identification:_identify(src) by extension 'cmake'
[0.369s] Level 1:colcon.colcon_core.package_identification:_identify(src) by extension 'python'
[0.369s] Level 1:colcon.colcon_core.package_identification:_identify(src) by extensions ['python_setup_py']
[0.369s] Level 1:colcon.colcon_core.package_identification:_identify(src) by extension 'python_setup_py'
[0.370s] Level 1:colcon.colcon_core.package_identification:_identify(src/px4_msgs) by extensions ['ignore', 'ignore_ament_install']
[0.370s] Level 1:colcon.colcon_core.package_identification:_identify(src/px4_msgs) by extension 'ignore'
[0.370s] Level 1:colcon.colcon_core.package_identification:_identify(src/px4_msgs) by extension 'ignore_ament_install'
[0.370s] Level 1:colcon.colcon_core.package_identification:_identify(src/px4_msgs) by extensions ['colcon_pkg']
[0.370s] Level 1:colcon.colcon_core.package_identification:_identify(src/px4_msgs) by extension 'colcon_pkg'
[0.370s] Level 1:colcon.colcon_core.package_identification:_identify(src/px4_msgs) by extensions ['colcon_meta']
[0.370s] Level 1:colcon.colcon_core.package_identification:_identify(src/px4_msgs) by extension 'colcon_meta'
[0.370s] Level 1:colcon.colcon_core.package_identification:_identify(src/px4_msgs) by extensions ['ros']
[0.370s] Level 1:colcon.colcon_core.package_identification:_identify(src/px4_msgs) by extension 'ros'
[0.372s] DEBUG:colcon.colcon_core.package_identification:Package 'src/px4_msgs' with type 'ros.ament_cmake' and name 'px4_msgs'
[0.372s] Level 1:colcon.colcon_core.package_identification:_identify(src/px4_ros_com) by extensions ['ignore', 'ignore_ament_install']
[0.372s] Level 1:colcon.colcon_core.package_identification:_identify(src/px4_ros_com) by extension 'ignore'
[0.372s] Level 1:colcon.colcon_core.package_identification:_identify(src/px4_ros_com) by extension 'ignore_ament_install'
[0.373s] Level 1:colcon.colcon_core.package_identification:_identify(src/px4_ros_com) by extensions ['colcon_pkg']
[0.373s] Level 1:colcon.colcon_core.package_identification:_identify(src/px4_ros_com) by extension 'colcon_pkg'
[0.373s] Level 1:colcon.colcon_core.package_identification:_identify(src/px4_ros_com) by extensions ['colcon_meta']
[0.373s] Level 1:colcon.colcon_core.package_identification:_identify(src/px4_ros_com) by extension 'colcon_meta'
[0.373s] Level 1:colcon.colcon_core.package_identification:_identify(src/px4_ros_com) by extensions ['ros']
[0.373s] Level 1:colcon.colcon_core.package_identification:_identify(src/px4_ros_com) by extension 'ros'
[0.374s] DEBUG:colcon.colcon_core.package_identification:Package 'src/px4_ros_com' with type 'ros.ament_cmake' and name 'px4_ros_com'
[0.374s] Level 1:colcon.colcon_core.package_discovery:discover_packages(recursive) using defaults
[0.374s] Level 1:colcon.colcon_core.package_discovery:discover_packages(ignore) discover
[0.374s] Level 1:colcon.colcon_core.package_discovery:discover_packages(ignore) using defaults
[0.374s] Level 1:colcon.colcon_core.package_discovery:discover_packages(path) discover
[0.374s] Level 1:colcon.colcon_core.package_discovery:discover_packages(path) using defaults
[0.410s] Level 1:colcon.colcon_core.package_discovery:discover_packages(prefix_path) check parameters
[0.410s] Level 1:colcon.colcon_core.package_discovery:discover_packages(prefix_path) discover
[0.413s] DEBUG:colcon.colcon_installed_package_information.package_discovery:Found 2 installed packages in /home/nardaiv/px4ros2_ws/install
[0.414s] DEBUG:colcon.colcon_installed_package_information.package_discovery:Found 270 installed packages in /opt/ros/humble
[0.417s] Level 1:colcon.colcon_core.package_discovery:discover_packages(prefix_path) using defaults
[0.468s] Level 5:colcon.colcon_core.verb:set package 'px4_msgs' build argument 'cmake_args' from command line to 'None'
[0.469s] Level 5:colcon.colcon_core.verb:set package 'px4_msgs' build argument 'cmake_target' from command line to 'None'
[0.469s] Level 5:colcon.colcon_core.verb:set package 'px4_msgs' build argument 'cmake_target_skip_unavailable' from command line to 'False'
[0.469s] Level 5:colcon.colcon_core.verb:set package 'px4_msgs' build argument 'cmake_clean_cache' from command line to 'False'
[0.469s] Level 5:colcon.colcon_core.verb:set package 'px4_msgs' build argument 'cmake_clean_first' from command line to 'False'
[0.469s] Level 5:colcon.colcon_core.verb:set package 'px4_msgs' build argument 'cmake_force_configure' from command line to 'False'
[0.469s] Level 5:colcon.colcon_core.verb:set package 'px4_msgs' build argument 'ament_cmake_args' from command line to 'None'
[0.469s] Level 5:colcon.colcon_core.verb:set package 'px4_msgs' build argument 'catkin_cmake_args' from command line to 'None'
[0.469s] Level 5:colcon.colcon_core.verb:set package 'px4_msgs' build argument 'catkin_skip_building_tests' from command line to 'False'
[0.469s] DEBUG:colcon.colcon_core.verb:Building package 'px4_msgs' with the following arguments: {'ament_cmake_args': None, 'build_base': '/home/nardaiv/px4ros2_ws/build/px4_msgs', 'catkin_cmake_args': None, 'catkin_skip_building_tests': False, 'cmake_args': None, 'cmake_clean_cache': False, 'cmake_clean_first': False, 'cmake_force_configure': False, 'cmake_target': None, 'cmake_target_skip_unavailable': False, 'install_base': '/home/nardaiv/px4ros2_ws/install/px4_msgs', 'merge_install': False, 'path': '/home/nardaiv/px4ros2_ws/src/px4_msgs', 'symlink_install': False, 'test_result_base': None}
[0.470s] Level 5:colcon.colcon_core.verb:set package 'px4_ros_com' build argument 'cmake_args' from command line to 'None'
[0.470s] Level 5:colcon.colcon_core.verb:set package 'px4_ros_com' build argument 'cmake_target' from command line to 'None'
[0.470s] Level 5:colcon.colcon_core.verb:set package 'px4_ros_com' build argument 'cmake_target_skip_unavailable' from command line to 'False'
[0.470s] Level 5:colcon.colcon_core.verb:set package 'px4_ros_com' build argument 'cmake_clean_cache' from command line to 'False'
[0.470s] Level 5:colcon.colcon_core.verb:set package 'px4_ros_com' build argument 'cmake_clean_first' from command line to 'False'
[0.470s] Level 5:colcon.colcon_core.verb:set package 'px4_ros_com' build argument 'cmake_force_configure' from command line to 'False'
[0.470s] Level 5:colcon.colcon_core.verb:set package 'px4_ros_com' build argument 'ament_cmake_args' from command line to 'None'
[0.470s] Level 5:colcon.colcon_core.verb:set package 'px4_ros_com' build argument 'catkin_cmake_args' from command line to 'None'
[0.470s] Level 5:colcon.colcon_core.verb:set package 'px4_ros_com' build argument 'catkin_skip_building_tests' from command line to 'False'
[0.471s] DEBUG:colcon.colcon_core.verb:Building package 'px4_ros_com' with the following arguments: {'ament_cmake_args': None, 'build_base': '/home/nardaiv/px4ros2_ws/build/px4_ros_com', 'catkin_cmake_args': None, 'catkin_skip_building_tests': False, 'cmake_args': None, 'cmake_clean_cache': False, 'cmake_clean_first': False, 'cmake_force_configure': False, 'cmake_target': None, 'cmake_target_skip_unavailable': False, 'install_base': '/home/nardaiv/px4ros2_ws/install/px4_ros_com', 'merge_install': False, 'path': '/home/nardaiv/px4ros2_ws/src/px4_ros_com', 'symlink_install': False, 'test_result_base': None}
[0.471s] INFO:colcon.colcon_core.executor:Executing jobs using 'parallel' executor
[0.472s] DEBUG:colcon.colcon_parallel_executor.executor.parallel:run_until_complete
[0.473s] INFO:colcon.colcon_ros.task.ament_cmake.build:Building ROS package in '/home/nardaiv/px4ros2_ws/src/px4_msgs' with build type 'ament_cmake'
[0.473s] INFO:colcon.colcon_cmake.task.cmake.build:Building CMake package in '/home/nardaiv/px4ros2_ws/src/px4_msgs'
[0.476s] INFO:colcon.colcon_core.plugin_system:Skipping extension 'colcon_core.shell.bat': Not used on non-Windows systems
[0.477s] INFO:colcon.colcon_core.shell:Skip shell extension 'powershell' for command environment: Not usable outside of PowerShell
[0.477s] DEBUG:colcon.colcon_core.shell:Skip shell extension 'dsv' for command environment
[0.489s] DEBUG:colcon.colcon_core.event_handler.log_command:Invoking command in '/home/nardaiv/px4ros2_ws/build/px4_msgs': CMAKE_PREFIX_PATH=${CMAKE_PREFIX_PATH}:/opt/ros/humble /usr/bin/cmake --build /home/nardaiv/px4ros2_ws/build/px4_msgs -- -j12 -l12
[1.513s] DEBUG:colcon.colcon_core.event_handler.log_command:Invoked command in '/home/nardaiv/px4ros2_ws/build/px4_msgs' returned '0': CMAKE_PREFIX_PATH=${CMAKE_PREFIX_PATH}:/opt/ros/humble /usr/bin/cmake --build /home/nardaiv/px4ros2_ws/build/px4_msgs -- -j12 -l12
[1.523s] DEBUG:colcon.colcon_core.event_handler.log_command:Invoking command in '/home/nardaiv/px4ros2_ws/build/px4_msgs': CMAKE_PREFIX_PATH=${CMAKE_PREFIX_PATH}:/opt/ros/humble /usr/bin/cmake --install /home/nardaiv/px4ros2_ws/build/px4_msgs
[2.102s] Level 1:colcon.colcon_core.environment:create_environment_scripts_only(px4_msgs)
[2.103s] DEBUG:colcon.colcon_core.event_handler.log_command:Invoked command in '/home/nardaiv/px4ros2_ws/build/px4_msgs' returned '0': CMAKE_PREFIX_PATH=${CMAKE_PREFIX_PATH}:/opt/ros/humble /usr/bin/cmake --install /home/nardaiv/px4ros2_ws/build/px4_msgs
[2.105s] Level 1:colcon.colcon_core.environment:checking '/home/nardaiv/px4ros2_ws/install/px4_msgs' for CMake module files
[2.106s] Level 1:colcon.colcon_core.environment:checking '/home/nardaiv/px4ros2_ws/install/px4_msgs' for CMake config files
[2.106s] Level 1:colcon.colcon_core.shell:create_environment_hook('px4_msgs', 'cmake_prefix_path')
[2.106s] INFO:colcon.colcon_core.shell:Creating environment hook '/home/nardaiv/px4ros2_ws/install/px4_msgs/share/px4_msgs/hook/cmake_prefix_path.ps1'
[2.107s] INFO:colcon.colcon_core.shell:Creating environment descriptor '/home/nardaiv/px4ros2_ws/install/px4_msgs/share/px4_msgs/hook/cmake_prefix_path.dsv'
[2.108s] INFO:colcon.colcon_core.shell:Creating environment hook '/home/nardaiv/px4ros2_ws/install/px4_msgs/share/px4_msgs/hook/cmake_prefix_path.sh'
[2.109s] Level 1:colcon.colcon_core.environment:checking '/home/nardaiv/px4ros2_ws/install/px4_msgs/lib'
[2.109s] Level 1:colcon.colcon_core.shell:create_environment_hook('px4_msgs', 'ld_library_path_lib')
[2.109s] INFO:colcon.colcon_core.shell:Creating environment hook '/home/nardaiv/px4ros2_ws/install/px4_msgs/share/px4_msgs/hook/ld_library_path_lib.ps1'
[2.110s] INFO:colcon.colcon_core.shell:Creating environment descriptor '/home/nardaiv/px4ros2_ws/install/px4_msgs/share/px4_msgs/hook/ld_library_path_lib.dsv'
[2.110s] INFO:colcon.colcon_core.shell:Creating environment hook '/home/nardaiv/px4ros2_ws/install/px4_msgs/share/px4_msgs/hook/ld_library_path_lib.sh'
[2.110s] Level 1:colcon.colcon_core.environment:checking '/home/nardaiv/px4ros2_ws/install/px4_msgs/bin'
[2.110s] Level 1:colcon.colcon_core.environment:checking '/home/nardaiv/px4ros2_ws/install/px4_msgs/lib/pkgconfig/px4_msgs.pc'
[2.111s] Level 1:colcon.colcon_core.environment:checking '/home/nardaiv/px4ros2_ws/install/px4_msgs/lib/python3.10/site-packages'
[2.111s] Level 1:colcon.colcon_core.environment:checking '/home/nardaiv/px4ros2_ws/install/px4_msgs/bin'
[2.111s] INFO:colcon.colcon_core.shell:Creating package script '/home/nardaiv/px4ros2_ws/install/px4_msgs/share/px4_msgs/package.ps1'
[2.112s] INFO:colcon.colcon_core.shell:Creating package descriptor '/home/nardaiv/px4ros2_ws/install/px4_msgs/share/px4_msgs/package.dsv'
[2.112s] INFO:colcon.colcon_core.shell:Creating package script '/home/nardaiv/px4ros2_ws/install/px4_msgs/share/px4_msgs/package.sh'
[2.113s] INFO:colcon.colcon_core.shell:Creating package script '/home/nardaiv/px4ros2_ws/install/px4_msgs/share/px4_msgs/package.bash'
[2.113s] INFO:colcon.colcon_core.shell:Creating package script '/home/nardaiv/px4ros2_ws/install/px4_msgs/share/px4_msgs/package.zsh'
[2.114s] Level 1:colcon.colcon_core.environment:create_file_with_runtime_dependencies(/home/nardaiv/px4ros2_ws/install/px4_msgs/share/colcon-core/packages/px4_msgs)
[2.115s] Level 1:colcon.colcon_core.environment:create_environment_scripts_only(px4_msgs)
[2.115s] Level 1:colcon.colcon_core.environment:checking '/home/nardaiv/px4ros2_ws/install/px4_msgs' for CMake module files
[2.115s] Level 1:colcon.colcon_core.environment:checking '/home/nardaiv/px4ros2_ws/install/px4_msgs' for CMake config files
[2.116s] Level 1:colcon.colcon_core.shell:create_environment_hook('px4_msgs', 'cmake_prefix_path')
[2.116s] INFO:colcon.colcon_core.shell:Creating environment hook '/home/nardaiv/px4ros2_ws/install/px4_msgs/share/px4_msgs/hook/cmake_prefix_path.ps1'
[2.116s] INFO:colcon.colcon_core.shell:Creating environment descriptor '/home/nardaiv/px4ros2_ws/install/px4_msgs/share/px4_msgs/hook/cmake_prefix_path.dsv'
[2.116s] INFO:colcon.colcon_core.shell:Creating environment hook '/home/nardaiv/px4ros2_ws/install/px4_msgs/share/px4_msgs/hook/cmake_prefix_path.sh'
[2.117s] Level 1:colcon.colcon_core.environment:checking '/home/nardaiv/px4ros2_ws/install/px4_msgs/lib'
[2.117s] Level 1:colcon.colcon_core.shell:create_environment_hook('px4_msgs', 'ld_library_path_lib')
[2.117s] INFO:colcon.colcon_core.shell:Creating environment hook '/home/nardaiv/px4ros2_ws/install/px4_msgs/share/px4_msgs/hook/ld_library_path_lib.ps1'
[2.118s] INFO:colcon.colcon_core.shell:Creating environment descriptor '/home/nardaiv/px4ros2_ws/install/px4_msgs/share/px4_msgs/hook/ld_library_path_lib.dsv'
[2.118s] INFO:colcon.colcon_core.shell:Creating environment hook '/home/nardaiv/px4ros2_ws/install/px4_msgs/share/px4_msgs/hook/ld_library_path_lib.sh'
[2.118s] Level 1:colcon.colcon_core.environment:checking '/home/nardaiv/px4ros2_ws/install/px4_msgs/bin'
[2.118s] Level 1:colcon.colcon_core.environment:checking '/home/nardaiv/px4ros2_ws/install/px4_msgs/lib/pkgconfig/px4_msgs.pc'
[2.118s] Level 1:colcon.colcon_core.environment:checking '/home/nardaiv/px4ros2_ws/install/px4_msgs/lib/python3.10/site-packages'
[2.119s] Level 1:colcon.colcon_core.environment:checking '/home/nardaiv/px4ros2_ws/install/px4_msgs/bin'
[2.119s] INFO:colcon.colcon_core.shell:Creating package script '/home/nardaiv/px4ros2_ws/install/px4_msgs/share/px4_msgs/package.ps1'
[2.119s] INFO:colcon.colcon_core.shell:Creating package descriptor '/home/nardaiv/px4ros2_ws/install/px4_msgs/share/px4_msgs/package.dsv'
[2.120s] INFO:colcon.colcon_core.shell:Creating package script '/home/nardaiv/px4ros2_ws/install/px4_msgs/share/px4_msgs/package.sh'
[2.120s] INFO:colcon.colcon_core.shell:Creating package script '/home/nardaiv/px4ros2_ws/install/px4_msgs/share/px4_msgs/package.bash'
[2.120s] INFO:colcon.colcon_core.shell:Creating package script '/home/nardaiv/px4ros2_ws/install/px4_msgs/share/px4_msgs/package.zsh'
[2.121s] Level 1:colcon.colcon_core.environment:create_file_with_runtime_dependencies(/home/nardaiv/px4ros2_ws/install/px4_msgs/share/colcon-core/packages/px4_msgs)
[2.121s] INFO:colcon.colcon_ros.task.ament_cmake.build:Building ROS package in '/home/nardaiv/px4ros2_ws/src/px4_ros_com' with build type 'ament_cmake'
[2.122s] INFO:colcon.colcon_cmake.task.cmake.build:Building CMake package in '/home/nardaiv/px4ros2_ws/src/px4_ros_com'
[2.122s] INFO:colcon.colcon_core.shell:Skip shell extension 'powershell' for command environment: Not usable outside of PowerShell
[2.122s] DEBUG:colcon.colcon_core.shell:Skip shell extension 'dsv' for command environment
[2.182s] DEBUG:colcon.colcon_core.event_handler.log_command:Invoking command in '/home/nardaiv/px4ros2_ws/build/px4_ros_com': CMAKE_PREFIX_PATH=/home/nardaiv/px4ros2_ws/install/px4_msgs:/home/nardaiv/px4ros2_ws/install/px4_ros_com:/opt/ros/humble LD_LIBRARY_PATH=/home/nardaiv/px4ros2_ws/install/px4_msgs/lib:/home/nardaiv/px4ros2_ws/install/px4_ros_com/lib:/opt/ros/humble/opt/rviz_ogre_vendor/lib:/opt/ros/humble/lib/x86_64-linux-gnu:/opt/ros/humble/lib /usr/bin/cmake --build /home/nardaiv/px4ros2_ws/build/px4_ros_com -- -j12 -l12
[11.164s] DEBUG:colcon.colcon_core.event_handler.log_command:Invoked command in '/home/nardaiv/px4ros2_ws/build/px4_ros_com' returned '0': CMAKE_PREFIX_PATH=/home/nardaiv/px4ros2_ws/install/px4_msgs:/home/nardaiv/px4ros2_ws/install/px4_ros_com:/opt/ros/humble LD_LIBRARY_PATH=/home/nardaiv/px4ros2_ws/install/px4_msgs/lib:/home/nardaiv/px4ros2_ws/install/px4_ros_com/lib:/opt/ros/humble/opt/rviz_ogre_vendor/lib:/opt/ros/humble/lib/x86_64-linux-gnu:/opt/ros/humble/lib /usr/bin/cmake --build /home/nardaiv/px4ros2_ws/build/px4_ros_com -- -j12 -l12
[11.166s] DEBUG:colcon.colcon_core.event_handler.log_command:Invoking command in '/home/nardaiv/px4ros2_ws/build/px4_ros_com': CMAKE_PREFIX_PATH=/home/nardaiv/px4ros2_ws/install/px4_msgs:/home/nardaiv/px4ros2_ws/install/px4_ros_com:/opt/ros/humble LD_LIBRARY_PATH=/home/nardaiv/px4ros2_ws/install/px4_msgs/lib:/home/nardaiv/px4ros2_ws/install/px4_ros_com/lib:/opt/ros/humble/opt/rviz_ogre_vendor/lib:/opt/ros/humble/lib/x86_64-linux-gnu:/opt/ros/humble/lib /usr/bin/cmake --install /home/nardaiv/px4ros2_ws/build/px4_ros_com
[11.211s] Level 1:colcon.colcon_core.environment:create_environment_scripts_only(px4_ros_com)
[11.212s] Level 1:colcon.colcon_core.environment:checking '/home/nardaiv/px4ros2_ws/install/px4_ros_com' for CMake module files
[11.212s] DEBUG:colcon.colcon_core.event_handler.log_command:Invoked command in '/home/nardaiv/px4ros2_ws/build/px4_ros_com' returned '0': CMAKE_PREFIX_PATH=/home/nardaiv/px4ros2_ws/install/px4_msgs:/home/nardaiv/px4ros2_ws/install/px4_ros_com:/opt/ros/humble LD_LIBRARY_PATH=/home/nardaiv/px4ros2_ws/install/px4_msgs/lib:/home/nardaiv/px4ros2_ws/install/px4_ros_com/lib:/opt/ros/humble/opt/rviz_ogre_vendor/lib:/opt/ros/humble/lib/x86_64-linux-gnu:/opt/ros/humble/lib /usr/bin/cmake --install /home/nardaiv/px4ros2_ws/build/px4_ros_com
[11.212s] Level 1:colcon.colcon_core.environment:checking '/home/nardaiv/px4ros2_ws/install/px4_ros_com' for CMake config files
[11.213s] Level 1:colcon.colcon_core.shell:create_environment_hook('px4_ros_com', 'cmake_prefix_path')
[11.213s] INFO:colcon.colcon_core.shell:Creating environment hook '/home/nardaiv/px4ros2_ws/install/px4_ros_com/share/px4_ros_com/hook/cmake_prefix_path.ps1'
[11.213s] INFO:colcon.colcon_core.shell:Creating environment descriptor '/home/nardaiv/px4ros2_ws/install/px4_ros_com/share/px4_ros_com/hook/cmake_prefix_path.dsv'
[11.213s] INFO:colcon.colcon_core.shell:Creating environment hook '/home/nardaiv/px4ros2_ws/install/px4_ros_com/share/px4_ros_com/hook/cmake_prefix_path.sh'
[11.214s] Level 1:colcon.colcon_core.environment:checking '/home/nardaiv/px4ros2_ws/install/px4_ros_com/lib'
[11.214s] Level 1:colcon.colcon_core.shell:create_environment_hook('px4_ros_com', 'ld_library_path_lib')
[11.214s] INFO:colcon.colcon_core.shell:Creating environment hook '/home/nardaiv/px4ros2_ws/install/px4_ros_com/share/px4_ros_com/hook/ld_library_path_lib.ps1'
[11.214s] INFO:colcon.colcon_core.shell:Creating environment descriptor '/home/nardaiv/px4ros2_ws/install/px4_ros_com/share/px4_ros_com/hook/ld_library_path_lib.dsv'
[11.215s] INFO:colcon.colcon_core.shell:Creating environment hook '/home/nardaiv/px4ros2_ws/install/px4_ros_com/share/px4_ros_com/hook/ld_library_path_lib.sh'
[11.215s] Level 1:colcon.colcon_core.environment:checking '/home/nardaiv/px4ros2_ws/install/px4_ros_com/bin'
[11.215s] Level 1:colcon.colcon_core.environment:checking '/home/nardaiv/px4ros2_ws/install/px4_ros_com/lib/pkgconfig/px4_ros_com.pc'
[11.216s] Level 1:colcon.colcon_core.environment:checking '/home/nardaiv/px4ros2_ws/install/px4_ros_com/lib/python3.10/site-packages'
[11.216s] Level 1:colcon.colcon_core.environment:checking '/home/nardaiv/px4ros2_ws/install/px4_ros_com/bin'
[11.216s] INFO:colcon.colcon_core.shell:Creating package script '/home/nardaiv/px4ros2_ws/install/px4_ros_com/share/px4_ros_com/package.ps1'
[11.217s] INFO:colcon.colcon_core.shell:Creating package descriptor '/home/nardaiv/px4ros2_ws/install/px4_ros_com/share/px4_ros_com/package.dsv'
[11.217s] INFO:colcon.colcon_core.shell:Creating package script '/home/nardaiv/px4ros2_ws/install/px4_ros_com/share/px4_ros_com/package.sh'
[11.217s] INFO:colcon.colcon_core.shell:Creating package script '/home/nardaiv/px4ros2_ws/install/px4_ros_com/share/px4_ros_com/package.bash'
[11.218s] INFO:colcon.colcon_core.shell:Creating package script '/home/nardaiv/px4ros2_ws/install/px4_ros_com/share/px4_ros_com/package.zsh'
[11.218s] Level 1:colcon.colcon_core.environment:create_file_with_runtime_dependencies(/home/nardaiv/px4ros2_ws/install/px4_ros_com/share/colcon-core/packages/px4_ros_com)
[11.218s] Level 1:colcon.colcon_core.environment:create_environment_scripts_only(px4_ros_com)
[11.219s] Level 1:colcon.colcon_core.environment:checking '/home/nardaiv/px4ros2_ws/install/px4_ros_com' for CMake module files
[11.219s] Level 1:colcon.colcon_core.environment:checking '/home/nardaiv/px4ros2_ws/install/px4_ros_com' for CMake config files
[11.219s] Level 1:colcon.colcon_core.shell:create_environment_hook('px4_ros_com', 'cmake_prefix_path')
[11.219s] INFO:colcon.colcon_core.shell:Creating environment hook '/home/nardaiv/px4ros2_ws/install/px4_ros_com/share/px4_ros_com/hook/cmake_prefix_path.ps1'
[11.220s] INFO:colcon.colcon_core.shell:Creating environment descriptor '/home/nardaiv/px4ros2_ws/install/px4_ros_com/share/px4_ros_com/hook/cmake_prefix_path.dsv'
[11.220s] INFO:colcon.colcon_core.shell:Creating environment hook '/home/nardaiv/px4ros2_ws/install/px4_ros_com/share/px4_ros_com/hook/cmake_prefix_path.sh'
[11.220s] Level 1:colcon.colcon_core.environment:checking '/home/nardaiv/px4ros2_ws/install/px4_ros_com/lib'
[11.220s] Level 1:colcon.colcon_core.shell:create_environment_hook('px4_ros_com', 'ld_library_path_lib')
[11.220s] INFO:colcon.colcon_core.shell:Creating environment hook '/home/nardaiv/px4ros2_ws/install/px4_ros_com/share/px4_ros_com/hook/ld_library_path_lib.ps1'
[11.221s] INFO:colcon.colcon_core.shell:Creating environment descriptor '/home/nardaiv/px4ros2_ws/install/px4_ros_com/share/px4_ros_com/hook/ld_library_path_lib.dsv'
[11.221s] INFO:colcon.colcon_core.shell:Creating environment hook '/home/nardaiv/px4ros2_ws/install/px4_ros_com/share/px4_ros_com/hook/ld_library_path_lib.sh'
[11.221s] Level 1:colcon.colcon_core.environment:checking '/home/nardaiv/px4ros2_ws/install/px4_ros_com/bin'
[11.221s] Level 1:colcon.colcon_core.environment:checking '/home/nardaiv/px4ros2_ws/install/px4_ros_com/lib/pkgconfig/px4_ros_com.pc'
[11.222s] Level 1:colcon.colcon_core.environment:checking '/home/nardaiv/px4ros2_ws/install/px4_ros_com/lib/python3.10/site-packages'
[11.222s] Level 1:colcon.colcon_core.environment:checking '/home/nardaiv/px4ros2_ws/install/px4_ros_com/bin'
[11.222s] INFO:colcon.colcon_core.shell:Creating package script '/home/nardaiv/px4ros2_ws/install/px4_ros_com/share/px4_ros_com/package.ps1'
[11.222s] INFO:colcon.colcon_core.shell:Creating package descriptor '/home/nardaiv/px4ros2_ws/install/px4_ros_com/share/px4_ros_com/package.dsv'
[11.223s] INFO:colcon.colcon_core.shell:Creating package script '/home/nardaiv/px4ros2_ws/install/px4_ros_com/share/px4_ros_com/package.sh'
[11.223s] INFO:colcon.colcon_core.shell:Creating package script '/home/nardaiv/px4ros2_ws/install/px4_ros_com/share/px4_ros_com/package.bash'
[11.223s] INFO:colcon.colcon_core.shell:Creating package script '/home/nardaiv/px4ros2_ws/install/px4_ros_com/share/px4_ros_com/package.zsh'
[11.224s] Level 1:colcon.colcon_core.environment:create_file_with_runtime_dependencies(/home/nardaiv/px4ros2_ws/install/px4_ros_com/share/colcon-core/packages/px4_ros_com)
[11.224s] DEBUG:colcon.colcon_parallel_executor.executor.parallel:closing loop
[11.225s] DEBUG:colcon.colcon_parallel_executor.executor.parallel:loop closed
[11.225s] DEBUG:colcon.colcon_parallel_executor.executor.parallel:run_until_complete finished with '0'
[11.225s] DEBUG:colcon.colcon_core.event_reactor:joining thread
[11.251s] INFO:colcon.colcon_core.plugin_system:Skipping extension 'colcon_notification.desktop_notification.notify_send': Could not find 'notify-send'
[11.251s] INFO:colcon.colcon_core.plugin_system:Skipping extension 'colcon_notification.desktop_notification.terminal_notifier': Not used on non-Darwin systems
[11.251s] INFO:colcon.colcon_core.plugin_system:Skipping extension 'colcon_notification.desktop_notification.win32': Not used on non-Windows systems
[11.251s] INFO:colcon.colcon_notification.desktop_notification:Sending desktop notification using 'notify2'
[11.252s] DEBUG:colcon.colcon_notification.desktop_notification.notify2:Failed to initialize notify2: org.freedesktop.DBus.Error.FileNotFound: Failed to connect to socket /run/user/1000/bus: No such file or directory
[11.252s] DEBUG:colcon.colcon_core.event_reactor:joined thread
[11.252s] INFO:colcon.colcon_core.shell:Creating prefix script '/home/nardaiv/px4ros2_ws/install/local_setup.ps1'
[11.253s] INFO:colcon.colcon_core.shell:Creating prefix util module '/home/nardaiv/px4ros2_ws/install/_local_setup_util_ps1.py'
[11.254s] INFO:colcon.colcon_core.shell:Creating prefix chain script '/home/nardaiv/px4ros2_ws/install/setup.ps1'
[11.256s] INFO:colcon.colcon_core.shell:Creating prefix script '/home/nardaiv/px4ros2_ws/install/local_setup.sh'
[11.256s] INFO:colcon.colcon_core.shell:Creating prefix util module '/home/nardaiv/px4ros2_ws/install/_local_setup_util_sh.py'
[11.257s] INFO:colcon.colcon_core.shell:Creating prefix chain script '/home/nardaiv/px4ros2_ws/install/setup.sh'
[11.258s] INFO:colcon.colcon_core.shell:Creating prefix script '/home/nardaiv/px4ros2_ws/install/local_setup.bash'
[11.258s] INFO:colcon.colcon_core.shell:Creating prefix chain script '/home/nardaiv/px4ros2_ws/install/setup.bash'
[11.259s] INFO:colcon.colcon_core.shell:Creating prefix script '/home/nardaiv/px4ros2_ws/install/local_setup.zsh'
[11.260s] INFO:colcon.colcon_core.shell:Creating prefix chain script '/home/nardaiv/px4ros2_ws/install/setup.zsh'
