[0.051s] Invoking command in '/home/nardaiv/px4ros2_ws/build/px4_ros_com': CMAKE_PREFIX_PATH=/home/nardaiv/px4ros2_ws/install/px4_msgs:/home/nardaiv/px4ros2_ws/install/px4_ros_com:/opt/ros/humble LD_LIBRARY_PATH=/home/nardaiv/px4ros2_ws/install/px4_msgs/lib:/home/nardaiv/px4ros2_ws/install/px4_ros_com/lib:/opt/ros/humble/opt/rviz_ogre_vendor/lib:/opt/ros/humble/lib/x86_64-linux-gnu:/opt/ros/humble/lib /usr/bin/cmake --build /home/nardaiv/px4ros2_ws/build/px4_ros_com -- -j12 -l12
[0.103s] [ 58%] Built target offboard_control_srv
[0.103s] [ 58%] Built target vehicle_gps_position_listener
[0.104s] [ 58%] Built target sensor_combined_listener
[0.104s] [ 66%] Built target frame_transforms
[0.104s] [ 83%] Built target debug_vect_advertiser
[0.110s] [ 83%] Built target ament_cmake_python_copy_px4_ros_com
[0.118s] [35m[1mConsolidate compiler generated dependencies of target offboard_control[0m
[0.139s] [ 91%] [32mBuilding CXX object CMakeFiles/offboard_control.dir/src/examples/offboard/offboard_control.cpp.o[0m
[0.350s] running egg_info
[0.350s] writing px4_ros_com.egg-info/PKG-INFO
[0.351s] writing dependency_links to px4_ros_com.egg-info/dependency_links.txt
[0.351s] writing top-level names to px4_ros_com.egg-info/top_level.txt
[0.353s] reading manifest file 'px4_ros_com.egg-info/SOURCES.txt'
[0.354s] writing manifest file 'px4_ros_com.egg-info/SOURCES.txt'
[0.399s] [ 91%] Built target ament_cmake_python_build_px4_ros_com_egg
[14.671s] [100%] [32m[1mLinking CXX executable offboard_control[0m
[15.370s] [100%] Built target offboard_control
[15.384s] Invoked command in '/home/nardaiv/px4ros2_ws/build/px4_ros_com' returned '0': CMAKE_PREFIX_PATH=/home/nardaiv/px4ros2_ws/install/px4_msgs:/home/nardaiv/px4ros2_ws/install/px4_ros_com:/opt/ros/humble LD_LIBRARY_PATH=/home/nardaiv/px4ros2_ws/install/px4_msgs/lib:/home/nardaiv/px4ros2_ws/install/px4_ros_com/lib:/opt/ros/humble/opt/rviz_ogre_vendor/lib:/opt/ros/humble/lib/x86_64-linux-gnu:/opt/ros/humble/lib /usr/bin/cmake --build /home/nardaiv/px4ros2_ws/build/px4_ros_com -- -j12 -l12
[15.385s] Invoking command in '/home/nardaiv/px4ros2_ws/build/px4_ros_com': CMAKE_PREFIX_PATH=/home/nardaiv/px4ros2_ws/install/px4_msgs:/home/nardaiv/px4ros2_ws/install/px4_ros_com:/opt/ros/humble LD_LIBRARY_PATH=/home/nardaiv/px4ros2_ws/install/px4_msgs/lib:/home/nardaiv/px4ros2_ws/install/px4_ros_com/lib:/opt/ros/humble/opt/rviz_ogre_vendor/lib:/opt/ros/humble/lib/x86_64-linux-gnu:/opt/ros/humble/lib /usr/bin/cmake --install /home/nardaiv/px4ros2_ws/build/px4_ros_com
[15.392s] -- Install configuration: ""
[15.392s] -- Up-to-date: /home/nardaiv/px4ros2_ws/install/px4_ros_com/lib/px4_ros_com/sensor_combined_listener
[15.393s] -- Up-to-date: /home/nardaiv/px4ros2_ws/install/px4_ros_com/lib/px4_ros_com/vehicle_gps_position_listener
[15.393s] -- Up-to-date: /home/nardaiv/px4ros2_ws/install/px4_ros_com/lib/px4_ros_com/debug_vect_advertiser
[15.393s] -- Installing: /home/nardaiv/px4ros2_ws/install/px4_ros_com/lib/px4_ros_com/offboard_control
[15.399s] -- Set runtime path of "/home/nardaiv/px4ros2_ws/install/px4_ros_com/lib/px4_ros_com/offboard_control" to ""
[15.399s] -- Up-to-date: /home/nardaiv/px4ros2_ws/install/px4_ros_com/lib/px4_ros_com/offboard_control_srv
[15.400s] -- Up-to-date: /home/nardaiv/px4ros2_ws/install/px4_ros_com/share/px4_ros_com/environment/library_path.sh
[15.400s] -- Up-to-date: /home/nardaiv/px4ros2_ws/install/px4_ros_com/share/px4_ros_com/environment/library_path.dsv
[15.400s] -- Up-to-date: /home/nardaiv/px4ros2_ws/install/px4_ros_com/include/px4_ros_com
[15.400s] -- Up-to-date: /home/nardaiv/px4ros2_ws/install/px4_ros_com/include/px4_ros_com/frame_transforms.h
[15.400s] -- Up-to-date: /home/nardaiv/px4ros2_ws/install/px4_ros_com/lib/libframe_transforms.so
[15.400s] -- Up-to-date: /home/nardaiv/px4ros2_ws/install/px4_ros_com/share/px4_ros_com//launch
[15.401s] -- Up-to-date: /home/nardaiv/px4ros2_ws/install/px4_ros_com/share/px4_ros_com//launch/sensor_combined_listener.launch.py
[15.401s] -- Up-to-date: /home/nardaiv/px4ros2_ws/install/px4_ros_com/share/px4_ros_com//launch/offboard_control_launch.yaml
[15.401s] -- Up-to-date: /home/nardaiv/px4ros2_ws/install/px4_ros_com/share/px4_ros_com//test
[15.401s] -- Up-to-date: /home/nardaiv/px4ros2_ws/install/px4_ros_com/share/px4_ros_com//test/test_output.py
[15.401s] -- Up-to-date: /home/nardaiv/px4ros2_ws/install/px4_ros_com/share/px4_ros_com//test/test_input.py
[15.401s] -- Up-to-date: /home/nardaiv/px4ros2_ws/install/px4_ros_com/share/px4_ros_com//test/pipeline_io_test.py
[15.401s] -- Up-to-date: /home/nardaiv/px4ros2_ws/install/px4_ros_com/share/px4_ros_com//test/__init__.py
[15.401s] -- Up-to-date: /home/nardaiv/px4ros2_ws/install/px4_ros_com/share/px4_ros_com/environment/pythonpath.sh
[15.401s] -- Up-to-date: /home/nardaiv/px4ros2_ws/install/px4_ros_com/share/px4_ros_com/environment/pythonpath.dsv
[15.401s] -- Up-to-date: /home/nardaiv/px4ros2_ws/install/px4_ros_com/local/lib/python3.10/dist-packages/px4_ros_com-0.1.0-py3.10.egg-info
[15.402s] -- Installing: /home/nardaiv/px4ros2_ws/install/px4_ros_com/local/lib/python3.10/dist-packages/px4_ros_com-0.1.0-py3.10.egg-info/top_level.txt
[15.402s] -- Installing: /home/nardaiv/px4ros2_ws/install/px4_ros_com/local/lib/python3.10/dist-packages/px4_ros_com-0.1.0-py3.10.egg-info/SOURCES.txt
[15.402s] -- Installing: /home/nardaiv/px4ros2_ws/install/px4_ros_com/local/lib/python3.10/dist-packages/px4_ros_com-0.1.0-py3.10.egg-info/dependency_links.txt
[15.402s] -- Installing: /home/nardaiv/px4ros2_ws/install/px4_ros_com/local/lib/python3.10/dist-packages/px4_ros_com-0.1.0-py3.10.egg-info/PKG-INFO
[15.402s] -- Up-to-date: /home/nardaiv/px4ros2_ws/install/px4_ros_com/local/lib/python3.10/dist-packages/px4_ros_com
[15.402s] -- Up-to-date: /home/nardaiv/px4ros2_ws/install/px4_ros_com/local/lib/python3.10/dist-packages/px4_ros_com/module_to_import.py
[15.402s] -- Up-to-date: /home/nardaiv/px4ros2_ws/install/px4_ros_com/local/lib/python3.10/dist-packages/px4_ros_com/__init__.py
[15.431s] Listing '/home/nardaiv/px4ros2_ws/install/px4_ros_com/local/lib/python3.10/dist-packages/px4_ros_com'...
[15.437s] -- Up-to-date: /home/nardaiv/px4ros2_ws/install/px4_ros_com/lib/px4_ros_com/offboard_control.py
[15.437s] -- Up-to-date: /home/nardaiv/px4ros2_ws/install/px4_ros_com/share/ament_index/resource_index/package_run_dependencies/px4_ros_com
[15.438s] -- Up-to-date: /home/nardaiv/px4ros2_ws/install/px4_ros_com/share/ament_index/resource_index/parent_prefix_path/px4_ros_com
[15.438s] -- Up-to-date: /home/nardaiv/px4ros2_ws/install/px4_ros_com/share/px4_ros_com/environment/ament_prefix_path.sh
[15.438s] -- Up-to-date: /home/nardaiv/px4ros2_ws/install/px4_ros_com/share/px4_ros_com/environment/ament_prefix_path.dsv
[15.438s] -- Up-to-date: /home/nardaiv/px4ros2_ws/install/px4_ros_com/share/px4_ros_com/environment/path.sh
[15.438s] -- Up-to-date: /home/nardaiv/px4ros2_ws/install/px4_ros_com/share/px4_ros_com/environment/path.dsv
[15.438s] -- Up-to-date: /home/nardaiv/px4ros2_ws/install/px4_ros_com/share/px4_ros_com/local_setup.bash
[15.438s] -- Up-to-date: /home/nardaiv/px4ros2_ws/install/px4_ros_com/share/px4_ros_com/local_setup.sh
[15.438s] -- Up-to-date: /home/nardaiv/px4ros2_ws/install/px4_ros_com/share/px4_ros_com/local_setup.zsh
[15.438s] -- Up-to-date: /home/nardaiv/px4ros2_ws/install/px4_ros_com/share/px4_ros_com/local_setup.dsv
[15.439s] -- Installing: /home/nardaiv/px4ros2_ws/install/px4_ros_com/share/px4_ros_com/package.dsv
[15.439s] -- Up-to-date: /home/nardaiv/px4ros2_ws/install/px4_ros_com/share/ament_index/resource_index/packages/px4_ros_com
[15.439s] -- Up-to-date: /home/nardaiv/px4ros2_ws/install/px4_ros_com/share/px4_ros_com/cmake/export_frame_transformsExport.cmake
[15.439s] -- Up-to-date: /home/nardaiv/px4ros2_ws/install/px4_ros_com/share/px4_ros_com/cmake/export_frame_transformsExport-noconfig.cmake
[15.439s] -- Up-to-date: /home/nardaiv/px4ros2_ws/install/px4_ros_com/share/px4_ros_com/cmake/ament_cmake_export_dependencies-extras.cmake
[15.439s] -- Up-to-date: /home/nardaiv/px4ros2_ws/install/px4_ros_com/share/px4_ros_com/cmake/ament_cmake_export_targets-extras.cmake
[15.439s] -- Up-to-date: /home/nardaiv/px4ros2_ws/install/px4_ros_com/share/px4_ros_com/cmake/ament_cmake_export_include_directories-extras.cmake
[15.439s] -- Up-to-date: /home/nardaiv/px4ros2_ws/install/px4_ros_com/share/px4_ros_com/cmake/ament_cmake_export_libraries-extras.cmake
[15.439s] -- Up-to-date: /home/nardaiv/px4ros2_ws/install/px4_ros_com/share/px4_ros_com/cmake/px4_ros_comConfig.cmake
[15.439s] -- Up-to-date: /home/nardaiv/px4ros2_ws/install/px4_ros_com/share/px4_ros_com/cmake/px4_ros_comConfig-version.cmake
[15.439s] -- Up-to-date: /home/nardaiv/px4ros2_ws/install/px4_ros_com/share/px4_ros_com/package.xml
[15.441s] Invoked command in '/home/nardaiv/px4ros2_ws/build/px4_ros_com' returned '0': CMAKE_PREFIX_PATH=/home/nardaiv/px4ros2_ws/install/px4_msgs:/home/nardaiv/px4ros2_ws/install/px4_ros_com:/opt/ros/humble LD_LIBRARY_PATH=/home/nardaiv/px4ros2_ws/install/px4_msgs/lib:/home/nardaiv/px4ros2_ws/install/px4_ros_com/lib:/opt/ros/humble/opt/rviz_ogre_vendor/lib:/opt/ros/humble/lib/x86_64-linux-gnu:/opt/ros/humble/lib /usr/bin/cmake --install /home/nardaiv/px4ros2_ws/build/px4_ros_com
