[0.058s] Invoking command in '/home/nardaiv/px4ros2_ws/build/px4_ros_com': CMAKE_PREFIX_PATH=/home/nardaiv/px4ros2_ws/install/px4_msgs:/home/nardaiv/px4ros2_ws/install/px4_ros_com:/opt/ros/humble LD_LIBRARY_PATH=/home/nardaiv/px4ros2_ws/install/px4_msgs/lib:/home/nardaiv/px4ros2_ws/install/px4_ros_com/lib:/opt/ros/humble/opt/rviz_ogre_vendor/lib:/opt/ros/humble/lib/x86_64-linux-gnu:/opt/ros/humble/lib /usr/bin/cmake --build /home/nardaiv/px4ros2_ws/build/px4_ros_com -- -j12 -l12
[0.095s] [35m[1mConsolidate compiler generated dependencies of target offboard_control[0m
[0.108s] [ 16%] Built target frame_transforms
[0.109s] [ 33%] Built target vehicle_gps_position_listener
[0.114s] [ 33%] Built target ament_cmake_python_copy_px4_ros_com
[0.114s] [ 66%] Built target offboard_control_srv
[0.114s] [ 66%] Built target debug_vect_advertiser
[0.119s] [ 91%] [32mBuilding CXX object CMakeFiles/offboard_control.dir/src/examples/offboard/offboard_control.cpp.o[0m
[0.119s] [ 91%] Built target sensor_combined_listener
[0.329s] running egg_info
[0.330s] writing px4_ros_com.egg-info/PKG-INFO
[0.331s] writing dependency_links to px4_ros_com.egg-info/dependency_links.txt
[0.331s] writing top-level names to px4_ros_com.egg-info/top_level.txt
[0.333s] reading manifest file 'px4_ros_com.egg-info/SOURCES.txt'
[0.334s] writing manifest file 'px4_ros_com.egg-info/SOURCES.txt'
[0.371s] [ 91%] Built target ament_cmake_python_build_px4_ros_com_egg
[2.954s] [01m[K/home/nardaiv/px4ros2_ws/src/px4_ros_com/src/examples/offboard/offboard_control.cpp:[m[K In constructor ‘[01m[KOffboardControl::OffboardControl()[m[K’:
[2.954s] [01m[K/home/nardaiv/px4ros2_ws/src/px4_ros_com/src/examples/offboard/offboard_control.cpp:101:18:[m[K [01;31m[Kerror: [m[Kno match for ‘[01m[Koperator=[m[K’ (operand types are ‘[01m[Krclcpp::Subscription<px4_msgs::msg::VehicleLocalPosition_<std::allocator<void> > >::SharedPtr[m[K’ {aka ‘[01m[Kstd::shared_ptr<rclcpp::Subscription<px4_msgs::msg::VehicleLocalPosition_<std::allocator<void> > > >[m[K’} and ‘[01m[Kstd::shared_ptr<rclcpp::Subscription<px4_msgs::msg::VehicleOdometry_<std::allocator<void> >, std::allocator<void>, px4_msgs::msg::VehicleOdometry_<std::allocator<void> >, px4_msgs::msg::VehicleOdometry_<std::allocator<void> >, rclcpp::message_memory_strategy::MessageMemoryStrategy<px4_msgs::msg::VehicleOdometry_<std::allocator<void> >, std::allocator<void> > > >[m[K’)
[2.954s]   101 |                 }[01;31m[K)[m[K;
[2.954s]       |                  [01;31m[K^[m[K
[2.954s] In file included from [01m[K/usr/include/c++/11/memory:77[m[K,
[2.954s]                  from [01m[K/home/nardaiv/px4ros2_ws/install/px4_msgs/include/px4_msgs/px4_msgs/msg/detail/offboard_control_mode__struct.hpp:10[m[K,
[2.954s]                  from [01m[K/home/nardaiv/px4ros2_ws/install/px4_msgs/include/px4_msgs/px4_msgs/msg/offboard_control_mode.hpp:7[m[K,
[2.954s]                  from [01m[K/home/nardaiv/px4ros2_ws/src/px4_ros_com/src/examples/offboard/offboard_control.cpp:41[m[K:
[2.954s] [01m[K/usr/include/c++/11/bits/shared_ptr.h:363:9:[m[K [01;36m[Knote: [m[Kcandidate: ‘[01m[Ktemplate<class _Yp> std::shared_ptr<_Tp>::_Assignable<const std::shared_ptr<_Yp>&> std::shared_ptr<_Tp>::operator=(const std::shared_ptr<_Yp>&) [with _Yp = _Yp; _Tp = rclcpp::Subscription<px4_msgs::msg::VehicleLocalPosition_<std::allocator<void> > >][m[K’
[2.954s]   363 |         [01;36m[Koperator[m[K=(const shared_ptr<_Yp>& __r) noexcept
[2.954s]       |         [01;36m[K^~~~~~~~[m[K
[2.954s] [01m[K/usr/include/c++/11/bits/shared_ptr.h:363:9:[m[K [01;36m[Knote: [m[K  template argument deduction/substitution failed:
[2.954s] /usr/include/c++/11/bits/shared_ptr.h: In substitution of ‘[01m[Ktemplate<class _Tp> template<class _Arg> using _Assignable = typename std::enable_if<std::is_assignable<std::__shared_ptr<_Tp>&, _Arg>::value, std::shared_ptr<_Tp>&>::type [with _Arg = const std::shared_ptr<rclcpp::Subscription<px4_msgs::msg::VehicleOdometry_<std::allocator<void> >, std::allocator<void>, px4_msgs::msg::VehicleOdometry_<std::allocator<void> >, px4_msgs::msg::VehicleOdometry_<std::allocator<void> >, rclcpp::message_memory_strategy::MessageMemoryStrategy<px4_msgs::msg::VehicleOdometry_<std::allocator<void> >, std::allocator<void> > > >&; _Tp = rclcpp::Subscription<px4_msgs::msg::VehicleLocalPosition_<std::allocator<void> > >][m[K’:
[2.955s] [01m[K/usr/include/c++/11/bits/shared_ptr.h:363:2:[m[K   required by substitution of ‘[01m[Ktemplate<class _Yp> std::shared_ptr<rclcpp::Subscription<px4_msgs::msg::VehicleLocalPosition_<std::allocator<void> > > >::_Assignable<const std::shared_ptr<_Tp>&> std::shared_ptr<rclcpp::Subscription<px4_msgs::msg::VehicleLocalPosition_<std::allocator<void> > > >::operator=<_Yp>(const std::shared_ptr<_Tp>&) [with _Yp = rclcpp::Subscription<px4_msgs::msg::VehicleOdometry_<std::allocator<void> >, std::allocator<void>, px4_msgs::msg::VehicleOdometry_<std::allocator<void> >, px4_msgs::msg::VehicleOdometry_<std::allocator<void> >, rclcpp::message_memory_strategy::MessageMemoryStrategy<px4_msgs::msg::VehicleOdometry_<std::allocator<void> >, std::allocator<void> > >][m[K’
[2.955s] [01m[K/home/nardaiv/px4ros2_ws/src/px4_ros_com/src/examples/offboard/offboard_control.cpp:101:4:[m[K   required from here
[2.955s] [01m[K/usr/include/c++/11/bits/shared_ptr.h:130:15:[m[K [01;31m[Kerror: [m[Kno type named ‘[01m[Ktype[m[K’ in ‘[01m[Kstruct std::enable_if<false, std::shared_ptr<rclcpp::Subscription<px4_msgs::msg::VehicleLocalPosition_<std::allocator<void> > > >&>[m[K’
[2.955s]   130 |         using [01;31m[K_Assignable[m[K = typename enable_if<
[2.955s]       |               [01;31m[K^~~~~~~~~~~[m[K
[2.955s] [01m[K/usr/include/c++/11/bits/shared_ptr.h:374:9:[m[K [01;36m[Knote: [m[Kcandidate: ‘[01m[Ktemplate<class _Yp> std::shared_ptr<_Tp>::_Assignable<std::auto_ptr<_Up> > std::shared_ptr<_Tp>::operator=(std::auto_ptr<_Up>&&) [with _Yp = _Yp; _Tp = rclcpp::Subscription<px4_msgs::msg::VehicleLocalPosition_<std::allocator<void> > >][m[K’
[2.955s]   374 |         [01;36m[Koperator[m[K=(auto_ptr<_Yp>&& __r)
[2.955s]       |         [01;36m[K^~~~~~~~[m[K
[2.955s] [01m[K/usr/include/c++/11/bits/shared_ptr.h:374:9:[m[K [01;36m[Knote: [m[K  template argument deduction/substitution failed:
[2.955s] [01m[K/home/nardaiv/px4ros2_ws/src/px4_ros_com/src/examples/offboard/offboard_control.cpp:101:18:[m[K [01;36m[Knote: [m[K  ‘[01m[Kstd::shared_ptr<rclcpp::Subscription<px4_msgs::msg::VehicleOdometry_<std::allocator<void> >, std::allocator<void>, px4_msgs::msg::VehicleOdometry_<std::allocator<void> >, px4_msgs::msg::VehicleOdometry_<std::allocator<void> >, rclcpp::message_memory_strategy::MessageMemoryStrategy<px4_msgs::msg::VehicleOdometry_<std::allocator<void> >, std::allocator<void> > > >[m[K’ is not derived from ‘[01m[Kstd::auto_ptr<_Up>[m[K’
[2.955s]   101 |                 }[01;36m[K)[m[K;
[2.955s]       |                  [01;36m[K^[m[K
[2.955s] In file included from [01m[K/usr/include/c++/11/memory:77[m[K,
[2.955s]                  from [01m[K/home/nardaiv/px4ros2_ws/install/px4_msgs/include/px4_msgs/px4_msgs/msg/detail/offboard_control_mode__struct.hpp:10[m[K,
[2.955s]                  from [01m[K/home/nardaiv/px4ros2_ws/install/px4_msgs/include/px4_msgs/px4_msgs/msg/offboard_control_mode.hpp:7[m[K,
[2.955s]                  from [01m[K/home/nardaiv/px4ros2_ws/src/px4_ros_com/src/examples/offboard/offboard_control.cpp:41[m[K:
[2.955s] [01m[K/usr/include/c++/11/bits/shared_ptr.h:391:9:[m[K [01;36m[Knote: [m[Kcandidate: ‘[01m[Ktemplate<class _Yp> std::shared_ptr<_Tp>::_Assignable<std::shared_ptr<_Yp> > std::shared_ptr<_Tp>::operator=(std::shared_ptr<_Yp>&&) [with _Yp = _Yp; _Tp = rclcpp::Subscription<px4_msgs::msg::VehicleLocalPosition_<std::allocator<void> > >][m[K’
[2.955s]   391 |         [01;36m[Koperator[m[K=(shared_ptr<_Yp>&& __r) noexcept
[2.956s]       |         [01;36m[K^~~~~~~~[m[K
[2.956s] [01m[K/usr/include/c++/11/bits/shared_ptr.h:391:9:[m[K [01;36m[Knote: [m[K  template argument deduction/substitution failed:
[2.956s] /usr/include/c++/11/bits/shared_ptr.h: In substitution of ‘[01m[Ktemplate<class _Tp> template<class _Arg> using _Assignable = typename std::enable_if<std::is_assignable<std::__shared_ptr<_Tp>&, _Arg>::value, std::shared_ptr<_Tp>&>::type [with _Arg = std::shared_ptr<rclcpp::Subscription<px4_msgs::msg::VehicleOdometry_<std::allocator<void> >, std::allocator<void>, px4_msgs::msg::VehicleOdometry_<std::allocator<void> >, px4_msgs::msg::VehicleOdometry_<std::allocator<void> >, rclcpp::message_memory_strategy::MessageMemoryStrategy<px4_msgs::msg::VehicleOdometry_<std::allocator<void> >, std::allocator<void> > > >; _Tp = rclcpp::Subscription<px4_msgs::msg::VehicleLocalPosition_<std::allocator<void> > >][m[K’:
[2.956s] [01m[K/usr/include/c++/11/bits/shared_ptr.h:391:2:[m[K   required by substitution of ‘[01m[Ktemplate<class _Yp> std::shared_ptr<rclcpp::Subscription<px4_msgs::msg::VehicleLocalPosition_<std::allocator<void> > > >::_Assignable<std::shared_ptr<_Tp> > std::shared_ptr<rclcpp::Subscription<px4_msgs::msg::VehicleLocalPosition_<std::allocator<void> > > >::operator=<_Yp>(std::shared_ptr<_Tp>&&) [with _Yp = rclcpp::Subscription<px4_msgs::msg::VehicleOdometry_<std::allocator<void> >, std::allocator<void>, px4_msgs::msg::VehicleOdometry_<std::allocator<void> >, px4_msgs::msg::VehicleOdometry_<std::allocator<void> >, rclcpp::message_memory_strategy::MessageMemoryStrategy<px4_msgs::msg::VehicleOdometry_<std::allocator<void> >, std::allocator<void> > >][m[K’
[2.956s] [01m[K/home/nardaiv/px4ros2_ws/src/px4_ros_com/src/examples/offboard/offboard_control.cpp:101:4:[m[K   required from here
[2.956s] [01m[K/usr/include/c++/11/bits/shared_ptr.h:130:15:[m[K [01;31m[Kerror: [m[Kno type named ‘[01m[Ktype[m[K’ in ‘[01m[Kstruct std::enable_if<false, std::shared_ptr<rclcpp::Subscription<px4_msgs::msg::VehicleLocalPosition_<std::allocator<void> > > >&>[m[K’
[2.956s]   130 |         using [01;31m[K_Assignable[m[K = typename enable_if<
[2.956s]       |               [01;31m[K^~~~~~~~~~~[m[K
[2.956s] [01m[K/usr/include/c++/11/bits/shared_ptr.h:399:9:[m[K [01;36m[Knote: [m[Kcandidate: ‘[01m[Ktemplate<class _Yp, class _Del> std::shared_ptr<_Tp>::_Assignable<std::unique_ptr<_Up, _Ep> > std::shared_ptr<_Tp>::operator=(std::unique_ptr<_Up, _Ep>&&) [with _Yp = _Yp; _Del = _Del; _Tp = rclcpp::Subscription<px4_msgs::msg::VehicleLocalPosition_<std::allocator<void> > >][m[K’
[2.956s]   399 |         [01;36m[Koperator[m[K=(unique_ptr<_Yp, _Del>&& __r)
[2.956s]       |         [01;36m[K^~~~~~~~[m[K
[2.956s] [01m[K/usr/include/c++/11/bits/shared_ptr.h:399:9:[m[K [01;36m[Knote: [m[K  template argument deduction/substitution failed:
[2.956s] [01m[K/home/nardaiv/px4ros2_ws/src/px4_ros_com/src/examples/offboard/offboard_control.cpp:101:18:[m[K [01;36m[Knote: [m[K  ‘[01m[Kstd::shared_ptr<rclcpp::Subscription<px4_msgs::msg::VehicleOdometry_<std::allocator<void> >, std::allocator<void>, px4_msgs::msg::VehicleOdometry_<std::allocator<void> >, px4_msgs::msg::VehicleOdometry_<std::allocator<void> >, rclcpp::message_memory_strategy::MessageMemoryStrategy<px4_msgs::msg::VehicleOdometry_<std::allocator<void> >, std::allocator<void> > > >[m[K’ is not derived from ‘[01m[Kstd::unique_ptr<_Tp, _Dp>[m[K’
[2.956s]   101 |                 }[01;36m[K)[m[K;
[2.956s]       |                  [01;36m[K^[m[K
[2.956s] In file included from [01m[K/usr/include/c++/11/memory:77[m[K,
[2.957s]                  from [01m[K/home/nardaiv/px4ros2_ws/install/px4_msgs/include/px4_msgs/px4_msgs/msg/detail/offboard_control_mode__struct.hpp:10[m[K,
[2.957s]                  from [01m[K/home/nardaiv/px4ros2_ws/install/px4_msgs/include/px4_msgs/px4_msgs/msg/offboard_control_mode.hpp:7[m[K,
[2.957s]                  from [01m[K/home/nardaiv/px4ros2_ws/src/px4_ros_com/src/examples/offboard/offboard_control.cpp:41[m[K:
[2.957s] [01m[K/usr/include/c++/11/bits/shared_ptr.h:359:19:[m[K [01;36m[Knote: [m[Kcandidate: ‘[01m[Kstd::shared_ptr<_Tp>& std::shared_ptr<_Tp>::operator=(const std::shared_ptr<_Tp>&) [with _Tp = rclcpp::Subscription<px4_msgs::msg::VehicleLocalPosition_<std::allocator<void> > >][m[K’
[2.957s]   359 |       shared_ptr& [01;36m[Koperator[m[K=(const shared_ptr&) noexcept = default;
[2.957s]       |                   [01;36m[K^~~~~~~~[m[K
[2.957s] [01m[K/usr/include/c++/11/bits/shared_ptr.h:359:29:[m[K [01;36m[Knote: [m[K  no known conversion for argument 1 from ‘[01m[Kstd::shared_ptr<rclcpp::Subscription<px4_msgs::msg::VehicleOdometry_<std::allocator<void> >, std::allocator<void>, px4_msgs::msg::VehicleOdometry_<std::allocator<void> >, px4_msgs::msg::VehicleOdometry_<std::allocator<void> >, rclcpp::message_memory_strategy::MessageMemoryStrategy<px4_msgs::msg::VehicleOdometry_<std::allocator<void> >, std::allocator<void> > > >[m[K’ to ‘[01m[Kconst std::shared_ptr<rclcpp::Subscription<px4_msgs::msg::VehicleLocalPosition_<std::allocator<void> > > >&[m[K’
[2.957s]   359 |       shared_ptr& operator=([01;36m[Kconst shared_ptr&[m[K) noexcept = default;
[2.957s]       |                             [01;36m[K^~~~~~~~~~~~~~~~~[m[K
[2.957s] [01m[K/usr/include/c++/11/bits/shared_ptr.h:383:7:[m[K [01;36m[Knote: [m[Kcandidate: ‘[01m[Kstd::shared_ptr<_Tp>& std::shared_ptr<_Tp>::operator=(std::shared_ptr<_Tp>&&) [with _Tp = rclcpp::Subscription<px4_msgs::msg::VehicleLocalPosition_<std::allocator<void> > >][m[K’
[2.957s]   383 |       [01;36m[Koperator[m[K=(shared_ptr&& __r) noexcept
[2.957s]       |       [01;36m[K^~~~~~~~[m[K
[2.957s] [01m[K/usr/include/c++/11/bits/shared_ptr.h:383:30:[m[K [01;36m[Knote: [m[K  no known conversion for argument 1 from ‘[01m[Kstd::shared_ptr<rclcpp::Subscription<px4_msgs::msg::VehicleOdometry_<std::allocator<void> >, std::allocator<void>, px4_msgs::msg::VehicleOdometry_<std::allocator<void> >, px4_msgs::msg::VehicleOdometry_<std::allocator<void> >, rclcpp::message_memory_strategy::MessageMemoryStrategy<px4_msgs::msg::VehicleOdometry_<std::allocator<void> >, std::allocator<void> > > >[m[K’ to ‘[01m[Kstd::shared_ptr<rclcpp::Subscription<px4_msgs::msg::VehicleLocalPosition_<std::allocator<void> > > >&&[m[K’
[2.957s]   383 |       operator=([01;36m[Kshared_ptr&& __r[m[K) noexcept
[2.957s]       |                 [01;36m[K~~~~~~~~~~~~~^~~[m[K
[6.217s] gmake[2]: *** [CMakeFiles/offboard_control.dir/build.make:76: CMakeFiles/offboard_control.dir/src/examples/offboard/offboard_control.cpp.o] Error 1
[6.217s] gmake[1]: *** [CMakeFiles/Makefile2:254: CMakeFiles/offboard_control.dir/all] Error 2
[6.218s] gmake: *** [Makefile:146: all] Error 2
[6.220s] Invoked command in '/home/nardaiv/px4ros2_ws/build/px4_ros_com' returned '2': CMAKE_PREFIX_PATH=/home/nardaiv/px4ros2_ws/install/px4_msgs:/home/nardaiv/px4ros2_ws/install/px4_ros_com:/opt/ros/humble LD_LIBRARY_PATH=/home/nardaiv/px4ros2_ws/install/px4_msgs/lib:/home/nardaiv/px4ros2_ws/install/px4_ros_com/lib:/opt/ros/humble/opt/rviz_ogre_vendor/lib:/opt/ros/humble/lib/x86_64-linux-gnu:/opt/ros/humble/lib /usr/bin/cmake --build /home/nardaiv/px4ros2_ws/build/px4_ros_com -- -j12 -l12
