[0.200s] DEBUG:colcon:Command line arguments: ['/usr/bin/colcon', 'build']
[0.200s] DEBUG:colcon:Parsed command line arguments: Namespace(log_base=None, log_level=None, verb_name='build', build_base='build', install_base='install', merge_install=False, symlink_install=False, test_result_base=None, continue_on_error=False, executor='parallel', parallel_workers=12, event_handlers=None, ignore_user_meta=False, metas=['./colcon.meta'], base_paths=['.'], packages_ignore=None, packages_ignore_regex=None, paths=None, packages_up_to=None, packages_up_to_regex=None, packages_above=None, packages_above_and_dependencies=None, packages_above_depth=None, packages_select_by_dep=None, packages_skip_by_dep=None, packages_skip_up_to=None, packages_select_build_failed=False, packages_skip_build_finished=False, packages_select_test_failures=False, packages_skip_test_passed=False, packages_select=None, packages_skip=None, packages_select_regex=None, packages_skip_regex=None, packages_start=None, packages_end=None, allow_overriding=[], cmake_args=None, cmake_target=None, cmake_target_skip_unavailable=False, cmake_clean_cache=False, cmake_clean_first=False, cmake_force_configure=False, ament_cmake_args=None, catkin_cmake_args=None, catkin_skip_building_tests=False, mixin_files=None, mixin=None, verb_parser=<colcon_mixin.mixin.mixin_argument.MixinArgumentDecorator object at 0x7f5f6af5e380>, verb_extension=<colcon_core.verb.build.BuildVerb object at 0x7f5f6af5ddb0>, main=<bound method BuildVerb.main of <colcon_core.verb.build.BuildVerb object at 0x7f5f6af5ddb0>>, mixin_verb=('build',))
[0.432s] Level 1:colcon.colcon_core.package_discovery:discover_packages(colcon_meta) check parameters
[0.432s] Level 1:colcon.colcon_core.package_discovery:discover_packages(recursive) check parameters
[0.432s] Level 1:colcon.colcon_core.package_discovery:discover_packages(ignore) check parameters
[0.432s] Level 1:colcon.colcon_core.package_discovery:discover_packages(path) check parameters
[0.432s] Level 1:colcon.colcon_core.package_discovery:discover_packages(colcon_meta) discover
[0.432s] Level 1:colcon.colcon_core.package_discovery:discover_packages(recursive) discover
[0.432s] INFO:colcon.colcon_core.package_discovery:Crawling recursively for packages in '/home/nardaiv/px4ros2_ws'
[0.433s] Level 1:colcon.colcon_core.package_identification:_identify(.) by extensions ['ignore', 'ignore_ament_install']
[0.433s] Level 1:colcon.colcon_core.package_identification:_identify(.) by extension 'ignore'
[0.433s] Level 1:colcon.colcon_core.package_identification:_identify(.) by extension 'ignore_ament_install'
[0.433s] Level 1:colcon.colcon_core.package_identification:_identify(.) by extensions ['colcon_pkg']
[0.433s] Level 1:colcon.colcon_core.package_identification:_identify(.) by extension 'colcon_pkg'
[0.433s] Level 1:colcon.colcon_core.package_identification:_identify(.) by extensions ['colcon_meta']
[0.433s] Level 1:colcon.colcon_core.package_identification:_identify(.) by extension 'colcon_meta'
[0.433s] Level 1:colcon.colcon_core.package_identification:_identify(.) by extensions ['ros']
[0.433s] Level 1:colcon.colcon_core.package_identification:_identify(.) by extension 'ros'
[0.452s] Level 1:colcon.colcon_core.package_identification:_identify(.) by extensions ['cmake', 'python']
[0.452s] Level 1:colcon.colcon_core.package_identification:_identify(.) by extension 'cmake'
[0.452s] Level 1:colcon.colcon_core.package_identification:_identify(.) by extension 'python'
[0.452s] Level 1:colcon.colcon_core.package_identification:_identify(.) by extensions ['python_setup_py']
[0.452s] Level 1:colcon.colcon_core.package_identification:_identify(.) by extension 'python_setup_py'
[0.453s] Level 1:colcon.colcon_core.package_identification:_identify(build) by extensions ['ignore', 'ignore_ament_install']
[0.453s] Level 1:colcon.colcon_core.package_identification:_identify(build) by extension 'ignore'
[0.453s] Level 1:colcon.colcon_core.package_identification:_identify(build) ignored
[0.453s] Level 1:colcon.colcon_core.package_identification:_identify(install) by extensions ['ignore', 'ignore_ament_install']
[0.453s] Level 1:colcon.colcon_core.package_identification:_identify(install) by extension 'ignore'
[0.453s] Level 1:colcon.colcon_core.package_identification:_identify(install) ignored
[0.454s] Level 1:colcon.colcon_core.package_identification:_identify(log) by extensions ['ignore', 'ignore_ament_install']
[0.454s] Level 1:colcon.colcon_core.package_identification:_identify(log) by extension 'ignore'
[0.454s] Level 1:colcon.colcon_core.package_identification:_identify(log) ignored
[0.454s] Level 1:colcon.colcon_core.package_identification:_identify(src) by extensions ['ignore', 'ignore_ament_install']
[0.454s] Level 1:colcon.colcon_core.package_identification:_identify(src) by extension 'ignore'
[0.454s] Level 1:colcon.colcon_core.package_identification:_identify(src) by extension 'ignore_ament_install'
[0.455s] Level 1:colcon.colcon_core.package_identification:_identify(src) by extensions ['colcon_pkg']
[0.455s] Level 1:colcon.colcon_core.package_identification:_identify(src) by extension 'colcon_pkg'
[0.455s] Level 1:colcon.colcon_core.package_identification:_identify(src) by extensions ['colcon_meta']
[0.455s] Level 1:colcon.colcon_core.package_identification:_identify(src) by extension 'colcon_meta'
[0.455s] Level 1:colcon.colcon_core.package_identification:_identify(src) by extensions ['ros']
[0.455s] Level 1:colcon.colcon_core.package_identification:_identify(src) by extension 'ros'
[0.455s] Level 1:colcon.colcon_core.package_identification:_identify(src) by extensions ['cmake', 'python']
[0.455s] Level 1:colcon.colcon_core.package_identification:_identify(src) by extension 'cmake'
[0.455s] Level 1:colcon.colcon_core.package_identification:_identify(src) by extension 'python'
[0.455s] Level 1:colcon.colcon_core.package_identification:_identify(src) by extensions ['python_setup_py']
[0.456s] Level 1:colcon.colcon_core.package_identification:_identify(src) by extension 'python_setup_py'
[0.456s] Level 1:colcon.colcon_core.package_identification:_identify(src/px4_msgs) by extensions ['ignore', 'ignore_ament_install']
[0.456s] Level 1:colcon.colcon_core.package_identification:_identify(src/px4_msgs) by extension 'ignore'
[0.456s] Level 1:colcon.colcon_core.package_identification:_identify(src/px4_msgs) by extension 'ignore_ament_install'
[0.456s] Level 1:colcon.colcon_core.package_identification:_identify(src/px4_msgs) by extensions ['colcon_pkg']
[0.456s] Level 1:colcon.colcon_core.package_identification:_identify(src/px4_msgs) by extension 'colcon_pkg'
[0.456s] Level 1:colcon.colcon_core.package_identification:_identify(src/px4_msgs) by extensions ['colcon_meta']
[0.456s] Level 1:colcon.colcon_core.package_identification:_identify(src/px4_msgs) by extension 'colcon_meta'
[0.457s] Level 1:colcon.colcon_core.package_identification:_identify(src/px4_msgs) by extensions ['ros']
[0.457s] Level 1:colcon.colcon_core.package_identification:_identify(src/px4_msgs) by extension 'ros'
[0.460s] DEBUG:colcon.colcon_core.package_identification:Package 'src/px4_msgs' with type 'ros.ament_cmake' and name 'px4_msgs'
[0.461s] Level 1:colcon.colcon_core.package_identification:_identify(src/px4_ros_com) by extensions ['ignore', 'ignore_ament_install']
[0.461s] Level 1:colcon.colcon_core.package_identification:_identify(src/px4_ros_com) by extension 'ignore'
[0.461s] Level 1:colcon.colcon_core.package_identification:_identify(src/px4_ros_com) by extension 'ignore_ament_install'
[0.461s] Level 1:colcon.colcon_core.package_identification:_identify(src/px4_ros_com) by extensions ['colcon_pkg']
[0.461s] Level 1:colcon.colcon_core.package_identification:_identify(src/px4_ros_com) by extension 'colcon_pkg'
[0.461s] Level 1:colcon.colcon_core.package_identification:_identify(src/px4_ros_com) by extensions ['colcon_meta']
[0.462s] Level 1:colcon.colcon_core.package_identification:_identify(src/px4_ros_com) by extension 'colcon_meta'
[0.462s] Level 1:colcon.colcon_core.package_identification:_identify(src/px4_ros_com) by extensions ['ros']
[0.462s] Level 1:colcon.colcon_core.package_identification:_identify(src/px4_ros_com) by extension 'ros'
[0.466s] DEBUG:colcon.colcon_core.package_identification:Package 'src/px4_ros_com' with type 'ros.ament_cmake' and name 'px4_ros_com'
[0.466s] Level 1:colcon.colcon_core.package_discovery:discover_packages(recursive) using defaults
[0.466s] Level 1:colcon.colcon_core.package_discovery:discover_packages(ignore) discover
[0.466s] Level 1:colcon.colcon_core.package_discovery:discover_packages(ignore) using defaults
[0.466s] Level 1:colcon.colcon_core.package_discovery:discover_packages(path) discover
[0.466s] Level 1:colcon.colcon_core.package_discovery:discover_packages(path) using defaults
[0.514s] Level 1:colcon.colcon_core.package_discovery:discover_packages(prefix_path) check parameters
[0.514s] Level 1:colcon.colcon_core.package_discovery:discover_packages(prefix_path) discover
[0.520s] DEBUG:colcon.colcon_installed_package_information.package_discovery:Found 270 installed packages in /opt/ros/humble
[0.575s] Level 1:colcon.colcon_core.package_discovery:discover_packages(prefix_path) using defaults
[0.626s] Level 5:colcon.colcon_core.verb:set package 'px4_msgs' build argument 'cmake_args' from command line to 'None'
[0.626s] Level 5:colcon.colcon_core.verb:set package 'px4_msgs' build argument 'cmake_target' from command line to 'None'
[0.626s] Level 5:colcon.colcon_core.verb:set package 'px4_msgs' build argument 'cmake_target_skip_unavailable' from command line to 'False'
[0.626s] Level 5:colcon.colcon_core.verb:set package 'px4_msgs' build argument 'cmake_clean_cache' from command line to 'False'
[0.626s] Level 5:colcon.colcon_core.verb:set package 'px4_msgs' build argument 'cmake_clean_first' from command line to 'False'
[0.626s] Level 5:colcon.colcon_core.verb:set package 'px4_msgs' build argument 'cmake_force_configure' from command line to 'False'
[0.626s] Level 5:colcon.colcon_core.verb:set package 'px4_msgs' build argument 'ament_cmake_args' from command line to 'None'
[0.626s] Level 5:colcon.colcon_core.verb:set package 'px4_msgs' build argument 'catkin_cmake_args' from command line to 'None'
[0.626s] Level 5:colcon.colcon_core.verb:set package 'px4_msgs' build argument 'catkin_skip_building_tests' from command line to 'False'
[0.626s] DEBUG:colcon.colcon_core.verb:Building package 'px4_msgs' with the following arguments: {'ament_cmake_args': None, 'build_base': '/home/nardaiv/px4ros2_ws/build/px4_msgs', 'catkin_cmake_args': None, 'catkin_skip_building_tests': False, 'cmake_args': None, 'cmake_clean_cache': False, 'cmake_clean_first': False, 'cmake_force_configure': False, 'cmake_target': None, 'cmake_target_skip_unavailable': False, 'install_base': '/home/nardaiv/px4ros2_ws/install/px4_msgs', 'merge_install': False, 'path': '/home/nardaiv/px4ros2_ws/src/px4_msgs', 'symlink_install': False, 'test_result_base': None}
[0.627s] Level 5:colcon.colcon_core.verb:set package 'px4_ros_com' build argument 'cmake_args' from command line to 'None'
[0.627s] Level 5:colcon.colcon_core.verb:set package 'px4_ros_com' build argument 'cmake_target' from command line to 'None'
[0.627s] Level 5:colcon.colcon_core.verb:set package 'px4_ros_com' build argument 'cmake_target_skip_unavailable' from command line to 'False'
[0.627s] Level 5:colcon.colcon_core.verb:set package 'px4_ros_com' build argument 'cmake_clean_cache' from command line to 'False'
[0.627s] Level 5:colcon.colcon_core.verb:set package 'px4_ros_com' build argument 'cmake_clean_first' from command line to 'False'
[0.627s] Level 5:colcon.colcon_core.verb:set package 'px4_ros_com' build argument 'cmake_force_configure' from command line to 'False'
[0.627s] Level 5:colcon.colcon_core.verb:set package 'px4_ros_com' build argument 'ament_cmake_args' from command line to 'None'
[0.627s] Level 5:colcon.colcon_core.verb:set package 'px4_ros_com' build argument 'catkin_cmake_args' from command line to 'None'
[0.627s] Level 5:colcon.colcon_core.verb:set package 'px4_ros_com' build argument 'catkin_skip_building_tests' from command line to 'False'
[0.627s] DEBUG:colcon.colcon_core.verb:Building package 'px4_ros_com' with the following arguments: {'ament_cmake_args': None, 'build_base': '/home/nardaiv/px4ros2_ws/build/px4_ros_com', 'catkin_cmake_args': None, 'catkin_skip_building_tests': False, 'cmake_args': None, 'cmake_clean_cache': False, 'cmake_clean_first': False, 'cmake_force_configure': False, 'cmake_target': None, 'cmake_target_skip_unavailable': False, 'install_base': '/home/nardaiv/px4ros2_ws/install/px4_ros_com', 'merge_install': False, 'path': '/home/nardaiv/px4ros2_ws/src/px4_ros_com', 'symlink_install': False, 'test_result_base': None}
[0.627s] INFO:colcon.colcon_core.executor:Executing jobs using 'parallel' executor
[0.629s] DEBUG:colcon.colcon_parallel_executor.executor.parallel:run_until_complete
[0.629s] INFO:colcon.colcon_ros.task.ament_cmake.build:Building ROS package in '/home/nardaiv/px4ros2_ws/src/px4_msgs' with build type 'ament_cmake'
[0.629s] INFO:colcon.colcon_cmake.task.cmake.build:Building CMake package in '/home/nardaiv/px4ros2_ws/src/px4_msgs'
[0.633s] INFO:colcon.colcon_core.plugin_system:Skipping extension 'colcon_core.shell.bat': Not used on non-Windows systems
[0.634s] INFO:colcon.colcon_core.shell:Skip shell extension 'powershell' for command environment: Not usable outside of PowerShell
[0.634s] DEBUG:colcon.colcon_core.shell:Skip shell extension 'dsv' for command environment
[0.650s] DEBUG:colcon.colcon_core.event_handler.log_command:Invoking command in '/home/nardaiv/px4ros2_ws/build/px4_msgs': CMAKE_PREFIX_PATH=/opt/ros/humble /usr/bin/cmake --build /home/nardaiv/px4ros2_ws/build/px4_msgs -- -j12 -l12
[2.058s] DEBUG:colcon.colcon_core.event_handler.log_command:Invoked command in '/home/nardaiv/px4ros2_ws/build/px4_msgs' returned '0': CMAKE_PREFIX_PATH=/opt/ros/humble /usr/bin/cmake --build /home/nardaiv/px4ros2_ws/build/px4_msgs -- -j12 -l12
[2.068s] DEBUG:colcon.colcon_core.event_handler.log_command:Invoking command in '/home/nardaiv/px4ros2_ws/build/px4_msgs': CMAKE_PREFIX_PATH=/opt/ros/humble /usr/bin/cmake --install /home/nardaiv/px4ros2_ws/build/px4_msgs
[2.719s] Level 1:colcon.colcon_core.environment:create_environment_scripts_only(px4_msgs)
[2.720s] DEBUG:colcon.colcon_core.event_handler.log_command:Invoked command in '/home/nardaiv/px4ros2_ws/build/px4_msgs' returned '0': CMAKE_PREFIX_PATH=/opt/ros/humble /usr/bin/cmake --install /home/nardaiv/px4ros2_ws/build/px4_msgs
[2.722s] Level 1:colcon.colcon_core.environment:checking '/home/nardaiv/px4ros2_ws/install/px4_msgs' for CMake module files
[2.722s] Level 1:colcon.colcon_core.environment:checking '/home/nardaiv/px4ros2_ws/install/px4_msgs' for CMake config files
[2.722s] Level 1:colcon.colcon_core.shell:create_environment_hook('px4_msgs', 'cmake_prefix_path')
[2.723s] INFO:colcon.colcon_core.shell:Creating environment hook '/home/nardaiv/px4ros2_ws/install/px4_msgs/share/px4_msgs/hook/cmake_prefix_path.ps1'
[2.723s] INFO:colcon.colcon_core.shell:Creating environment descriptor '/home/nardaiv/px4ros2_ws/install/px4_msgs/share/px4_msgs/hook/cmake_prefix_path.dsv'
[2.724s] INFO:colcon.colcon_core.shell:Creating environment hook '/home/nardaiv/px4ros2_ws/install/px4_msgs/share/px4_msgs/hook/cmake_prefix_path.sh'
[2.724s] Level 1:colcon.colcon_core.environment:checking '/home/nardaiv/px4ros2_ws/install/px4_msgs/lib'
[2.724s] Level 1:colcon.colcon_core.shell:create_environment_hook('px4_msgs', 'ld_library_path_lib')
[2.725s] INFO:colcon.colcon_core.shell:Creating environment hook '/home/nardaiv/px4ros2_ws/install/px4_msgs/share/px4_msgs/hook/ld_library_path_lib.ps1'
[2.725s] INFO:colcon.colcon_core.shell:Creating environment descriptor '/home/nardaiv/px4ros2_ws/install/px4_msgs/share/px4_msgs/hook/ld_library_path_lib.dsv'
[2.725s] INFO:colcon.colcon_core.shell:Creating environment hook '/home/nardaiv/px4ros2_ws/install/px4_msgs/share/px4_msgs/hook/ld_library_path_lib.sh'
[2.725s] Level 1:colcon.colcon_core.environment:checking '/home/nardaiv/px4ros2_ws/install/px4_msgs/bin'
[2.726s] Level 1:colcon.colcon_core.environment:checking '/home/nardaiv/px4ros2_ws/install/px4_msgs/lib/pkgconfig/px4_msgs.pc'
[2.726s] Level 1:colcon.colcon_core.environment:checking '/home/nardaiv/px4ros2_ws/install/px4_msgs/lib/python3.10/site-packages'
[2.726s] Level 1:colcon.colcon_core.environment:checking '/home/nardaiv/px4ros2_ws/install/px4_msgs/bin'
[2.726s] INFO:colcon.colcon_core.shell:Creating package script '/home/nardaiv/px4ros2_ws/install/px4_msgs/share/px4_msgs/package.ps1'
[2.727s] INFO:colcon.colcon_core.shell:Creating package descriptor '/home/nardaiv/px4ros2_ws/install/px4_msgs/share/px4_msgs/package.dsv'
[2.727s] INFO:colcon.colcon_core.shell:Creating package script '/home/nardaiv/px4ros2_ws/install/px4_msgs/share/px4_msgs/package.sh'
[2.728s] INFO:colcon.colcon_core.shell:Creating package script '/home/nardaiv/px4ros2_ws/install/px4_msgs/share/px4_msgs/package.bash'
[2.728s] INFO:colcon.colcon_core.shell:Creating package script '/home/nardaiv/px4ros2_ws/install/px4_msgs/share/px4_msgs/package.zsh'
[2.729s] Level 1:colcon.colcon_core.environment:create_file_with_runtime_dependencies(/home/nardaiv/px4ros2_ws/install/px4_msgs/share/colcon-core/packages/px4_msgs)
[2.729s] Level 1:colcon.colcon_core.environment:create_environment_scripts_only(px4_msgs)
[2.730s] Level 1:colcon.colcon_core.environment:checking '/home/nardaiv/px4ros2_ws/install/px4_msgs' for CMake module files
[2.730s] Level 1:colcon.colcon_core.environment:checking '/home/nardaiv/px4ros2_ws/install/px4_msgs' for CMake config files
[2.730s] Level 1:colcon.colcon_core.shell:create_environment_hook('px4_msgs', 'cmake_prefix_path')
[2.730s] INFO:colcon.colcon_core.shell:Creating environment hook '/home/nardaiv/px4ros2_ws/install/px4_msgs/share/px4_msgs/hook/cmake_prefix_path.ps1'
[2.731s] INFO:colcon.colcon_core.shell:Creating environment descriptor '/home/nardaiv/px4ros2_ws/install/px4_msgs/share/px4_msgs/hook/cmake_prefix_path.dsv'
[2.731s] INFO:colcon.colcon_core.shell:Creating environment hook '/home/nardaiv/px4ros2_ws/install/px4_msgs/share/px4_msgs/hook/cmake_prefix_path.sh'
[2.732s] Level 1:colcon.colcon_core.environment:checking '/home/nardaiv/px4ros2_ws/install/px4_msgs/lib'
[2.732s] Level 1:colcon.colcon_core.shell:create_environment_hook('px4_msgs', 'ld_library_path_lib')
[2.732s] INFO:colcon.colcon_core.shell:Creating environment hook '/home/nardaiv/px4ros2_ws/install/px4_msgs/share/px4_msgs/hook/ld_library_path_lib.ps1'
[2.732s] INFO:colcon.colcon_core.shell:Creating environment descriptor '/home/nardaiv/px4ros2_ws/install/px4_msgs/share/px4_msgs/hook/ld_library_path_lib.dsv'
[2.733s] INFO:colcon.colcon_core.shell:Creating environment hook '/home/nardaiv/px4ros2_ws/install/px4_msgs/share/px4_msgs/hook/ld_library_path_lib.sh'
[2.733s] Level 1:colcon.colcon_core.environment:checking '/home/nardaiv/px4ros2_ws/install/px4_msgs/bin'
[2.733s] Level 1:colcon.colcon_core.environment:checking '/home/nardaiv/px4ros2_ws/install/px4_msgs/lib/pkgconfig/px4_msgs.pc'
[2.733s] Level 1:colcon.colcon_core.environment:checking '/home/nardaiv/px4ros2_ws/install/px4_msgs/lib/python3.10/site-packages'
[2.733s] Level 1:colcon.colcon_core.environment:checking '/home/nardaiv/px4ros2_ws/install/px4_msgs/bin'
[2.734s] INFO:colcon.colcon_core.shell:Creating package script '/home/nardaiv/px4ros2_ws/install/px4_msgs/share/px4_msgs/package.ps1'
[2.734s] INFO:colcon.colcon_core.shell:Creating package descriptor '/home/nardaiv/px4ros2_ws/install/px4_msgs/share/px4_msgs/package.dsv'
[2.735s] INFO:colcon.colcon_core.shell:Creating package script '/home/nardaiv/px4ros2_ws/install/px4_msgs/share/px4_msgs/package.sh'
[2.735s] INFO:colcon.colcon_core.shell:Creating package script '/home/nardaiv/px4ros2_ws/install/px4_msgs/share/px4_msgs/package.bash'
[2.735s] INFO:colcon.colcon_core.shell:Creating package script '/home/nardaiv/px4ros2_ws/install/px4_msgs/share/px4_msgs/package.zsh'
[2.736s] Level 1:colcon.colcon_core.environment:create_file_with_runtime_dependencies(/home/nardaiv/px4ros2_ws/install/px4_msgs/share/colcon-core/packages/px4_msgs)
[2.736s] INFO:colcon.colcon_ros.task.ament_cmake.build:Building ROS package in '/home/nardaiv/px4ros2_ws/src/px4_ros_com' with build type 'ament_cmake'
[2.736s] INFO:colcon.colcon_cmake.task.cmake.build:Building CMake package in '/home/nardaiv/px4ros2_ws/src/px4_ros_com'
[2.736s] INFO:colcon.colcon_core.shell:Skip shell extension 'powershell' for command environment: Not usable outside of PowerShell
[2.737s] DEBUG:colcon.colcon_core.shell:Skip shell extension 'dsv' for command environment
[2.801s] DEBUG:colcon.colcon_core.event_handler.log_command:Invoking command in '/home/nardaiv/px4ros2_ws/build/px4_ros_com': AMENT_PREFIX_PATH=/home/nardaiv/px4ros2_ws/install/px4_msgs:${AMENT_PREFIX_PATH} CMAKE_PREFIX_PATH=/home/nardaiv/px4ros2_ws/install/px4_msgs:/opt/ros/humble LD_LIBRARY_PATH=/home/nardaiv/px4ros2_ws/install/px4_msgs/lib:${LD_LIBRARY_PATH} PYTHONPATH=/home/nardaiv/px4ros2_ws/install/px4_msgs/local/lib/python3.10/dist-packages:${PYTHONPATH} /usr/bin/cmake --build /home/nardaiv/px4ros2_ws/build/px4_ros_com -- -j12 -l12
[8.582s] DEBUG:colcon.colcon_core.event_handler.log_command:Invoked command in '/home/nardaiv/px4ros2_ws/build/px4_ros_com' returned '2': AMENT_PREFIX_PATH=/home/nardaiv/px4ros2_ws/install/px4_msgs:${AMENT_PREFIX_PATH} CMAKE_PREFIX_PATH=/home/nardaiv/px4ros2_ws/install/px4_msgs:/opt/ros/humble LD_LIBRARY_PATH=/home/nardaiv/px4ros2_ws/install/px4_msgs/lib:${LD_LIBRARY_PATH} PYTHONPATH=/home/nardaiv/px4ros2_ws/install/px4_msgs/local/lib/python3.10/dist-packages:${PYTHONPATH} /usr/bin/cmake --build /home/nardaiv/px4ros2_ws/build/px4_ros_com -- -j12 -l12
[8.583s] Level 1:colcon.colcon_core.environment:create_environment_scripts_only(px4_ros_com)
[8.583s] Level 1:colcon.colcon_core.environment:checking '/home/nardaiv/px4ros2_ws/install/px4_ros_com' for CMake module files
[8.583s] Level 1:colcon.colcon_core.environment:checking '/home/nardaiv/px4ros2_ws/install/px4_ros_com' for CMake config files
[8.583s] Level 1:colcon.colcon_core.shell:create_environment_hook('px4_ros_com', 'cmake_prefix_path')
[8.584s] INFO:colcon.colcon_core.shell:Creating environment hook '/home/nardaiv/px4ros2_ws/install/px4_ros_com/share/px4_ros_com/hook/cmake_prefix_path.ps1'
[8.584s] INFO:colcon.colcon_core.shell:Creating environment descriptor '/home/nardaiv/px4ros2_ws/install/px4_ros_com/share/px4_ros_com/hook/cmake_prefix_path.dsv'
[8.585s] INFO:colcon.colcon_core.shell:Creating environment hook '/home/nardaiv/px4ros2_ws/install/px4_ros_com/share/px4_ros_com/hook/cmake_prefix_path.sh'
[8.585s] Level 1:colcon.colcon_core.environment:checking '/home/nardaiv/px4ros2_ws/install/px4_ros_com/lib'
[8.585s] Level 1:colcon.colcon_core.shell:create_environment_hook('px4_ros_com', 'ld_library_path_lib')
[8.586s] INFO:colcon.colcon_core.shell:Creating environment hook '/home/nardaiv/px4ros2_ws/install/px4_ros_com/share/px4_ros_com/hook/ld_library_path_lib.ps1'
[8.586s] INFO:colcon.colcon_core.shell:Creating environment descriptor '/home/nardaiv/px4ros2_ws/install/px4_ros_com/share/px4_ros_com/hook/ld_library_path_lib.dsv'
[8.586s] INFO:colcon.colcon_core.shell:Creating environment hook '/home/nardaiv/px4ros2_ws/install/px4_ros_com/share/px4_ros_com/hook/ld_library_path_lib.sh'
[8.587s] Level 1:colcon.colcon_core.environment:checking '/home/nardaiv/px4ros2_ws/install/px4_ros_com/bin'
[8.587s] Level 1:colcon.colcon_core.environment:checking '/home/nardaiv/px4ros2_ws/install/px4_ros_com/lib/pkgconfig/px4_ros_com.pc'
[8.587s] Level 1:colcon.colcon_core.environment:checking '/home/nardaiv/px4ros2_ws/install/px4_ros_com/lib/python3.10/site-packages'
[8.587s] Level 1:colcon.colcon_core.environment:checking '/home/nardaiv/px4ros2_ws/install/px4_ros_com/bin'
[8.587s] INFO:colcon.colcon_core.shell:Creating package script '/home/nardaiv/px4ros2_ws/install/px4_ros_com/share/px4_ros_com/package.ps1'
[8.588s] INFO:colcon.colcon_core.shell:Creating package descriptor '/home/nardaiv/px4ros2_ws/install/px4_ros_com/share/px4_ros_com/package.dsv'
[8.588s] INFO:colcon.colcon_core.shell:Creating package script '/home/nardaiv/px4ros2_ws/install/px4_ros_com/share/px4_ros_com/package.sh'
[8.589s] INFO:colcon.colcon_core.shell:Creating package script '/home/nardaiv/px4ros2_ws/install/px4_ros_com/share/px4_ros_com/package.bash'
[8.589s] INFO:colcon.colcon_core.shell:Creating package script '/home/nardaiv/px4ros2_ws/install/px4_ros_com/share/px4_ros_com/package.zsh'
[8.589s] Level 1:colcon.colcon_core.environment:create_file_with_runtime_dependencies(/home/nardaiv/px4ros2_ws/install/px4_ros_com/share/colcon-core/packages/px4_ros_com)
[8.600s] DEBUG:colcon.colcon_parallel_executor.executor.parallel:closing loop
[8.601s] DEBUG:colcon.colcon_parallel_executor.executor.parallel:loop closed
[8.601s] DEBUG:colcon.colcon_parallel_executor.executor.parallel:run_until_complete finished with '2'
[8.601s] DEBUG:colcon.colcon_core.event_reactor:joining thread
[8.740s] INFO:colcon.colcon_core.plugin_system:Skipping extension 'colcon_notification.desktop_notification.notify_send': Could not find 'notify-send'
[8.740s] INFO:colcon.colcon_core.plugin_system:Skipping extension 'colcon_notification.desktop_notification.terminal_notifier': Not used on non-Darwin systems
[8.740s] INFO:colcon.colcon_core.plugin_system:Skipping extension 'colcon_notification.desktop_notification.win32': Not used on non-Windows systems
[8.740s] INFO:colcon.colcon_notification.desktop_notification:Sending desktop notification using 'notify2'
[8.740s] DEBUG:colcon.colcon_notification.desktop_notification.notify2:Failed to initialize notify2: org.freedesktop.DBus.Error.FileNotFound: Failed to connect to socket /run/user/1000/bus: No such file or directory
[8.741s] DEBUG:colcon.colcon_core.event_reactor:joined thread
[8.741s] INFO:colcon.colcon_core.shell:Creating prefix script '/home/nardaiv/px4ros2_ws/install/local_setup.ps1'
[8.742s] INFO:colcon.colcon_core.shell:Creating prefix util module '/home/nardaiv/px4ros2_ws/install/_local_setup_util_ps1.py'
[8.743s] INFO:colcon.colcon_core.shell:Creating prefix chain script '/home/nardaiv/px4ros2_ws/install/setup.ps1'
[8.744s] INFO:colcon.colcon_core.shell:Creating prefix script '/home/nardaiv/px4ros2_ws/install/local_setup.sh'
[8.745s] INFO:colcon.colcon_core.shell:Creating prefix util module '/home/nardaiv/px4ros2_ws/install/_local_setup_util_sh.py'
[8.745s] INFO:colcon.colcon_core.shell:Creating prefix chain script '/home/nardaiv/px4ros2_ws/install/setup.sh'
[8.746s] INFO:colcon.colcon_core.shell:Creating prefix script '/home/nardaiv/px4ros2_ws/install/local_setup.bash'
[8.747s] INFO:colcon.colcon_core.shell:Creating prefix chain script '/home/nardaiv/px4ros2_ws/install/setup.bash'
[8.748s] INFO:colcon.colcon_core.shell:Creating prefix script '/home/nardaiv/px4ros2_ws/install/local_setup.zsh'
[8.748s] INFO:colcon.colcon_core.shell:Creating prefix chain script '/home/nardaiv/px4ros2_ws/install/setup.zsh'
