[0.120s] DEBUG:colcon:Command line arguments: ['/usr/bin/colcon', 'build']
[0.120s] DEBUG:colcon:Parsed command line arguments: Namespace(log_base=None, log_level=None, verb_name='build', build_base='build', install_base='install', merge_install=False, symlink_install=False, test_result_base=None, continue_on_error=False, executor='parallel', parallel_workers=12, event_handlers=None, ignore_user_meta=False, metas=['./colcon.meta'], base_paths=['.'], packages_ignore=None, packages_ignore_regex=None, paths=None, packages_up_to=None, packages_up_to_regex=None, packages_above=None, packages_above_and_dependencies=None, packages_above_depth=None, packages_select_by_dep=None, packages_skip_by_dep=None, packages_skip_up_to=None, packages_select_build_failed=False, packages_skip_build_finished=False, packages_select_test_failures=False, packages_skip_test_passed=False, packages_select=None, packages_skip=None, packages_select_regex=None, packages_skip_regex=None, packages_start=None, packages_end=None, allow_overriding=[], cmake_args=None, cmake_target=None, cmake_target_skip_unavailable=False, cmake_clean_cache=False, cmake_clean_first=False, cmake_force_configure=False, ament_cmake_args=None, catkin_cmake_args=None, catkin_skip_building_tests=False, mixin_files=None, mixin=None, verb_parser=<colcon_mixin.mixin.mixin_argument.MixinArgumentDecorator object at 0x7f3b79236830>, verb_extension=<colcon_core.verb.build.BuildVerb object at 0x7f3b79236260>, main=<bound method BuildVerb.main of <colcon_core.verb.build.BuildVerb object at 0x7f3b79236260>>, mixin_verb=('build',))
[0.250s] Level 1:colcon.colcon_core.package_discovery:discover_packages(colcon_meta) check parameters
[0.251s] Level 1:colcon.colcon_core.package_discovery:discover_packages(recursive) check parameters
[0.251s] Level 1:colcon.colcon_core.package_discovery:discover_packages(ignore) check parameters
[0.251s] Level 1:colcon.colcon_core.package_discovery:discover_packages(path) check parameters
[0.251s] Level 1:colcon.colcon_core.package_discovery:discover_packages(colcon_meta) discover
[0.251s] Level 1:colcon.colcon_core.package_discovery:discover_packages(recursive) discover
[0.251s] INFO:colcon.colcon_core.package_discovery:Crawling recursively for packages in '/home/nardaiv/px4ros2_ws'
[0.251s] Level 1:colcon.colcon_core.package_identification:_identify(.) by extensions ['ignore', 'ignore_ament_install']
[0.251s] Level 1:colcon.colcon_core.package_identification:_identify(.) by extension 'ignore'
[0.251s] Level 1:colcon.colcon_core.package_identification:_identify(.) by extension 'ignore_ament_install'
[0.251s] Level 1:colcon.colcon_core.package_identification:_identify(.) by extensions ['colcon_pkg']
[0.251s] Level 1:colcon.colcon_core.package_identification:_identify(.) by extension 'colcon_pkg'
[0.251s] Level 1:colcon.colcon_core.package_identification:_identify(.) by extensions ['colcon_meta']
[0.252s] Level 1:colcon.colcon_core.package_identification:_identify(.) by extension 'colcon_meta'
[0.252s] Level 1:colcon.colcon_core.package_identification:_identify(.) by extensions ['ros']
[0.252s] Level 1:colcon.colcon_core.package_identification:_identify(.) by extension 'ros'
[0.261s] Level 1:colcon.colcon_core.package_identification:_identify(.) by extensions ['cmake', 'python']
[0.261s] Level 1:colcon.colcon_core.package_identification:_identify(.) by extension 'cmake'
[0.261s] Level 1:colcon.colcon_core.package_identification:_identify(.) by extension 'python'
[0.261s] Level 1:colcon.colcon_core.package_identification:_identify(.) by extensions ['python_setup_py']
[0.261s] Level 1:colcon.colcon_core.package_identification:_identify(.) by extension 'python_setup_py'
[0.261s] Level 1:colcon.colcon_core.package_identification:_identify(build) by extensions ['ignore', 'ignore_ament_install']
[0.261s] Level 1:colcon.colcon_core.package_identification:_identify(build) by extension 'ignore'
[0.261s] Level 1:colcon.colcon_core.package_identification:_identify(build) ignored
[0.261s] Level 1:colcon.colcon_core.package_identification:_identify(install) by extensions ['ignore', 'ignore_ament_install']
[0.261s] Level 1:colcon.colcon_core.package_identification:_identify(install) by extension 'ignore'
[0.261s] Level 1:colcon.colcon_core.package_identification:_identify(install) ignored
[0.262s] Level 1:colcon.colcon_core.package_identification:_identify(log) by extensions ['ignore', 'ignore_ament_install']
[0.262s] Level 1:colcon.colcon_core.package_identification:_identify(log) by extension 'ignore'
[0.262s] Level 1:colcon.colcon_core.package_identification:_identify(log) ignored
[0.262s] Level 1:colcon.colcon_core.package_identification:_identify(src) by extensions ['ignore', 'ignore_ament_install']
[0.262s] Level 1:colcon.colcon_core.package_identification:_identify(src) by extension 'ignore'
[0.262s] Level 1:colcon.colcon_core.package_identification:_identify(src) by extension 'ignore_ament_install'
[0.262s] Level 1:colcon.colcon_core.package_identification:_identify(src) by extensions ['colcon_pkg']
[0.262s] Level 1:colcon.colcon_core.package_identification:_identify(src) by extension 'colcon_pkg'
[0.262s] Level 1:colcon.colcon_core.package_identification:_identify(src) by extensions ['colcon_meta']
[0.262s] Level 1:colcon.colcon_core.package_identification:_identify(src) by extension 'colcon_meta'
[0.262s] Level 1:colcon.colcon_core.package_identification:_identify(src) by extensions ['ros']
[0.262s] Level 1:colcon.colcon_core.package_identification:_identify(src) by extension 'ros'
[0.262s] Level 1:colcon.colcon_core.package_identification:_identify(src) by extensions ['cmake', 'python']
[0.262s] Level 1:colcon.colcon_core.package_identification:_identify(src) by extension 'cmake'
[0.262s] Level 1:colcon.colcon_core.package_identification:_identify(src) by extension 'python'
[0.262s] Level 1:colcon.colcon_core.package_identification:_identify(src) by extensions ['python_setup_py']
[0.262s] Level 1:colcon.colcon_core.package_identification:_identify(src) by extension 'python_setup_py'
[0.262s] Level 1:colcon.colcon_core.package_identification:_identify(src/px4_msgs) by extensions ['ignore', 'ignore_ament_install']
[0.262s] Level 1:colcon.colcon_core.package_identification:_identify(src/px4_msgs) by extension 'ignore'
[0.262s] Level 1:colcon.colcon_core.package_identification:_identify(src/px4_msgs) by extension 'ignore_ament_install'
[0.262s] Level 1:colcon.colcon_core.package_identification:_identify(src/px4_msgs) by extensions ['colcon_pkg']
[0.262s] Level 1:colcon.colcon_core.package_identification:_identify(src/px4_msgs) by extension 'colcon_pkg'
[0.262s] Level 1:colcon.colcon_core.package_identification:_identify(src/px4_msgs) by extensions ['colcon_meta']
[0.263s] Level 1:colcon.colcon_core.package_identification:_identify(src/px4_msgs) by extension 'colcon_meta'
[0.263s] Level 1:colcon.colcon_core.package_identification:_identify(src/px4_msgs) by extensions ['ros']
[0.263s] Level 1:colcon.colcon_core.package_identification:_identify(src/px4_msgs) by extension 'ros'
[0.264s] DEBUG:colcon.colcon_core.package_identification:Package 'src/px4_msgs' with type 'ros.ament_cmake' and name 'px4_msgs'
[0.264s] Level 1:colcon.colcon_core.package_identification:_identify(src/px4_ros_com) by extensions ['ignore', 'ignore_ament_install']
[0.265s] Level 1:colcon.colcon_core.package_identification:_identify(src/px4_ros_com) by extension 'ignore'
[0.265s] Level 1:colcon.colcon_core.package_identification:_identify(src/px4_ros_com) by extension 'ignore_ament_install'
[0.265s] Level 1:colcon.colcon_core.package_identification:_identify(src/px4_ros_com) by extensions ['colcon_pkg']
[0.265s] Level 1:colcon.colcon_core.package_identification:_identify(src/px4_ros_com) by extension 'colcon_pkg'
[0.265s] Level 1:colcon.colcon_core.package_identification:_identify(src/px4_ros_com) by extensions ['colcon_meta']
[0.265s] Level 1:colcon.colcon_core.package_identification:_identify(src/px4_ros_com) by extension 'colcon_meta'
[0.265s] Level 1:colcon.colcon_core.package_identification:_identify(src/px4_ros_com) by extensions ['ros']
[0.265s] Level 1:colcon.colcon_core.package_identification:_identify(src/px4_ros_com) by extension 'ros'
[0.266s] DEBUG:colcon.colcon_core.package_identification:Package 'src/px4_ros_com' with type 'ros.ament_cmake' and name 'px4_ros_com'
[0.266s] Level 1:colcon.colcon_core.package_discovery:discover_packages(recursive) using defaults
[0.266s] Level 1:colcon.colcon_core.package_discovery:discover_packages(ignore) discover
[0.266s] Level 1:colcon.colcon_core.package_discovery:discover_packages(ignore) using defaults
[0.266s] Level 1:colcon.colcon_core.package_discovery:discover_packages(path) discover
[0.266s] Level 1:colcon.colcon_core.package_discovery:discover_packages(path) using defaults
[0.298s] Level 1:colcon.colcon_core.package_discovery:discover_packages(prefix_path) check parameters
[0.298s] Level 1:colcon.colcon_core.package_discovery:discover_packages(prefix_path) discover
[0.300s] DEBUG:colcon.colcon_installed_package_information.package_discovery:Found 2 installed packages in /home/nardaiv/px4ros2_ws/install
[0.301s] DEBUG:colcon.colcon_installed_package_information.package_discovery:Found 270 installed packages in /opt/ros/humble
[0.302s] Level 1:colcon.colcon_core.package_discovery:discover_packages(prefix_path) using defaults
[0.326s] Level 5:colcon.colcon_core.verb:set package 'px4_msgs' build argument 'cmake_args' from command line to 'None'
[0.326s] Level 5:colcon.colcon_core.verb:set package 'px4_msgs' build argument 'cmake_target' from command line to 'None'
[0.326s] Level 5:colcon.colcon_core.verb:set package 'px4_msgs' build argument 'cmake_target_skip_unavailable' from command line to 'False'
[0.326s] Level 5:colcon.colcon_core.verb:set package 'px4_msgs' build argument 'cmake_clean_cache' from command line to 'False'
[0.326s] Level 5:colcon.colcon_core.verb:set package 'px4_msgs' build argument 'cmake_clean_first' from command line to 'False'
[0.326s] Level 5:colcon.colcon_core.verb:set package 'px4_msgs' build argument 'cmake_force_configure' from command line to 'False'
[0.326s] Level 5:colcon.colcon_core.verb:set package 'px4_msgs' build argument 'ament_cmake_args' from command line to 'None'
[0.326s] Level 5:colcon.colcon_core.verb:set package 'px4_msgs' build argument 'catkin_cmake_args' from command line to 'None'
[0.326s] Level 5:colcon.colcon_core.verb:set package 'px4_msgs' build argument 'catkin_skip_building_tests' from command line to 'False'
[0.326s] DEBUG:colcon.colcon_core.verb:Building package 'px4_msgs' with the following arguments: {'ament_cmake_args': None, 'build_base': '/home/nardaiv/px4ros2_ws/build/px4_msgs', 'catkin_cmake_args': None, 'catkin_skip_building_tests': False, 'cmake_args': None, 'cmake_clean_cache': False, 'cmake_clean_first': False, 'cmake_force_configure': False, 'cmake_target': None, 'cmake_target_skip_unavailable': False, 'install_base': '/home/nardaiv/px4ros2_ws/install/px4_msgs', 'merge_install': False, 'path': '/home/nardaiv/px4ros2_ws/src/px4_msgs', 'symlink_install': False, 'test_result_base': None}
[0.326s] Level 5:colcon.colcon_core.verb:set package 'px4_ros_com' build argument 'cmake_args' from command line to 'None'
[0.326s] Level 5:colcon.colcon_core.verb:set package 'px4_ros_com' build argument 'cmake_target' from command line to 'None'
[0.326s] Level 5:colcon.colcon_core.verb:set package 'px4_ros_com' build argument 'cmake_target_skip_unavailable' from command line to 'False'
[0.326s] Level 5:colcon.colcon_core.verb:set package 'px4_ros_com' build argument 'cmake_clean_cache' from command line to 'False'
[0.326s] Level 5:colcon.colcon_core.verb:set package 'px4_ros_com' build argument 'cmake_clean_first' from command line to 'False'
[0.326s] Level 5:colcon.colcon_core.verb:set package 'px4_ros_com' build argument 'cmake_force_configure' from command line to 'False'
[0.326s] Level 5:colcon.colcon_core.verb:set package 'px4_ros_com' build argument 'ament_cmake_args' from command line to 'None'
[0.326s] Level 5:colcon.colcon_core.verb:set package 'px4_ros_com' build argument 'catkin_cmake_args' from command line to 'None'
[0.326s] Level 5:colcon.colcon_core.verb:set package 'px4_ros_com' build argument 'catkin_skip_building_tests' from command line to 'False'
[0.326s] DEBUG:colcon.colcon_core.verb:Building package 'px4_ros_com' with the following arguments: {'ament_cmake_args': None, 'build_base': '/home/nardaiv/px4ros2_ws/build/px4_ros_com', 'catkin_cmake_args': None, 'catkin_skip_building_tests': False, 'cmake_args': None, 'cmake_clean_cache': False, 'cmake_clean_first': False, 'cmake_force_configure': False, 'cmake_target': None, 'cmake_target_skip_unavailable': False, 'install_base': '/home/nardaiv/px4ros2_ws/install/px4_ros_com', 'merge_install': False, 'path': '/home/nardaiv/px4ros2_ws/src/px4_ros_com', 'symlink_install': False, 'test_result_base': None}
[0.327s] INFO:colcon.colcon_core.executor:Executing jobs using 'parallel' executor
[0.328s] DEBUG:colcon.colcon_parallel_executor.executor.parallel:run_until_complete
[0.329s] INFO:colcon.colcon_ros.task.ament_cmake.build:Building ROS package in '/home/nardaiv/px4ros2_ws/src/px4_msgs' with build type 'ament_cmake'
[0.329s] INFO:colcon.colcon_cmake.task.cmake.build:Building CMake package in '/home/nardaiv/px4ros2_ws/src/px4_msgs'
[0.331s] INFO:colcon.colcon_core.plugin_system:Skipping extension 'colcon_core.shell.bat': Not used on non-Windows systems
[0.331s] INFO:colcon.colcon_core.shell:Skip shell extension 'powershell' for command environment: Not usable outside of PowerShell
[0.331s] DEBUG:colcon.colcon_core.shell:Skip shell extension 'dsv' for command environment
[0.342s] DEBUG:colcon.colcon_core.event_handler.log_command:Invoking command in '/home/nardaiv/px4ros2_ws/build/px4_msgs': CMAKE_PREFIX_PATH=${CMAKE_PREFIX_PATH}:/opt/ros/humble /usr/bin/cmake --build /home/nardaiv/px4ros2_ws/build/px4_msgs -- -j12 -l12
[1.215s] DEBUG:colcon.colcon_core.event_handler.log_command:Invoked command in '/home/nardaiv/px4ros2_ws/build/px4_msgs' returned '0': CMAKE_PREFIX_PATH=${CMAKE_PREFIX_PATH}:/opt/ros/humble /usr/bin/cmake --build /home/nardaiv/px4ros2_ws/build/px4_msgs -- -j12 -l12
[1.223s] DEBUG:colcon.colcon_core.event_handler.log_command:Invoking command in '/home/nardaiv/px4ros2_ws/build/px4_msgs': CMAKE_PREFIX_PATH=${CMAKE_PREFIX_PATH}:/opt/ros/humble /usr/bin/cmake --install /home/nardaiv/px4ros2_ws/build/px4_msgs
[1.752s] Level 1:colcon.colcon_core.environment:create_environment_scripts_only(px4_msgs)
[1.752s] DEBUG:colcon.colcon_core.event_handler.log_command:Invoked command in '/home/nardaiv/px4ros2_ws/build/px4_msgs' returned '0': CMAKE_PREFIX_PATH=${CMAKE_PREFIX_PATH}:/opt/ros/humble /usr/bin/cmake --install /home/nardaiv/px4ros2_ws/build/px4_msgs
[1.754s] Level 1:colcon.colcon_core.environment:checking '/home/nardaiv/px4ros2_ws/install/px4_msgs' for CMake module files
[1.755s] Level 1:colcon.colcon_core.environment:checking '/home/nardaiv/px4ros2_ws/install/px4_msgs' for CMake config files
[1.755s] Level 1:colcon.colcon_core.shell:create_environment_hook('px4_msgs', 'cmake_prefix_path')
[1.755s] INFO:colcon.colcon_core.shell:Creating environment hook '/home/nardaiv/px4ros2_ws/install/px4_msgs/share/px4_msgs/hook/cmake_prefix_path.ps1'
[1.756s] INFO:colcon.colcon_core.shell:Creating environment descriptor '/home/nardaiv/px4ros2_ws/install/px4_msgs/share/px4_msgs/hook/cmake_prefix_path.dsv'
[1.756s] INFO:colcon.colcon_core.shell:Creating environment hook '/home/nardaiv/px4ros2_ws/install/px4_msgs/share/px4_msgs/hook/cmake_prefix_path.sh'
[1.757s] Level 1:colcon.colcon_core.environment:checking '/home/nardaiv/px4ros2_ws/install/px4_msgs/lib'
[1.757s] Level 1:colcon.colcon_core.shell:create_environment_hook('px4_msgs', 'ld_library_path_lib')
[1.757s] INFO:colcon.colcon_core.shell:Creating environment hook '/home/nardaiv/px4ros2_ws/install/px4_msgs/share/px4_msgs/hook/ld_library_path_lib.ps1'
[1.757s] INFO:colcon.colcon_core.shell:Creating environment descriptor '/home/nardaiv/px4ros2_ws/install/px4_msgs/share/px4_msgs/hook/ld_library_path_lib.dsv'
[1.758s] INFO:colcon.colcon_core.shell:Creating environment hook '/home/nardaiv/px4ros2_ws/install/px4_msgs/share/px4_msgs/hook/ld_library_path_lib.sh'
[1.758s] Level 1:colcon.colcon_core.environment:checking '/home/nardaiv/px4ros2_ws/install/px4_msgs/bin'
[1.758s] Level 1:colcon.colcon_core.environment:checking '/home/nardaiv/px4ros2_ws/install/px4_msgs/lib/pkgconfig/px4_msgs.pc'
[1.758s] Level 1:colcon.colcon_core.environment:checking '/home/nardaiv/px4ros2_ws/install/px4_msgs/lib/python3.10/site-packages'
[1.758s] Level 1:colcon.colcon_core.environment:checking '/home/nardaiv/px4ros2_ws/install/px4_msgs/bin'
[1.758s] INFO:colcon.colcon_core.shell:Creating package script '/home/nardaiv/px4ros2_ws/install/px4_msgs/share/px4_msgs/package.ps1'
[1.759s] INFO:colcon.colcon_core.shell:Creating package descriptor '/home/nardaiv/px4ros2_ws/install/px4_msgs/share/px4_msgs/package.dsv'
[1.759s] INFO:colcon.colcon_core.shell:Creating package script '/home/nardaiv/px4ros2_ws/install/px4_msgs/share/px4_msgs/package.sh'
[1.760s] INFO:colcon.colcon_core.shell:Creating package script '/home/nardaiv/px4ros2_ws/install/px4_msgs/share/px4_msgs/package.bash'
[1.761s] INFO:colcon.colcon_core.shell:Creating package script '/home/nardaiv/px4ros2_ws/install/px4_msgs/share/px4_msgs/package.zsh'
[1.761s] Level 1:colcon.colcon_core.environment:create_file_with_runtime_dependencies(/home/nardaiv/px4ros2_ws/install/px4_msgs/share/colcon-core/packages/px4_msgs)
[1.762s] Level 1:colcon.colcon_core.environment:create_environment_scripts_only(px4_msgs)
[1.762s] Level 1:colcon.colcon_core.environment:checking '/home/nardaiv/px4ros2_ws/install/px4_msgs' for CMake module files
[1.763s] Level 1:colcon.colcon_core.environment:checking '/home/nardaiv/px4ros2_ws/install/px4_msgs' for CMake config files
[1.763s] Level 1:colcon.colcon_core.shell:create_environment_hook('px4_msgs', 'cmake_prefix_path')
[1.763s] INFO:colcon.colcon_core.shell:Creating environment hook '/home/nardaiv/px4ros2_ws/install/px4_msgs/share/px4_msgs/hook/cmake_prefix_path.ps1'
[1.763s] INFO:colcon.colcon_core.shell:Creating environment descriptor '/home/nardaiv/px4ros2_ws/install/px4_msgs/share/px4_msgs/hook/cmake_prefix_path.dsv'
[1.763s] INFO:colcon.colcon_core.shell:Creating environment hook '/home/nardaiv/px4ros2_ws/install/px4_msgs/share/px4_msgs/hook/cmake_prefix_path.sh'
[1.764s] Level 1:colcon.colcon_core.environment:checking '/home/nardaiv/px4ros2_ws/install/px4_msgs/lib'
[1.764s] Level 1:colcon.colcon_core.shell:create_environment_hook('px4_msgs', 'ld_library_path_lib')
[1.764s] INFO:colcon.colcon_core.shell:Creating environment hook '/home/nardaiv/px4ros2_ws/install/px4_msgs/share/px4_msgs/hook/ld_library_path_lib.ps1'
[1.765s] INFO:colcon.colcon_core.shell:Creating environment descriptor '/home/nardaiv/px4ros2_ws/install/px4_msgs/share/px4_msgs/hook/ld_library_path_lib.dsv'
[1.765s] INFO:colcon.colcon_core.shell:Creating environment hook '/home/nardaiv/px4ros2_ws/install/px4_msgs/share/px4_msgs/hook/ld_library_path_lib.sh'
[1.766s] Level 1:colcon.colcon_core.environment:checking '/home/nardaiv/px4ros2_ws/install/px4_msgs/bin'
[1.766s] Level 1:colcon.colcon_core.environment:checking '/home/nardaiv/px4ros2_ws/install/px4_msgs/lib/pkgconfig/px4_msgs.pc'
[1.766s] Level 1:colcon.colcon_core.environment:checking '/home/nardaiv/px4ros2_ws/install/px4_msgs/lib/python3.10/site-packages'
[1.766s] Level 1:colcon.colcon_core.environment:checking '/home/nardaiv/px4ros2_ws/install/px4_msgs/bin'
[1.766s] INFO:colcon.colcon_core.shell:Creating package script '/home/nardaiv/px4ros2_ws/install/px4_msgs/share/px4_msgs/package.ps1'
[1.767s] INFO:colcon.colcon_core.shell:Creating package descriptor '/home/nardaiv/px4ros2_ws/install/px4_msgs/share/px4_msgs/package.dsv'
[1.768s] INFO:colcon.colcon_core.shell:Creating package script '/home/nardaiv/px4ros2_ws/install/px4_msgs/share/px4_msgs/package.sh'
[1.768s] INFO:colcon.colcon_core.shell:Creating package script '/home/nardaiv/px4ros2_ws/install/px4_msgs/share/px4_msgs/package.bash'
[1.769s] INFO:colcon.colcon_core.shell:Creating package script '/home/nardaiv/px4ros2_ws/install/px4_msgs/share/px4_msgs/package.zsh'
[1.769s] Level 1:colcon.colcon_core.environment:create_file_with_runtime_dependencies(/home/nardaiv/px4ros2_ws/install/px4_msgs/share/colcon-core/packages/px4_msgs)
[1.769s] INFO:colcon.colcon_ros.task.ament_cmake.build:Building ROS package in '/home/nardaiv/px4ros2_ws/src/px4_ros_com' with build type 'ament_cmake'
[1.770s] INFO:colcon.colcon_cmake.task.cmake.build:Building CMake package in '/home/nardaiv/px4ros2_ws/src/px4_ros_com'
[1.770s] INFO:colcon.colcon_core.shell:Skip shell extension 'powershell' for command environment: Not usable outside of PowerShell
[1.770s] DEBUG:colcon.colcon_core.shell:Skip shell extension 'dsv' for command environment
[1.817s] DEBUG:colcon.colcon_core.event_handler.log_command:Invoking command in '/home/nardaiv/px4ros2_ws/build/px4_ros_com': CMAKE_PREFIX_PATH=/home/nardaiv/px4ros2_ws/install/px4_msgs:/home/nardaiv/px4ros2_ws/install/px4_ros_com:/opt/ros/humble LD_LIBRARY_PATH=/home/nardaiv/px4ros2_ws/install/px4_msgs/lib:/home/nardaiv/px4ros2_ws/install/px4_ros_com/lib:/opt/ros/humble/opt/rviz_ogre_vendor/lib:/opt/ros/humble/lib/x86_64-linux-gnu:/opt/ros/humble/lib /usr/bin/cmake --build /home/nardaiv/px4ros2_ws/build/px4_ros_com -- -j12 -l12
[9.210s] DEBUG:colcon.colcon_core.event_handler.log_command:Invoked command in '/home/nardaiv/px4ros2_ws/build/px4_ros_com' returned '0': CMAKE_PREFIX_PATH=/home/nardaiv/px4ros2_ws/install/px4_msgs:/home/nardaiv/px4ros2_ws/install/px4_ros_com:/opt/ros/humble LD_LIBRARY_PATH=/home/nardaiv/px4ros2_ws/install/px4_msgs/lib:/home/nardaiv/px4ros2_ws/install/px4_ros_com/lib:/opt/ros/humble/opt/rviz_ogre_vendor/lib:/opt/ros/humble/lib/x86_64-linux-gnu:/opt/ros/humble/lib /usr/bin/cmake --build /home/nardaiv/px4ros2_ws/build/px4_ros_com -- -j12 -l12
[9.212s] DEBUG:colcon.colcon_core.event_handler.log_command:Invoking command in '/home/nardaiv/px4ros2_ws/build/px4_ros_com': CMAKE_PREFIX_PATH=/home/nardaiv/px4ros2_ws/install/px4_msgs:/home/nardaiv/px4ros2_ws/install/px4_ros_com:/opt/ros/humble LD_LIBRARY_PATH=/home/nardaiv/px4ros2_ws/install/px4_msgs/lib:/home/nardaiv/px4ros2_ws/install/px4_ros_com/lib:/opt/ros/humble/opt/rviz_ogre_vendor/lib:/opt/ros/humble/lib/x86_64-linux-gnu:/opt/ros/humble/lib /usr/bin/cmake --install /home/nardaiv/px4ros2_ws/build/px4_ros_com
[9.253s] Level 1:colcon.colcon_core.environment:create_environment_scripts_only(px4_ros_com)
[9.253s] Level 1:colcon.colcon_core.environment:checking '/home/nardaiv/px4ros2_ws/install/px4_ros_com' for CMake module files
[9.253s] DEBUG:colcon.colcon_core.event_handler.log_command:Invoked command in '/home/nardaiv/px4ros2_ws/build/px4_ros_com' returned '0': CMAKE_PREFIX_PATH=/home/nardaiv/px4ros2_ws/install/px4_msgs:/home/nardaiv/px4ros2_ws/install/px4_ros_com:/opt/ros/humble LD_LIBRARY_PATH=/home/nardaiv/px4ros2_ws/install/px4_msgs/lib:/home/nardaiv/px4ros2_ws/install/px4_ros_com/lib:/opt/ros/humble/opt/rviz_ogre_vendor/lib:/opt/ros/humble/lib/x86_64-linux-gnu:/opt/ros/humble/lib /usr/bin/cmake --install /home/nardaiv/px4ros2_ws/build/px4_ros_com
[9.254s] Level 1:colcon.colcon_core.environment:checking '/home/nardaiv/px4ros2_ws/install/px4_ros_com' for CMake config files
[9.254s] Level 1:colcon.colcon_core.shell:create_environment_hook('px4_ros_com', 'cmake_prefix_path')
[9.254s] INFO:colcon.colcon_core.shell:Creating environment hook '/home/nardaiv/px4ros2_ws/install/px4_ros_com/share/px4_ros_com/hook/cmake_prefix_path.ps1'
[9.254s] INFO:colcon.colcon_core.shell:Creating environment descriptor '/home/nardaiv/px4ros2_ws/install/px4_ros_com/share/px4_ros_com/hook/cmake_prefix_path.dsv'
[9.255s] INFO:colcon.colcon_core.shell:Creating environment hook '/home/nardaiv/px4ros2_ws/install/px4_ros_com/share/px4_ros_com/hook/cmake_prefix_path.sh'
[9.255s] Level 1:colcon.colcon_core.environment:checking '/home/nardaiv/px4ros2_ws/install/px4_ros_com/lib'
[9.255s] Level 1:colcon.colcon_core.shell:create_environment_hook('px4_ros_com', 'ld_library_path_lib')
[9.256s] INFO:colcon.colcon_core.shell:Creating environment hook '/home/nardaiv/px4ros2_ws/install/px4_ros_com/share/px4_ros_com/hook/ld_library_path_lib.ps1'
[9.256s] INFO:colcon.colcon_core.shell:Creating environment descriptor '/home/nardaiv/px4ros2_ws/install/px4_ros_com/share/px4_ros_com/hook/ld_library_path_lib.dsv'
[9.256s] INFO:colcon.colcon_core.shell:Creating environment hook '/home/nardaiv/px4ros2_ws/install/px4_ros_com/share/px4_ros_com/hook/ld_library_path_lib.sh'
[9.257s] Level 1:colcon.colcon_core.environment:checking '/home/nardaiv/px4ros2_ws/install/px4_ros_com/bin'
[9.257s] Level 1:colcon.colcon_core.environment:checking '/home/nardaiv/px4ros2_ws/install/px4_ros_com/lib/pkgconfig/px4_ros_com.pc'
[9.257s] Level 1:colcon.colcon_core.environment:checking '/home/nardaiv/px4ros2_ws/install/px4_ros_com/lib/python3.10/site-packages'
[9.257s] Level 1:colcon.colcon_core.environment:checking '/home/nardaiv/px4ros2_ws/install/px4_ros_com/bin'
[9.258s] INFO:colcon.colcon_core.shell:Creating package script '/home/nardaiv/px4ros2_ws/install/px4_ros_com/share/px4_ros_com/package.ps1'
[9.258s] INFO:colcon.colcon_core.shell:Creating package descriptor '/home/nardaiv/px4ros2_ws/install/px4_ros_com/share/px4_ros_com/package.dsv'
[9.258s] INFO:colcon.colcon_core.shell:Creating package script '/home/nardaiv/px4ros2_ws/install/px4_ros_com/share/px4_ros_com/package.sh'
[9.259s] INFO:colcon.colcon_core.shell:Creating package script '/home/nardaiv/px4ros2_ws/install/px4_ros_com/share/px4_ros_com/package.bash'
[9.259s] INFO:colcon.colcon_core.shell:Creating package script '/home/nardaiv/px4ros2_ws/install/px4_ros_com/share/px4_ros_com/package.zsh'
[9.259s] Level 1:colcon.colcon_core.environment:create_file_with_runtime_dependencies(/home/nardaiv/px4ros2_ws/install/px4_ros_com/share/colcon-core/packages/px4_ros_com)
[9.260s] Level 1:colcon.colcon_core.environment:create_environment_scripts_only(px4_ros_com)
[9.260s] Level 1:colcon.colcon_core.environment:checking '/home/nardaiv/px4ros2_ws/install/px4_ros_com' for CMake module files
[9.261s] Level 1:colcon.colcon_core.environment:checking '/home/nardaiv/px4ros2_ws/install/px4_ros_com' for CMake config files
[9.261s] Level 1:colcon.colcon_core.shell:create_environment_hook('px4_ros_com', 'cmake_prefix_path')
[9.261s] INFO:colcon.colcon_core.shell:Creating environment hook '/home/nardaiv/px4ros2_ws/install/px4_ros_com/share/px4_ros_com/hook/cmake_prefix_path.ps1'
[9.262s] INFO:colcon.colcon_core.shell:Creating environment descriptor '/home/nardaiv/px4ros2_ws/install/px4_ros_com/share/px4_ros_com/hook/cmake_prefix_path.dsv'
[9.262s] INFO:colcon.colcon_core.shell:Creating environment hook '/home/nardaiv/px4ros2_ws/install/px4_ros_com/share/px4_ros_com/hook/cmake_prefix_path.sh'
[9.262s] Level 1:colcon.colcon_core.environment:checking '/home/nardaiv/px4ros2_ws/install/px4_ros_com/lib'
[9.262s] Level 1:colcon.colcon_core.shell:create_environment_hook('px4_ros_com', 'ld_library_path_lib')
[9.263s] INFO:colcon.colcon_core.shell:Creating environment hook '/home/nardaiv/px4ros2_ws/install/px4_ros_com/share/px4_ros_com/hook/ld_library_path_lib.ps1'
[9.263s] INFO:colcon.colcon_core.shell:Creating environment descriptor '/home/nardaiv/px4ros2_ws/install/px4_ros_com/share/px4_ros_com/hook/ld_library_path_lib.dsv'
[9.263s] INFO:colcon.colcon_core.shell:Creating environment hook '/home/nardaiv/px4ros2_ws/install/px4_ros_com/share/px4_ros_com/hook/ld_library_path_lib.sh'
[9.263s] Level 1:colcon.colcon_core.environment:checking '/home/nardaiv/px4ros2_ws/install/px4_ros_com/bin'
[9.263s] Level 1:colcon.colcon_core.environment:checking '/home/nardaiv/px4ros2_ws/install/px4_ros_com/lib/pkgconfig/px4_ros_com.pc'
[9.264s] Level 1:colcon.colcon_core.environment:checking '/home/nardaiv/px4ros2_ws/install/px4_ros_com/lib/python3.10/site-packages'
[9.264s] Level 1:colcon.colcon_core.environment:checking '/home/nardaiv/px4ros2_ws/install/px4_ros_com/bin'
[9.264s] INFO:colcon.colcon_core.shell:Creating package script '/home/nardaiv/px4ros2_ws/install/px4_ros_com/share/px4_ros_com/package.ps1'
[9.264s] INFO:colcon.colcon_core.shell:Creating package descriptor '/home/nardaiv/px4ros2_ws/install/px4_ros_com/share/px4_ros_com/package.dsv'
[9.265s] INFO:colcon.colcon_core.shell:Creating package script '/home/nardaiv/px4ros2_ws/install/px4_ros_com/share/px4_ros_com/package.sh'
[9.265s] INFO:colcon.colcon_core.shell:Creating package script '/home/nardaiv/px4ros2_ws/install/px4_ros_com/share/px4_ros_com/package.bash'
[9.265s] INFO:colcon.colcon_core.shell:Creating package script '/home/nardaiv/px4ros2_ws/install/px4_ros_com/share/px4_ros_com/package.zsh'
[9.266s] Level 1:colcon.colcon_core.environment:create_file_with_runtime_dependencies(/home/nardaiv/px4ros2_ws/install/px4_ros_com/share/colcon-core/packages/px4_ros_com)
[9.266s] DEBUG:colcon.colcon_parallel_executor.executor.parallel:closing loop
[9.266s] DEBUG:colcon.colcon_parallel_executor.executor.parallel:loop closed
[9.267s] DEBUG:colcon.colcon_parallel_executor.executor.parallel:run_until_complete finished with '0'
[9.267s] DEBUG:colcon.colcon_core.event_reactor:joining thread
[9.303s] INFO:colcon.colcon_core.plugin_system:Skipping extension 'colcon_notification.desktop_notification.notify_send': Could not find 'notify-send'
[9.303s] INFO:colcon.colcon_core.plugin_system:Skipping extension 'colcon_notification.desktop_notification.terminal_notifier': Not used on non-Darwin systems
[9.303s] INFO:colcon.colcon_core.plugin_system:Skipping extension 'colcon_notification.desktop_notification.win32': Not used on non-Windows systems
[9.303s] INFO:colcon.colcon_notification.desktop_notification:Sending desktop notification using 'notify2'
[9.303s] DEBUG:colcon.colcon_notification.desktop_notification.notify2:Failed to initialize notify2: org.freedesktop.DBus.Error.FileNotFound: Failed to connect to socket /run/user/1000/bus: No such file or directory
[9.303s] DEBUG:colcon.colcon_core.event_reactor:joined thread
[9.304s] INFO:colcon.colcon_core.shell:Creating prefix script '/home/nardaiv/px4ros2_ws/install/local_setup.ps1'
[9.304s] INFO:colcon.colcon_core.shell:Creating prefix util module '/home/nardaiv/px4ros2_ws/install/_local_setup_util_ps1.py'
[9.305s] INFO:colcon.colcon_core.shell:Creating prefix chain script '/home/nardaiv/px4ros2_ws/install/setup.ps1'
[9.306s] INFO:colcon.colcon_core.shell:Creating prefix script '/home/nardaiv/px4ros2_ws/install/local_setup.sh'
[9.307s] INFO:colcon.colcon_core.shell:Creating prefix util module '/home/nardaiv/px4ros2_ws/install/_local_setup_util_sh.py'
[9.307s] INFO:colcon.colcon_core.shell:Creating prefix chain script '/home/nardaiv/px4ros2_ws/install/setup.sh'
[9.308s] INFO:colcon.colcon_core.shell:Creating prefix script '/home/nardaiv/px4ros2_ws/install/local_setup.bash'
[9.308s] INFO:colcon.colcon_core.shell:Creating prefix chain script '/home/nardaiv/px4ros2_ws/install/setup.bash'
[9.309s] INFO:colcon.colcon_core.shell:Creating prefix script '/home/nardaiv/px4ros2_ws/install/local_setup.zsh'
[9.309s] INFO:colcon.colcon_core.shell:Creating prefix chain script '/home/nardaiv/px4ros2_ws/install/setup.zsh'
