[0.066s] Invoking command in '/home/nardaiv/px4ros2_ws/build/px4_ros_com': CMAKE_PREFIX_PATH=/home/nardaiv/px4ros2_ws/install/px4_msgs:/home/nardaiv/px4ros2_ws/install/px4_ros_com:/opt/ros/humble LD_LIBRARY_PATH=/home/nardaiv/px4ros2_ws/install/px4_msgs/lib:/home/nardaiv/px4ros2_ws/install/px4_ros_com/lib:/opt/ros/humble/opt/rviz_ogre_vendor/lib:/opt/ros/humble/lib/x86_64-linux-gnu:/opt/ros/humble/lib /usr/bin/cmake --build /home/nardaiv/px4ros2_ws/build/px4_ros_com -- -j12 -l12
[0.131s] [ 83%] Built target vehicle_gps_position_listener
[0.132s] [ 83%] Built target frame_transforms
[0.132s] [ 83%] Built target sensor_combined_listener
[0.132s] [ 83%] Built target debug_vect_advertiser
[0.132s] [ 83%] Built target offboard_control_srv
[0.138s] [ 83%] Built target ament_cmake_python_copy_px4_ros_com
[0.146s] [35m[1mConsolidate compiler generated dependencies of target offboard_control[0m
[0.177s] [ 91%] [32mBuilding CXX object CMakeFiles/offboard_control.dir/src/examples/offboard/offboard_control.cpp.o[0m
[0.407s] running egg_info
[0.409s] writing px4_ros_com.egg-info/PKG-INFO
[0.409s] writing dependency_links to px4_ros_com.egg-info/dependency_links.txt
[0.410s] writing top-level names to px4_ros_com.egg-info/top_level.txt
[0.413s] reading manifest file 'px4_ros_com.egg-info/SOURCES.txt'
[0.413s] writing manifest file 'px4_ros_com.egg-info/SOURCES.txt'
[0.481s] [ 91%] Built target ament_cmake_python_build_px4_ros_com_egg
[14.131s] [100%] [32m[1mLinking CXX executable offboard_control[0m
[14.964s] [100%] Built target offboard_control
[14.979s] Invoked command in '/home/nardaiv/px4ros2_ws/build/px4_ros_com' returned '0': CMAKE_PREFIX_PATH=/home/nardaiv/px4ros2_ws/install/px4_msgs:/home/nardaiv/px4ros2_ws/install/px4_ros_com:/opt/ros/humble LD_LIBRARY_PATH=/home/nardaiv/px4ros2_ws/install/px4_msgs/lib:/home/nardaiv/px4ros2_ws/install/px4_ros_com/lib:/opt/ros/humble/opt/rviz_ogre_vendor/lib:/opt/ros/humble/lib/x86_64-linux-gnu:/opt/ros/humble/lib /usr/bin/cmake --build /home/nardaiv/px4ros2_ws/build/px4_ros_com -- -j12 -l12
[14.981s] Invoking command in '/home/nardaiv/px4ros2_ws/build/px4_ros_com': CMAKE_PREFIX_PATH=/home/nardaiv/px4ros2_ws/install/px4_msgs:/home/nardaiv/px4ros2_ws/install/px4_ros_com:/opt/ros/humble LD_LIBRARY_PATH=/home/nardaiv/px4ros2_ws/install/px4_msgs/lib:/home/nardaiv/px4ros2_ws/install/px4_ros_com/lib:/opt/ros/humble/opt/rviz_ogre_vendor/lib:/opt/ros/humble/lib/x86_64-linux-gnu:/opt/ros/humble/lib /usr/bin/cmake --install /home/nardaiv/px4ros2_ws/build/px4_ros_com
[14.989s] -- Install configuration: ""
[14.989s] -- Up-to-date: /home/nardaiv/px4ros2_ws/install/px4_ros_com/lib/px4_ros_com/sensor_combined_listener
[14.989s] -- Up-to-date: /home/nardaiv/px4ros2_ws/install/px4_ros_com/lib/px4_ros_com/vehicle_gps_position_listener
[14.989s] -- Up-to-date: /home/nardaiv/px4ros2_ws/install/px4_ros_com/lib/px4_ros_com/debug_vect_advertiser
[14.990s] -- Installing: /home/nardaiv/px4ros2_ws/install/px4_ros_com/lib/px4_ros_com/offboard_control
[14.998s] -- Set runtime path of "/home/nardaiv/px4ros2_ws/install/px4_ros_com/lib/px4_ros_com/offboard_control" to ""
[14.998s] -- Up-to-date: /home/nardaiv/px4ros2_ws/install/px4_ros_com/lib/px4_ros_com/offboard_control_srv
[14.999s] -- Up-to-date: /home/nardaiv/px4ros2_ws/install/px4_ros_com/share/px4_ros_com/environment/library_path.sh
[14.999s] -- Up-to-date: /home/nardaiv/px4ros2_ws/install/px4_ros_com/share/px4_ros_com/environment/library_path.dsv
[14.999s] -- Up-to-date: /home/nardaiv/px4ros2_ws/install/px4_ros_com/include/px4_ros_com
[14.999s] -- Up-to-date: /home/nardaiv/px4ros2_ws/install/px4_ros_com/include/px4_ros_com/frame_transforms.h
[14.999s] -- Up-to-date: /home/nardaiv/px4ros2_ws/install/px4_ros_com/lib/libframe_transforms.so
[15.000s] -- Up-to-date: /home/nardaiv/px4ros2_ws/install/px4_ros_com/share/px4_ros_com//launch
[15.000s] -- Up-to-date: /home/nardaiv/px4ros2_ws/install/px4_ros_com/share/px4_ros_com//launch/sensor_combined_listener.launch.py
[15.000s] -- Up-to-date: /home/nardaiv/px4ros2_ws/install/px4_ros_com/share/px4_ros_com//launch/offboard_control_launch.yaml
[15.000s] -- Up-to-date: /home/nardaiv/px4ros2_ws/install/px4_ros_com/share/px4_ros_com//test
[15.000s] -- Up-to-date: /home/nardaiv/px4ros2_ws/install/px4_ros_com/share/px4_ros_com//test/test_output.py
[15.000s] -- Up-to-date: /home/nardaiv/px4ros2_ws/install/px4_ros_com/share/px4_ros_com//test/test_input.py
[15.001s] -- Up-to-date: /home/nardaiv/px4ros2_ws/install/px4_ros_com/share/px4_ros_com//test/pipeline_io_test.py
[15.001s] -- Up-to-date: /home/nardaiv/px4ros2_ws/install/px4_ros_com/share/px4_ros_com//test/__init__.py
[15.001s] -- Up-to-date: /home/nardaiv/px4ros2_ws/install/px4_ros_com/share/px4_ros_com/environment/pythonpath.sh
[15.001s] -- Up-to-date: /home/nardaiv/px4ros2_ws/install/px4_ros_com/share/px4_ros_com/environment/pythonpath.dsv
[15.001s] -- Up-to-date: /home/nardaiv/px4ros2_ws/install/px4_ros_com/local/lib/python3.10/dist-packages/px4_ros_com-0.1.0-py3.10.egg-info
[15.001s] -- Installing: /home/nardaiv/px4ros2_ws/install/px4_ros_com/local/lib/python3.10/dist-packages/px4_ros_com-0.1.0-py3.10.egg-info/top_level.txt
[15.001s] -- Installing: /home/nardaiv/px4ros2_ws/install/px4_ros_com/local/lib/python3.10/dist-packages/px4_ros_com-0.1.0-py3.10.egg-info/SOURCES.txt
[15.001s] -- Installing: /home/nardaiv/px4ros2_ws/install/px4_ros_com/local/lib/python3.10/dist-packages/px4_ros_com-0.1.0-py3.10.egg-info/dependency_links.txt
[15.001s] -- Installing: /home/nardaiv/px4ros2_ws/install/px4_ros_com/local/lib/python3.10/dist-packages/px4_ros_com-0.1.0-py3.10.egg-info/PKG-INFO
[15.001s] -- Up-to-date: /home/nardaiv/px4ros2_ws/install/px4_ros_com/local/lib/python3.10/dist-packages/px4_ros_com
[15.001s] -- Up-to-date: /home/nardaiv/px4ros2_ws/install/px4_ros_com/local/lib/python3.10/dist-packages/px4_ros_com/module_to_import.py
[15.001s] -- Up-to-date: /home/nardaiv/px4ros2_ws/install/px4_ros_com/local/lib/python3.10/dist-packages/px4_ros_com/__init__.py
[15.035s] Listing '/home/nardaiv/px4ros2_ws/install/px4_ros_com/local/lib/python3.10/dist-packages/px4_ros_com'...
[15.041s] -- Up-to-date: /home/nardaiv/px4ros2_ws/install/px4_ros_com/lib/px4_ros_com/offboard_control.py
[15.042s] -- Up-to-date: /home/nardaiv/px4ros2_ws/install/px4_ros_com/share/ament_index/resource_index/package_run_dependencies/px4_ros_com
[15.042s] -- Up-to-date: /home/nardaiv/px4ros2_ws/install/px4_ros_com/share/ament_index/resource_index/parent_prefix_path/px4_ros_com
[15.043s] -- Up-to-date: /home/nardaiv/px4ros2_ws/install/px4_ros_com/share/px4_ros_com/environment/ament_prefix_path.sh
[15.043s] -- Up-to-date: /home/nardaiv/px4ros2_ws/install/px4_ros_com/share/px4_ros_com/environment/ament_prefix_path.dsv
[15.043s] -- Up-to-date: /home/nardaiv/px4ros2_ws/install/px4_ros_com/share/px4_ros_com/environment/path.sh
[15.043s] -- Up-to-date: /home/nardaiv/px4ros2_ws/install/px4_ros_com/share/px4_ros_com/environment/path.dsv
[15.043s] -- Up-to-date: /home/nardaiv/px4ros2_ws/install/px4_ros_com/share/px4_ros_com/local_setup.bash
[15.044s] -- Up-to-date: /home/nardaiv/px4ros2_ws/install/px4_ros_com/share/px4_ros_com/local_setup.sh
[15.044s] -- Up-to-date: /home/nardaiv/px4ros2_ws/install/px4_ros_com/share/px4_ros_com/local_setup.zsh
[15.044s] -- Up-to-date: /home/nardaiv/px4ros2_ws/install/px4_ros_com/share/px4_ros_com/local_setup.dsv
[15.044s] -- Installing: /home/nardaiv/px4ros2_ws/install/px4_ros_com/share/px4_ros_com/package.dsv
[15.044s] -- Up-to-date: /home/nardaiv/px4ros2_ws/install/px4_ros_com/share/ament_index/resource_index/packages/px4_ros_com
[15.044s] -- Up-to-date: /home/nardaiv/px4ros2_ws/install/px4_ros_com/share/px4_ros_com/cmake/export_frame_transformsExport.cmake
[15.045s] -- Up-to-date: /home/nardaiv/px4ros2_ws/install/px4_ros_com/share/px4_ros_com/cmake/export_frame_transformsExport-noconfig.cmake
[15.045s] -- Up-to-date: /home/nardaiv/px4ros2_ws/install/px4_ros_com/share/px4_ros_com/cmake/ament_cmake_export_dependencies-extras.cmake
[15.045s] -- Up-to-date: /home/nardaiv/px4ros2_ws/install/px4_ros_com/share/px4_ros_com/cmake/ament_cmake_export_targets-extras.cmake
[15.045s] -- Up-to-date: /home/nardaiv/px4ros2_ws/install/px4_ros_com/share/px4_ros_com/cmake/ament_cmake_export_include_directories-extras.cmake
[15.045s] -- Up-to-date: /home/nardaiv/px4ros2_ws/install/px4_ros_com/share/px4_ros_com/cmake/ament_cmake_export_libraries-extras.cmake
[15.045s] -- Up-to-date: /home/nardaiv/px4ros2_ws/install/px4_ros_com/share/px4_ros_com/cmake/px4_ros_comConfig.cmake
[15.045s] -- Up-to-date: /home/nardaiv/px4ros2_ws/install/px4_ros_com/share/px4_ros_com/cmake/px4_ros_comConfig-version.cmake
[15.045s] -- Up-to-date: /home/nardaiv/px4ros2_ws/install/px4_ros_com/share/px4_ros_com/package.xml
[15.048s] Invoked command in '/home/nardaiv/px4ros2_ws/build/px4_ros_com' returned '0': CMAKE_PREFIX_PATH=/home/nardaiv/px4ros2_ws/install/px4_msgs:/home/nardaiv/px4ros2_ws/install/px4_ros_com:/opt/ros/humble LD_LIBRARY_PATH=/home/nardaiv/px4ros2_ws/install/px4_msgs/lib:/home/nardaiv/px4ros2_ws/install/px4_ros_com/lib:/opt/ros/humble/opt/rviz_ogre_vendor/lib:/opt/ros/humble/lib/x86_64-linux-gnu:/opt/ros/humble/lib /usr/bin/cmake --install /home/nardaiv/px4ros2_ws/build/px4_ros_com
