[0.062s] Invoking command in '/home/nardaiv/px4ros2_ws/build/px4_ros_com': CMAKE_PREFIX_PATH=/home/nardaiv/px4ros2_ws/install/px4_msgs:/home/nardaiv/px4ros2_ws/install/px4_ros_com:/opt/ros/humble LD_LIBRARY_PATH=/home/nardaiv/px4ros2_ws/install/px4_msgs/lib:/home/nardaiv/px4ros2_ws/install/px4_ros_com/lib:/opt/ros/humble/opt/rviz_ogre_vendor/lib:/opt/ros/humble/lib/x86_64-linux-gnu:/opt/ros/humble/lib /usr/bin/cmake --build /home/nardaiv/px4ros2_ws/build/px4_ros_com -- -j12 -l12
[0.109s] [35m[1mConsolidate compiler generated dependencies of target offboard_control[0m
[0.116s] [ 16%] Built target sensor_combined_listener
[0.119s] [ 50%] Built target frame_transforms
[0.119s] [ 50%] Built target debug_vect_advertiser
[0.120s] [ 50%] Built target ament_cmake_python_copy_px4_ros_com
[0.122s] [ 66%] Built target offboard_control_srv
[0.125s] [ 83%] Built target vehicle_gps_position_listener
[0.131s] [ 91%] [32mBuilding CXX object CMakeFiles/offboard_control.dir/src/examples/offboard/offboard_control.cpp.o[0m
[0.363s] running egg_info
[0.363s] writing px4_ros_com.egg-info/PKG-INFO
[0.364s] writing dependency_links to px4_ros_com.egg-info/dependency_links.txt
[0.364s] writing top-level names to px4_ros_com.egg-info/top_level.txt
[0.366s] reading manifest file 'px4_ros_com.egg-info/SOURCES.txt'
[0.366s] writing manifest file 'px4_ros_com.egg-info/SOURCES.txt'
[0.404s] [ 91%] Built target ament_cmake_python_build_px4_ros_com_egg
[2.923s] [01m[K/home/nardaiv/px4ros2_ws/src/px4_ros_com/src/examples/offboard/offboard_control.cpp:[m[K In lambda function:
[2.923s] [01m[K/home/nardaiv/px4ros2_ws/src/px4_ros_com/src/examples/offboard/offboard_control.cpp:89:44:[m[K [01;31m[Kerror: [m[Kcannot convert ‘[01m[Kpx4_msgs::msg::VehicleOdometry_<std::allocator<void> >::_q_type[m[K’ {aka ‘[01m[Kstd::array<float, 4>[m[K’} to ‘[01m[Kfloat[m[K’ in assignment
[2.923s]    89 |                                 yaw = [01;31m[Kmsg->q[m[K;
[2.923s]       |                                       [01;31m[K~~~~~^[m[K
[2.923s]       |                                            [01;31m[K|[m[K
[2.923s]       |                                            [01;31m[Kpx4_msgs::msg::VehicleOdometry_<std::allocator<void> >::_q_type {aka std::array<float, 4>}[m[K
[2.925s] [01m[K/home/nardaiv/px4ros2_ws/src/px4_ros_com/src/examples/offboard/offboard_control.cpp:96:55:[m[K [01;31m[Kerror: [m[Kno match for ‘[01m[Koperator<<[m[K’ (operand types are ‘[01m[Kstd::basic_ostream<char>[m[K’ and ‘[01m[Kpx4_msgs::msg::VehicleOdometry_<std::allocator<void> >::_q_type[m[K’ {aka ‘[01m[Kstd::array<float, 4>[m[K’})
[2.925s]    96 |                                 [32m[Kstd::cout << "yaw = "[m[K [01;31m[K<<[m[K [34m[Kmsg->q[m[K << std::endl;
[2.925s]       |                                 [32m[K~~~~~~~~~~~~~~~~~~~~~[m[K [01;31m[K^~[m[K [34m[K~~~~~~[m[K
[2.925s]       |                                           [32m[K|[m[K                   [34m[K|[m[K
[2.925s]       |                                           [32m[K|[m[K                   [34m[Kpx4_msgs::msg::VehicleOdometry_<std::allocator<void> >::_q_type {aka std::array<float, 4>}[m[K
[2.925s]       |                                           [32m[Kstd::basic_ostream<char>[m[K
[2.925s] In file included from [01m[K/usr/include/c++/11/istream:39[m[K,
[2.925s]                  from [01m[K/usr/include/c++/11/sstream:38[m[K,
[2.925s]                  from [01m[K/home/nardaiv/px4ros2_ws/install/px4_msgs/include/px4_msgs/px4_msgs/msg/detail/offboard_control_mode__traits.hpp:10[m[K,
[2.925s]                  from [01m[K/home/nardaiv/px4ros2_ws/install/px4_msgs/include/px4_msgs/px4_msgs/msg/offboard_control_mode.hpp:9[m[K,
[2.926s]                  from [01m[K/home/nardaiv/px4ros2_ws/src/px4_ros_com/src/examples/offboard/offboard_control.cpp:41[m[K:
[2.926s] [01m[K/usr/include/c++/11/ostream:108:7:[m[K [01;36m[Knote: [m[Kcandidate: ‘[01m[Kstd::basic_ostream<_CharT, _Traits>::__ostream_type& std::basic_ostream<_CharT, _Traits>::operator<<(std::basic_ostream<_CharT, _Traits>::__ostream_type& (*)(std::basic_ostream<_CharT, _Traits>::__ostream_type&)) [with _CharT = char; _Traits = std::char_traits<char>; std::basic_ostream<_CharT, _Traits>::__ostream_type = std::basic_ostream<char>][m[K’
[2.926s]   108 |       [01;36m[Koperator[m[K<<(__ostream_type& (*__pf)(__ostream_type&))
[2.926s]       |       [01;36m[K^~~~~~~~[m[K
[2.926s] [01m[K/usr/include/c++/11/ostream:108:36:[m[K [01;36m[Knote: [m[K  no known conversion for argument 1 from ‘[01m[Kpx4_msgs::msg::VehicleOdometry_<std::allocator<void> >::_q_type[m[K’ {aka ‘[01m[Kstd::array<float, 4>[m[K’} to ‘[01m[Kstd::basic_ostream<char>::__ostream_type& (*)(std::basic_ostream<char>::__ostream_type&)[m[K’ {aka ‘[01m[Kstd::basic_ostream<char>& (*)(std::basic_ostream<char>&)[m[K’}
[2.927s]   108 |       operator<<([01;36m[K__ostream_type& (*__pf)(__ostream_type&)[m[K)
[2.927s]       |                  [01;36m[K~~~~~~~~~~~~~~~~~~^~~~~~~~~~~~~~~~~~~~~~[m[K
[2.927s] [01m[K/usr/include/c++/11/ostream:117:7:[m[K [01;36m[Knote: [m[Kcandidate: ‘[01m[Kstd::basic_ostream<_CharT, _Traits>::__ostream_type& std::basic_ostream<_CharT, _Traits>::operator<<(std::basic_ostream<_CharT, _Traits>::__ios_type& (*)(std::basic_ostream<_CharT, _Traits>::__ios_type&)) [with _CharT = char; _Traits = std::char_traits<char>; std::basic_ostream<_CharT, _Traits>::__ostream_type = std::basic_ostream<char>; std::basic_ostream<_CharT, _Traits>::__ios_type = std::basic_ios<char>][m[K’
[2.927s]   117 |       [01;36m[Koperator[m[K<<(__ios_type& (*__pf)(__ios_type&))
[2.927s]       |       [01;36m[K^~~~~~~~[m[K
[2.927s] [01m[K/usr/include/c++/11/ostream:117:32:[m[K [01;36m[Knote: [m[K  no known conversion for argument 1 from ‘[01m[Kpx4_msgs::msg::VehicleOdometry_<std::allocator<void> >::_q_type[m[K’ {aka ‘[01m[Kstd::array<float, 4>[m[K’} to ‘[01m[Kstd::basic_ostream<char>::__ios_type& (*)(std::basic_ostream<char>::__ios_type&)[m[K’ {aka ‘[01m[Kstd::basic_ios<char>& (*)(std::basic_ios<char>&)[m[K’}
[2.927s]   117 |       operator<<([01;36m[K__ios_type& (*__pf)(__ios_type&)[m[K)
[2.927s]       |                  [01;36m[K~~~~~~~~~~~~~~^~~~~~~~~~~~~~~~~~[m[K
[2.927s] [01m[K/usr/include/c++/11/ostream:127:7:[m[K [01;36m[Knote: [m[Kcandidate: ‘[01m[Kstd::basic_ostream<_CharT, _Traits>::__ostream_type& std::basic_ostream<_CharT, _Traits>::operator<<(std::ios_base& (*)(std::ios_base&)) [with _CharT = char; _Traits = std::char_traits<char>; std::basic_ostream<_CharT, _Traits>::__ostream_type = std::basic_ostream<char>][m[K’
[2.927s]   127 |       [01;36m[Koperator[m[K<<(ios_base& (*__pf) (ios_base&))
[2.928s]       |       [01;36m[K^~~~~~~~[m[K
[2.928s] [01m[K/usr/include/c++/11/ostream:127:30:[m[K [01;36m[Knote: [m[K  no known conversion for argument 1 from ‘[01m[Kpx4_msgs::msg::VehicleOdometry_<std::allocator<void> >::_q_type[m[K’ {aka ‘[01m[Kstd::array<float, 4>[m[K’} to ‘[01m[Kstd::ios_base& (*)(std::ios_base&)[m[K’
[2.929s]   127 |       operator<<([01;36m[Kios_base& (*__pf) (ios_base&)[m[K)
[2.929s]       |                  [01;36m[K~~~~~~~~~~~~^~~~~~~~~~~~~~~~~[m[K
[2.929s] [01m[K/usr/include/c++/11/ostream:166:7:[m[K [01;36m[Knote: [m[Kcandidate: ‘[01m[Kstd::basic_ostream<_CharT, _Traits>::__ostream_type& std::basic_ostream<_CharT, _Traits>::operator<<(long int) [with _CharT = char; _Traits = std::char_traits<char>; std::basic_ostream<_CharT, _Traits>::__ostream_type = std::basic_ostream<char>][m[K’
[2.929s]   166 |       [01;36m[Koperator[m[K<<(long __n)
[2.929s]       |       [01;36m[K^~~~~~~~[m[K
[2.929s] [01m[K/usr/include/c++/11/ostream:166:23:[m[K [01;36m[Knote: [m[K  no known conversion for argument 1 from ‘[01m[Kpx4_msgs::msg::VehicleOdometry_<std::allocator<void> >::_q_type[m[K’ {aka ‘[01m[Kstd::array<float, 4>[m[K’} to ‘[01m[Klong int[m[K’
[2.929s]   166 |       operator<<([01;36m[Klong __n[m[K)
[2.930s]       |                  [01;36m[K~~~~~^~~[m[K
[2.930s] [01m[K/usr/include/c++/11/ostream:170:7:[m[K [01;36m[Knote: [m[Kcandidate: ‘[01m[Kstd::basic_ostream<_CharT, _Traits>::__ostream_type& std::basic_ostream<_CharT, _Traits>::operator<<(long unsigned int) [with _CharT = char; _Traits = std::char_traits<char>; std::basic_ostream<_CharT, _Traits>::__ostream_type = std::basic_ostream<char>][m[K’
[2.930s]   170 |       [01;36m[Koperator[m[K<<(unsigned long __n)
[2.930s]       |       [01;36m[K^~~~~~~~[m[K
[2.930s] [01m[K/usr/include/c++/11/ostream:170:32:[m[K [01;36m[Knote: [m[K  no known conversion for argument 1 from ‘[01m[Kpx4_msgs::msg::VehicleOdometry_<std::allocator<void> >::_q_type[m[K’ {aka ‘[01m[Kstd::array<float, 4>[m[K’} to ‘[01m[Klong unsigned int[m[K’
[2.930s]   170 |       operator<<([01;36m[Kunsigned long __n[m[K)
[2.930s]       |                  [01;36m[K~~~~~~~~~~~~~~^~~[m[K
[2.930s] [01m[K/usr/include/c++/11/ostream:174:7:[m[K [01;36m[Knote: [m[Kcandidate: ‘[01m[Kstd::basic_ostream<_CharT, _Traits>::__ostream_type& std::basic_ostream<_CharT, _Traits>::operator<<(bool) [with _CharT = char; _Traits = std::char_traits<char>; std::basic_ostream<_CharT, _Traits>::__ostream_type = std::basic_ostream<char>][m[K’
[2.930s]   174 |       [01;36m[Koperator[m[K<<(bool __n)
[2.930s]       |       [01;36m[K^~~~~~~~[m[K
[2.930s] [01m[K/usr/include/c++/11/ostream:174:23:[m[K [01;36m[Knote: [m[K  no known conversion for argument 1 from ‘[01m[Kpx4_msgs::msg::VehicleOdometry_<std::allocator<void> >::_q_type[m[K’ {aka ‘[01m[Kstd::array<float, 4>[m[K’} to ‘[01m[Kbool[m[K’
[2.930s]   174 |       operator<<([01;36m[Kbool __n[m[K)
[2.930s]       |                  [01;36m[K~~~~~^~~[m[K
[2.930s] In file included from [01m[K/usr/include/c++/11/ostream:829[m[K,
[2.930s]                  from [01m[K/usr/include/c++/11/istream:39[m[K,
[2.930s]                  from [01m[K/usr/include/c++/11/sstream:38[m[K,
[2.930s]                  from [01m[K/home/nardaiv/px4ros2_ws/install/px4_msgs/include/px4_msgs/px4_msgs/msg/detail/offboard_control_mode__traits.hpp:10[m[K,
[2.930s]                  from [01m[K/home/nardaiv/px4ros2_ws/install/px4_msgs/include/px4_msgs/px4_msgs/msg/offboard_control_mode.hpp:9[m[K,
[2.930s]                  from [01m[K/home/nardaiv/px4ros2_ws/src/px4_ros_com/src/examples/offboard/offboard_control.cpp:41[m[K:
[2.930s] [01m[K/usr/include/c++/11/bits/ostream.tcc:91:5:[m[K [01;36m[Knote: [m[Kcandidate: ‘[01m[Kstd::basic_ostream<_Ch, _Tr>& std::basic_ostream<_CharT, _Traits>::operator<<(short int) [with _CharT = char; _Traits = std::char_traits<char>][m[K’
[2.930s]    91 |     [01;36m[Kbasic_ostream<_CharT, _Traits>[m[K::
[2.931s]       |     [01;36m[K^~~~~~~~~~~~~~~~~~~~~~~~~~~~~~[m[K
[2.931s] [01m[K/usr/include/c++/11/bits/ostream.tcc:92:22:[m[K [01;36m[Knote: [m[K  no known conversion for argument 1 from ‘[01m[Kpx4_msgs::msg::VehicleOdometry_<std::allocator<void> >::_q_type[m[K’ {aka ‘[01m[Kstd::array<float, 4>[m[K’} to ‘[01m[Kshort int[m[K’
[2.931s]    92 |     operator<<([01;36m[Kshort __n[m[K)
[2.931s]       |                [01;36m[K~~~~~~^~~[m[K
[2.931s] In file included from [01m[K/usr/include/c++/11/istream:39[m[K,
[2.931s]                  from [01m[K/usr/include/c++/11/sstream:38[m[K,
[2.931s]                  from [01m[K/home/nardaiv/px4ros2_ws/install/px4_msgs/include/px4_msgs/px4_msgs/msg/detail/offboard_control_mode__traits.hpp:10[m[K,
[2.931s]                  from [01m[K/home/nardaiv/px4ros2_ws/install/px4_msgs/include/px4_msgs/px4_msgs/msg/offboard_control_mode.hpp:9[m[K,
[2.931s]                  from [01m[K/home/nardaiv/px4ros2_ws/src/px4_ros_com/src/examples/offboard/offboard_control.cpp:41[m[K:
[2.931s] [01m[K/usr/include/c++/11/ostream:181:7:[m[K [01;36m[Knote: [m[Kcandidate: ‘[01m[Kstd::basic_ostream<_CharT, _Traits>::__ostream_type& std::basic_ostream<_CharT, _Traits>::operator<<(short unsigned int) [with _CharT = char; _Traits = std::char_traits<char>; std::basic_ostream<_CharT, _Traits>::__ostream_type = std::basic_ostream<char>][m[K’
[2.931s]   181 |       [01;36m[Koperator[m[K<<(unsigned short __n)
[2.931s]       |       [01;36m[K^~~~~~~~[m[K
[2.931s] [01m[K/usr/include/c++/11/ostream:181:33:[m[K [01;36m[Knote: [m[K  no known conversion for argument 1 from ‘[01m[Kpx4_msgs::msg::VehicleOdometry_<std::allocator<void> >::_q_type[m[K’ {aka ‘[01m[Kstd::array<float, 4>[m[K’} to ‘[01m[Kshort unsigned int[m[K’
[2.931s]   181 |       operator<<([01;36m[Kunsigned short __n[m[K)
[2.931s]       |                  [01;36m[K~~~~~~~~~~~~~~~^~~[m[K
[2.931s] In file included from [01m[K/usr/include/c++/11/ostream:829[m[K,
[2.931s]                  from [01m[K/usr/include/c++/11/istream:39[m[K,
[2.931s]                  from [01m[K/usr/include/c++/11/sstream:38[m[K,
[2.931s]                  from [01m[K/home/nardaiv/px4ros2_ws/install/px4_msgs/include/px4_msgs/px4_msgs/msg/detail/offboard_control_mode__traits.hpp:10[m[K,
[2.932s]                  from [01m[K/home/nardaiv/px4ros2_ws/install/px4_msgs/include/px4_msgs/px4_msgs/msg/offboard_control_mode.hpp:9[m[K,
[2.932s]                  from [01m[K/home/nardaiv/px4ros2_ws/src/px4_ros_com/src/examples/offboard/offboard_control.cpp:41[m[K:
[2.932s] [01m[K/usr/include/c++/11/bits/ostream.tcc:105:5:[m[K [01;36m[Knote: [m[Kcandidate: ‘[01m[Kstd::basic_ostream<_Ch, _Tr>& std::basic_ostream<_CharT, _Traits>::operator<<(int) [with _CharT = char; _Traits = std::char_traits<char>][m[K’
[2.932s]   105 |     [01;36m[Kbasic_ostream<_CharT, _Traits>[m[K::
[2.932s]       |     [01;36m[K^~~~~~~~~~~~~~~~~~~~~~~~~~~~~~[m[K
[2.932s] [01m[K/usr/include/c++/11/bits/ostream.tcc:106:20:[m[K [01;36m[Knote: [m[K  no known conversion for argument 1 from ‘[01m[Kpx4_msgs::msg::VehicleOdometry_<std::allocator<void> >::_q_type[m[K’ {aka ‘[01m[Kstd::array<float, 4>[m[K’} to ‘[01m[Kint[m[K’
[2.932s]   106 |     operator<<([01;36m[Kint __n[m[K)
[2.932s]       |                [01;36m[K~~~~^~~[m[K
[2.932s] In file included from [01m[K/usr/include/c++/11/istream:39[m[K,
[2.932s]                  from [01m[K/usr/include/c++/11/sstream:38[m[K,
[2.932s]                  from [01m[K/home/nardaiv/px4ros2_ws/install/px4_msgs/include/px4_msgs/px4_msgs/msg/detail/offboard_control_mode__traits.hpp:10[m[K,
[2.932s]                  from [01m[K/home/nardaiv/px4ros2_ws/install/px4_msgs/include/px4_msgs/px4_msgs/msg/offboard_control_mode.hpp:9[m[K,
[2.932s]                  from [01m[K/home/nardaiv/px4ros2_ws/src/px4_ros_com/src/examples/offboard/offboard_control.cpp:41[m[K:
[2.932s] [01m[K/usr/include/c++/11/ostream:192:7:[m[K [01;36m[Knote: [m[Kcandidate: ‘[01m[Kstd::basic_ostream<_CharT, _Traits>::__ostream_type& std::basic_ostream<_CharT, _Traits>::operator<<(unsigned int) [with _CharT = char; _Traits = std::char_traits<char>; std::basic_ostream<_CharT, _Traits>::__ostream_type = std::basic_ostream<char>][m[K’
[2.932s]   192 |       [01;36m[Koperator[m[K<<(unsigned int __n)
[2.932s]       |       [01;36m[K^~~~~~~~[m[K
[2.932s] [01m[K/usr/include/c++/11/ostream:192:31:[m[K [01;36m[Knote: [m[K  no known conversion for argument 1 from ‘[01m[Kpx4_msgs::msg::VehicleOdometry_<std::allocator<void> >::_q_type[m[K’ {aka ‘[01m[Kstd::array<float, 4>[m[K’} to ‘[01m[Kunsigned int[m[K’
[2.932s]   192 |       operator<<([01;36m[Kunsigned int __n[m[K)
[2.932s]       |                  [01;36m[K~~~~~~~~~~~~~^~~[m[K
[2.933s] [01m[K/usr/include/c++/11/ostream:201:7:[m[K [01;36m[Knote: [m[Kcandidate: ‘[01m[Kstd::basic_ostream<_CharT, _Traits>::__ostream_type& std::basic_ostream<_CharT, _Traits>::operator<<(long long int) [with _CharT = char; _Traits = std::char_traits<char>; std::basic_ostream<_CharT, _Traits>::__ostream_type = std::basic_ostream<char>][m[K’
[2.933s]   201 |       [01;36m[Koperator[m[K<<(long long __n)
[2.933s]       |       [01;36m[K^~~~~~~~[m[K
[2.933s] [01m[K/usr/include/c++/11/ostream:201:28:[m[K [01;36m[Knote: [m[K  no known conversion for argument 1 from ‘[01m[Kpx4_msgs::msg::VehicleOdometry_<std::allocator<void> >::_q_type[m[K’ {aka ‘[01m[Kstd::array<float, 4>[m[K’} to ‘[01m[Klong long int[m[K’
[2.933s]   201 |       operator<<([01;36m[Klong long __n[m[K)
[2.933s]       |                  [01;36m[K~~~~~~~~~~^~~[m[K
[2.933s] [01m[K/usr/include/c++/11/ostream:205:7:[m[K [01;36m[Knote: [m[Kcandidate: ‘[01m[Kstd::basic_ostream<_CharT, _Traits>::__ostream_type& std::basic_ostream<_CharT, _Traits>::operator<<(long long unsigned int) [with _CharT = char; _Traits = std::char_traits<char>; std::basic_ostream<_CharT, _Traits>::__ostream_type = std::basic_ostream<char>][m[K’
[2.933s]   205 |       [01;36m[Koperator[m[K<<(unsigned long long __n)
[2.933s]       |       [01;36m[K^~~~~~~~[m[K
[2.933s] [01m[K/usr/include/c++/11/ostream:205:37:[m[K [01;36m[Knote: [m[K  no known conversion for argument 1 from ‘[01m[Kpx4_msgs::msg::VehicleOdometry_<std::allocator<void> >::_q_type[m[K’ {aka ‘[01m[Kstd::array<float, 4>[m[K’} to ‘[01m[Klong long unsigned int[m[K’
[2.933s]   205 |       operator<<([01;36m[Kunsigned long long __n[m[K)
[2.933s]       |                  [01;36m[K~~~~~~~~~~~~~~~~~~~^~~[m[K
[2.933s] [01m[K/usr/include/c++/11/ostream:220:7:[m[K [01;36m[Knote: [m[Kcandidate: ‘[01m[Kstd::basic_ostream<_CharT, _Traits>::__ostream_type& std::basic_ostream<_CharT, _Traits>::operator<<(double) [with _CharT = char; _Traits = std::char_traits<char>; std::basic_ostream<_CharT, _Traits>::__ostream_type = std::basic_ostream<char>][m[K’
[2.933s]   220 |       [01;36m[Koperator[m[K<<(double __f)
[2.933s]       |       [01;36m[K^~~~~~~~[m[K
[2.933s] [01m[K/usr/include/c++/11/ostream:220:25:[m[K [01;36m[Knote: [m[K  no known conversion for argument 1 from ‘[01m[Kpx4_msgs::msg::VehicleOdometry_<std::allocator<void> >::_q_type[m[K’ {aka ‘[01m[Kstd::array<float, 4>[m[K’} to ‘[01m[Kdouble[m[K’
[2.933s]   220 |       operator<<([01;36m[Kdouble __f[m[K)
[2.933s]       |                  [01;36m[K~~~~~~~^~~[m[K
[2.933s] [01m[K/usr/include/c++/11/ostream:224:7:[m[K [01;36m[Knote: [m[Kcandidate: ‘[01m[Kstd::basic_ostream<_CharT, _Traits>::__ostream_type& std::basic_ostream<_CharT, _Traits>::operator<<(float) [with _CharT = char; _Traits = std::char_traits<char>; std::basic_ostream<_CharT, _Traits>::__ostream_type = std::basic_ostream<char>][m[K’
[2.933s]   224 |       [01;36m[Koperator[m[K<<(float __f)
[2.933s]       |       [01;36m[K^~~~~~~~[m[K
[2.933s] [01m[K/usr/include/c++/11/ostream:224:24:[m[K [01;36m[Knote: [m[K  no known conversion for argument 1 from ‘[01m[Kpx4_msgs::msg::VehicleOdometry_<std::allocator<void> >::_q_type[m[K’ {aka ‘[01m[Kstd::array<float, 4>[m[K’} to ‘[01m[Kfloat[m[K’
[2.933s]   224 |       operator<<([01;36m[Kfloat __f[m[K)
[2.934s]       |                  [01;36m[K~~~~~~^~~[m[K
[2.934s] [01m[K/usr/include/c++/11/ostream:232:7:[m[K [01;36m[Knote: [m[Kcandidate: ‘[01m[Kstd::basic_ostream<_CharT, _Traits>::__ostream_type& std::basic_ostream<_CharT, _Traits>::operator<<(long double) [with _CharT = char; _Traits = std::char_traits<char>; std::basic_ostream<_CharT, _Traits>::__ostream_type = std::basic_ostream<char>][m[K’
[2.934s]   232 |       [01;36m[Koperator[m[K<<(long double __f)
[2.934s]       |       [01;36m[K^~~~~~~~[m[K
[2.934s] [01m[K/usr/include/c++/11/ostream:232:30:[m[K [01;36m[Knote: [m[K  no known conversion for argument 1 from ‘[01m[Kpx4_msgs::msg::VehicleOdometry_<std::allocator<void> >::_q_type[m[K’ {aka ‘[01m[Kstd::array<float, 4>[m[K’} to ‘[01m[Klong double[m[K’
[2.934s]   232 |       operator<<([01;36m[Klong double __f[m[K)
[2.934s]       |                  [01;36m[K~~~~~~~~~~~~^~~[m[K
[2.934s] [01m[K/usr/include/c++/11/ostream:245:7:[m[K [01;36m[Knote: [m[Kcandidate: ‘[01m[Kstd::basic_ostream<_CharT, _Traits>::__ostream_type& std::basic_ostream<_CharT, _Traits>::operator<<(const void*) [with _CharT = char; _Traits = std::char_traits<char>; std::basic_ostream<_CharT, _Traits>::__ostream_type = std::basic_ostream<char>][m[K’
[2.934s]   245 |       [01;36m[Koperator[m[K<<(const void* __p)
[2.934s]       |       [01;36m[K^~~~~~~~[m[K
[2.934s] [01m[K/usr/include/c++/11/ostream:245:30:[m[K [01;36m[Knote: [m[K  no known conversion for argument 1 from ‘[01m[Kpx4_msgs::msg::VehicleOdometry_<std::allocator<void> >::_q_type[m[K’ {aka ‘[01m[Kstd::array<float, 4>[m[K’} to ‘[01m[Kconst void*[m[K’
[2.934s]   245 |       operator<<([01;36m[Kconst void* __p[m[K)
[2.934s]       |                  [01;36m[K~~~~~~~~~~~~^~~[m[K
[2.934s] [01m[K/usr/include/c++/11/ostream:250:7:[m[K [01;36m[Knote: [m[Kcandidate: ‘[01m[Kstd::basic_ostream<_CharT, _Traits>::__ostream_type& std::basic_ostream<_CharT, _Traits>::operator<<(std::nullptr_t) [with _CharT = char; _Traits = std::char_traits<char>; std::basic_ostream<_CharT, _Traits>::__ostream_type = std::basic_ostream<char>; std::nullptr_t = std::nullptr_t][m[K’
[2.934s]   250 |       [01;36m[Koperator[m[K<<(nullptr_t)
[2.935s]       |       [01;36m[K^~~~~~~~[m[K
[2.935s] [01m[K/usr/include/c++/11/ostream:250:18:[m[K [01;36m[Knote: [m[K  no known conversion for argument 1 from ‘[01m[Kpx4_msgs::msg::VehicleOdometry_<std::allocator<void> >::_q_type[m[K’ {aka ‘[01m[Kstd::array<float, 4>[m[K’} to ‘[01m[Kstd::nullptr_t[m[K’
[2.935s]   250 |       operator<<([01;36m[Knullptr_t[m[K)
[2.935s]       |                  [01;36m[K^~~~~~~~~[m[K
[2.935s] In file included from [01m[K/usr/include/c++/11/ostream:829[m[K,
[2.935s]                  from [01m[K/usr/include/c++/11/istream:39[m[K,
[2.935s]                  from [01m[K/usr/include/c++/11/sstream:38[m[K,
[2.935s]                  from [01m[K/home/nardaiv/px4ros2_ws/install/px4_msgs/include/px4_msgs/px4_msgs/msg/detail/offboard_control_mode__traits.hpp:10[m[K,
[2.935s]                  from [01m[K/home/nardaiv/px4ros2_ws/install/px4_msgs/include/px4_msgs/px4_msgs/msg/offboard_control_mode.hpp:9[m[K,
[2.935s]                  from [01m[K/home/nardaiv/px4ros2_ws/src/px4_ros_com/src/examples/offboard/offboard_control.cpp:41[m[K:
[2.935s] [01m[K/usr/include/c++/11/bits/ostream.tcc:119:5:[m[K [01;36m[Knote: [m[Kcandidate: ‘[01m[Kstd::basic_ostream<_Ch, _Tr>& std::basic_ostream<_CharT, _Traits>::operator<<(std::basic_ostream<_CharT, _Traits>::__streambuf_type*) [with _CharT = char; _Traits = std::char_traits<char>; std::basic_ostream<_CharT, _Traits>::__streambuf_type = std::basic_streambuf<char>][m[K’
[2.935s]   119 |     [01;36m[Kbasic_ostream<_CharT, _Traits>[m[K::
[2.935s]       |     [01;36m[K^~~~~~~~~~~~~~~~~~~~~~~~~~~~~~[m[K
[2.935s] [01m[K/usr/include/c++/11/bits/ostream.tcc:120:34:[m[K [01;36m[Knote: [m[K  no known conversion for argument 1 from ‘[01m[Kpx4_msgs::msg::VehicleOdometry_<std::allocator<void> >::_q_type[m[K’ {aka ‘[01m[Kstd::array<float, 4>[m[K’} to ‘[01m[Kstd::basic_ostream<char>::__streambuf_type*[m[K’ {aka ‘[01m[Kstd::basic_streambuf<char>*[m[K’}
[2.935s]   120 |     operator<<([01;36m[K__streambuf_type* __sbin[m[K)
[2.935s]       |                [01;36m[K~~~~~~~~~~~~~~~~~~^~~~~~[m[K
[2.935s] In file included from [01m[K/usr/include/c++/11/memory:77[m[K,
[2.935s]                  from [01m[K/home/nardaiv/px4ros2_ws/install/px4_msgs/include/px4_msgs/px4_msgs/msg/detail/offboard_control_mode__struct.hpp:10[m[K,
[2.935s]                  from [01m[K/home/nardaiv/px4ros2_ws/install/px4_msgs/include/px4_msgs/px4_msgs/msg/offboard_control_mode.hpp:7[m[K,
[2.935s]                  from [01m[K/home/nardaiv/px4ros2_ws/src/px4_ros_com/src/examples/offboard/offboard_control.cpp:41[m[K:
[2.935s] [01m[K/usr/include/c++/11/bits/shared_ptr.h:70:5:[m[K [01;36m[Knote: [m[Kcandidate: ‘[01m[Ktemplate<class _Ch, class _Tr, class _Tp, __gnu_cxx::_Lock_policy _Lp> std::basic_ostream<_Ch, _Tr>& std::operator<<(std::basic_ostream<_Ch, _Tr>&, const std::__shared_ptr<_Tp, _Lp>&)[m[K’
[2.936s]    70 |     [01;36m[Koperator[m[K<<(std::basic_ostream<_Ch, _Tr>& __os,
[2.936s]       |     [01;36m[K^~~~~~~~[m[K
[2.936s] [01m[K/usr/include/c++/11/bits/shared_ptr.h:70:5:[m[K [01;36m[Knote: [m[K  template argument deduction/substitution failed:
[2.936s] [01m[K/home/nardaiv/px4ros2_ws/src/px4_ros_com/src/examples/offboard/offboard_control.cpp:96:63:[m[K [01;36m[Knote: [m[K  ‘[01m[Kpx4_msgs::msg::VehicleOdometry_<std::allocator<void> >::_q_type[m[K’ {aka ‘[01m[Kstd::array<float, 4>[m[K’} is not derived from ‘[01m[Kconst std::__shared_ptr<_Tp, _Lp>[m[K’
[2.936s]    96 |                                 std::cout << "yaw = " << msg->[01;36m[Kq[m[K << std::endl;
[2.936s]       |                                                               [01;36m[K^[m[K
[2.936s] In file included from [01m[K/usr/include/c++/11/bits/basic_string.h:48[m[K,
[2.936s]                  from [01m[K/usr/include/c++/11/string:55[m[K,
[2.936s]                  from [01m[K/home/nardaiv/px4ros2_ws/install/px4_msgs/include/px4_msgs/px4_msgs/msg/detail/offboard_control_mode__struct.hpp:11[m[K,
[2.936s]                  from [01m[K/home/nardaiv/px4ros2_ws/install/px4_msgs/include/px4_msgs/px4_msgs/msg/offboard_control_mode.hpp:7[m[K,
[2.936s]                  from [01m[K/home/nardaiv/px4ros2_ws/src/px4_ros_com/src/examples/offboard/offboard_control.cpp:41[m[K:
[2.936s] [01m[K/usr/include/c++/11/string_view:667:5:[m[K [01;36m[Knote: [m[Kcandidate: ‘[01m[Ktemplate<class _CharT, class _Traits> std::basic_ostream<_Ch, _Tr>& std::operator<<(std::basic_ostream<_Ch, _Tr>&, std::basic_string_view<_CharT, _Traits>)[m[K’
[2.936s]   667 |     [01;36m[Koperator[m[K<<(basic_ostream<_CharT, _Traits>& __os,
[2.936s]       |     [01;36m[K^~~~~~~~[m[K
[2.936s] [01m[K/usr/include/c++/11/string_view:667:5:[m[K [01;36m[Knote: [m[K  template argument deduction/substitution failed:
[2.936s] [01m[K/home/nardaiv/px4ros2_ws/src/px4_ros_com/src/examples/offboard/offboard_control.cpp:96:63:[m[K [01;36m[Knote: [m[K  ‘[01m[Kstd::array<float, 4>[m[K’ is not derived from ‘[01m[Kstd::basic_string_view<_CharT, _Traits>[m[K’
[2.936s]    96 |                                 std::cout << "yaw = " << msg->[01;36m[Kq[m[K << std::endl;
[2.936s]       |                                                               [01;36m[K^[m[K
[2.936s] In file included from [01m[K/usr/include/c++/11/string:55[m[K,
[2.936s]                  from [01m[K/home/nardaiv/px4ros2_ws/install/px4_msgs/include/px4_msgs/px4_msgs/msg/detail/offboard_control_mode__struct.hpp:11[m[K,
[2.936s]                  from [01m[K/home/nardaiv/px4ros2_ws/install/px4_msgs/include/px4_msgs/px4_msgs/msg/offboard_control_mode.hpp:7[m[K,
[2.937s]                  from [01m[K/home/nardaiv/px4ros2_ws/src/px4_ros_com/src/examples/offboard/offboard_control.cpp:41[m[K:
[2.937s] [01m[K/usr/include/c++/11/bits/basic_string.h:6531:5:[m[K [01;36m[Knote: [m[Kcandidate: ‘[01m[Ktemplate<class _CharT, class _Traits, class _Alloc> std::basic_ostream<_Ch, _Tr>& std::operator<<(std::basic_ostream<_Ch, _Tr>&, const std::__cxx11::basic_string<_CharT, _Traits, _Allocator>&)[m[K’
[2.937s]  6531 |     [01;36m[Koperator[m[K<<(basic_ostream<_CharT, _Traits>& __os,
[2.937s]       |     [01;36m[K^~~~~~~~[m[K
[2.937s] [01m[K/usr/include/c++/11/bits/basic_string.h:6531:5:[m[K [01;36m[Knote: [m[K  template argument deduction/substitution failed:
[2.937s] [01m[K/home/nardaiv/px4ros2_ws/src/px4_ros_com/src/examples/offboard/offboard_control.cpp:96:63:[m[K [01;36m[Knote: [m[K  ‘[01m[Kpx4_msgs::msg::VehicleOdometry_<std::allocator<void> >::_q_type[m[K’ {aka ‘[01m[Kstd::array<float, 4>[m[K’} is not derived from ‘[01m[Kconst std::__cxx11::basic_string<_CharT, _Traits, _Allocator>[m[K’
[2.937s]    96 |                                 std::cout << "yaw = " << msg->[01;36m[Kq[m[K << std::endl;
[2.937s]       |                                                               [01;36m[K^[m[K
[2.937s] In file included from [01m[K/usr/include/c++/11/bits/ios_base.h:46[m[K,
[2.937s]                  from [01m[K/usr/include/c++/11/ios:42[m[K,
[2.937s]                  from [01m[K/usr/include/c++/11/istream:38[m[K,
[2.937s]                  from [01m[K/usr/include/c++/11/sstream:38[m[K,
[2.937s]                  from [01m[K/home/nardaiv/px4ros2_ws/install/px4_msgs/include/px4_msgs/px4_msgs/msg/detail/offboard_control_mode__traits.hpp:10[m[K,
[2.937s]                  from [01m[K/home/nardaiv/px4ros2_ws/install/px4_msgs/include/px4_msgs/px4_msgs/msg/offboard_control_mode.hpp:9[m[K,
[2.937s]                  from [01m[K/home/nardaiv/px4ros2_ws/src/px4_ros_com/src/examples/offboard/offboard_control.cpp:41[m[K:
[2.937s] [01m[K/usr/include/c++/11/system_error:279:5:[m[K [01;36m[Knote: [m[Kcandidate: ‘[01m[Ktemplate<class _CharT, class _Traits> std::basic_ostream<_Ch, _Tr>& std::operator<<(std::basic_ostream<_Ch, _Tr>&, const std::error_code&)[m[K’
[2.937s]   279 |     [01;36m[Koperator[m[K<<(basic_ostream<_CharT, _Traits>& __os, const error_code& __e)
[2.937s]       |     [01;36m[K^~~~~~~~[m[K
[2.937s] [01m[K/usr/include/c++/11/system_error:279:5:[m[K [01;36m[Knote: [m[K  template argument deduction/substitution failed:
[2.937s] [01m[K/home/nardaiv/px4ros2_ws/src/px4_ros_com/src/examples/offboard/offboard_control.cpp:96:63:[m[K [01;36m[Knote: [m[K  cannot convert ‘[01m[Kmsg.std::unique_ptr<px4_msgs::msg::VehicleOdometry_<std::allocator<void> >, std::default_delete<px4_msgs::msg::VehicleOdometry_<std::allocator<void> > > >::operator->()->px4_msgs::msg::VehicleOdometry_<std::allocator<void> >::q[m[K’ (type ‘[01m[Kpx4_msgs::msg::VehicleOdometry_<std::allocator<void> >::_q_type[m[K’ {aka ‘[01m[Kstd::array<float, 4>[m[K’}) to type ‘[01m[Kconst std::error_code&[m[K’
[2.937s]    96 |                                 std::cout << "yaw = " << [01;36m[Kmsg->q[m[K << std::endl;
[2.937s]       |                                                          [01;36m[K~~~~~^[m[K
[2.938s] In file included from [01m[K/usr/include/c++/11/istream:39[m[K,
[2.938s]                  from [01m[K/usr/include/c++/11/sstream:38[m[K,
[2.938s]                  from [01m[K/home/nardaiv/px4ros2_ws/install/px4_msgs/include/px4_msgs/px4_msgs/msg/detail/offboard_control_mode__traits.hpp:10[m[K,
[2.938s]                  from [01m[K/home/nardaiv/px4ros2_ws/install/px4_msgs/include/px4_msgs/px4_msgs/msg/offboard_control_mode.hpp:9[m[K,
[2.938s]                  from [01m[K/home/nardaiv/px4ros2_ws/src/px4_ros_com/src/examples/offboard/offboard_control.cpp:41[m[K:
[2.938s] [01m[K/usr/include/c++/11/ostream:513:5:[m[K [01;36m[Knote: [m[Kcandidate: ‘[01m[Ktemplate<class _CharT, class _Traits> std::basic_ostream<_Ch, _Tr>& std::operator<<(std::basic_ostream<_Ch, _Tr>&, _CharT)[m[K’
[2.938s]   513 |     [01;36m[Koperator[m[K<<(basic_ostream<_CharT, _Traits>& __out, _CharT __c)
[2.938s]       |     [01;36m[K^~~~~~~~[m[K
[2.938s] [01m[K/usr/include/c++/11/ostream:513:5:[m[K [01;36m[Knote: [m[K  template argument deduction/substitution failed:
[2.938s] [01m[K/home/nardaiv/px4ros2_ws/src/px4_ros_com/src/examples/offboard/offboard_control.cpp:96:63:[m[K [01;36m[Knote: [m[K  deduced conflicting types for parameter ‘[01m[K_CharT[m[K’ (‘[01m[Kchar[m[K’ and ‘[01m[Kstd::array<float, 4>[m[K’)
[2.938s]    96 |                                 std::cout << "yaw = " << msg->[01;36m[Kq[m[K << std::endl;
[2.938s]       |                                                               [01;36m[K^[m[K
[2.938s] In file included from [01m[K/usr/include/c++/11/istream:39[m[K,
[2.938s]                  from [01m[K/usr/include/c++/11/sstream:38[m[K,
[2.938s]                  from [01m[K/home/nardaiv/px4ros2_ws/install/px4_msgs/include/px4_msgs/px4_msgs/msg/detail/offboard_control_mode__traits.hpp:10[m[K,
[2.938s]                  from [01m[K/home/nardaiv/px4ros2_ws/install/px4_msgs/include/px4_msgs/px4_msgs/msg/offboard_control_mode.hpp:9[m[K,
[2.939s]                  from [01m[K/home/nardaiv/px4ros2_ws/src/px4_ros_com/src/examples/offboard/offboard_control.cpp:41[m[K:
[2.939s] [01m[K/usr/include/c++/11/ostream:518:5:[m[K [01;36m[Knote: [m[Kcandidate: ‘[01m[Ktemplate<class _CharT, class _Traits> std::basic_ostream<_Ch, _Tr>& std::operator<<(std::basic_ostream<_Ch, _Tr>&, char)[m[K’
[2.939s]   518 |     [01;36m[Koperator[m[K<<(basic_ostream<_CharT, _Traits>& __out, char __c)
[2.939s]       |     [01;36m[K^~~~~~~~[m[K
[2.939s] [01m[K/usr/include/c++/11/ostream:518:5:[m[K [01;36m[Knote: [m[K  template argument deduction/substitution failed:
[2.939s] [01m[K/home/nardaiv/px4ros2_ws/src/px4_ros_com/src/examples/offboard/offboard_control.cpp:96:63:[m[K [01;36m[Knote: [m[K  cannot convert ‘[01m[Kmsg.std::unique_ptr<px4_msgs::msg::VehicleOdometry_<std::allocator<void> >, std::default_delete<px4_msgs::msg::VehicleOdometry_<std::allocator<void> > > >::operator->()->px4_msgs::msg::VehicleOdometry_<std::allocator<void> >::q[m[K’ (type ‘[01m[Kpx4_msgs::msg::VehicleOdometry_<std::allocator<void> >::_q_type[m[K’ {aka ‘[01m[Kstd::array<float, 4>[m[K’}) to type ‘[01m[Kchar[m[K’
[2.939s]    96 |                                 std::cout << "yaw = " << [01;36m[Kmsg->q[m[K << std::endl;
[2.939s]       |                                                          [01;36m[K~~~~~^[m[K
[2.939s] In file included from [01m[K/usr/include/c++/11/istream:39[m[K,
[2.939s]                  from [01m[K/usr/include/c++/11/sstream:38[m[K,
[2.939s]                  from [01m[K/home/nardaiv/px4ros2_ws/install/px4_msgs/include/px4_msgs/px4_msgs/msg/detail/offboard_control_mode__traits.hpp:10[m[K,
[2.939s]                  from [01m[K/home/nardaiv/px4ros2_ws/install/px4_msgs/include/px4_msgs/px4_msgs/msg/offboard_control_mode.hpp:9[m[K,
[2.939s]                  from [01m[K/home/nardaiv/px4ros2_ws/src/px4_ros_com/src/examples/offboard/offboard_control.cpp:41[m[K:
[2.939s] [01m[K/usr/include/c++/11/ostream:524:5:[m[K [01;36m[Knote: [m[Kcandidate: ‘[01m[Ktemplate<class _Traits> std::basic_ostream<char, _Traits>& std::operator<<(std::basic_ostream<char, _Traits>&, char)[m[K’
[2.939s]   524 |     [01;36m[Koperator[m[K<<(basic_ostream<char, _Traits>& __out, char __c)
[2.939s]       |     [01;36m[K^~~~~~~~[m[K
[2.939s] [01m[K/usr/include/c++/11/ostream:524:5:[m[K [01;36m[Knote: [m[K  template argument deduction/substitution failed:
[2.940s] [01m[K/home/nardaiv/px4ros2_ws/src/px4_ros_com/src/examples/offboard/offboard_control.cpp:96:63:[m[K [01;36m[Knote: [m[K  cannot convert ‘[01m[Kmsg.std::unique_ptr<px4_msgs::msg::VehicleOdometry_<std::allocator<void> >, std::default_delete<px4_msgs::msg::VehicleOdometry_<std::allocator<void> > > >::operator->()->px4_msgs::msg::VehicleOdometry_<std::allocator<void> >::q[m[K’ (type ‘[01m[Kpx4_msgs::msg::VehicleOdometry_<std::allocator<void> >::_q_type[m[K’ {aka ‘[01m[Kstd::array<float, 4>[m[K’}) to type ‘[01m[Kchar[m[K’
[2.940s]    96 |                                 std::cout << "yaw = " << [01;36m[Kmsg->q[m[K << std::endl;
[2.940s]       |                                                          [01;36m[K~~~~~^[m[K
[2.940s] In file included from [01m[K/usr/include/c++/11/istream:39[m[K,
[2.940s]                  from [01m[K/usr/include/c++/11/sstream:38[m[K,
[2.940s]                  from [01m[K/home/nardaiv/px4ros2_ws/install/px4_msgs/include/px4_msgs/px4_msgs/msg/detail/offboard_control_mode__traits.hpp:10[m[K,
[2.940s]                  from [01m[K/home/nardaiv/px4ros2_ws/install/px4_msgs/include/px4_msgs/px4_msgs/msg/offboard_control_mode.hpp:9[m[K,
[2.940s]                  from [01m[K/home/nardaiv/px4ros2_ws/src/px4_ros_com/src/examples/offboard/offboard_control.cpp:41[m[K:
[2.940s] [01m[K/usr/include/c++/11/ostream:530:5:[m[K [01;36m[Knote: [m[Kcandidate: ‘[01m[Ktemplate<class _Traits> std::basic_ostream<char, _Traits>& std::operator<<(std::basic_ostream<char, _Traits>&, signed char)[m[K’
[2.940s]   530 |     [01;36m[Koperator[m[K<<(basic_ostream<char, _Traits>& __out, signed char __c)
[2.940s]       |     [01;36m[K^~~~~~~~[m[K
[2.940s] [01m[K/usr/include/c++/11/ostream:530:5:[m[K [01;36m[Knote: [m[K  template argument deduction/substitution failed:
[2.940s] [01m[K/home/nardaiv/px4ros2_ws/src/px4_ros_com/src/examples/offboard/offboard_control.cpp:96:63:[m[K [01;36m[Knote: [m[K  cannot convert ‘[01m[Kmsg.std::unique_ptr<px4_msgs::msg::VehicleOdometry_<std::allocator<void> >, std::default_delete<px4_msgs::msg::VehicleOdometry_<std::allocator<void> > > >::operator->()->px4_msgs::msg::VehicleOdometry_<std::allocator<void> >::q[m[K’ (type ‘[01m[Kpx4_msgs::msg::VehicleOdometry_<std::allocator<void> >::_q_type[m[K’ {aka ‘[01m[Kstd::array<float, 4>[m[K’}) to type ‘[01m[Ksigned char[m[K’
[2.940s]    96 |                                 std::cout << "yaw = " << [01;36m[Kmsg->q[m[K << std::endl;
[2.940s]       |                                                          [01;36m[K~~~~~^[m[K
[2.940s] In file included from [01m[K/usr/include/c++/11/istream:39[m[K,
[2.940s]                  from [01m[K/usr/include/c++/11/sstream:38[m[K,
[2.940s]                  from [01m[K/home/nardaiv/px4ros2_ws/install/px4_msgs/include/px4_msgs/px4_msgs/msg/detail/offboard_control_mode__traits.hpp:10[m[K,
[2.940s]                  from [01m[K/home/nardaiv/px4ros2_ws/install/px4_msgs/include/px4_msgs/px4_msgs/msg/offboard_control_mode.hpp:9[m[K,
[2.940s]                  from [01m[K/home/nardaiv/px4ros2_ws/src/px4_ros_com/src/examples/offboard/offboard_control.cpp:41[m[K:
[2.940s] [01m[K/usr/include/c++/11/ostream:535:5:[m[K [01;36m[Knote: [m[Kcandidate: ‘[01m[Ktemplate<class _Traits> std::basic_ostream<char, _Traits>& std::operator<<(std::basic_ostream<char, _Traits>&, unsigned char)[m[K’
[2.941s]   535 |     [01;36m[Koperator[m[K<<(basic_ostream<char, _Traits>& __out, unsigned char __c)
[2.941s]       |     [01;36m[K^~~~~~~~[m[K
[2.941s] [01m[K/usr/include/c++/11/ostream:535:5:[m[K [01;36m[Knote: [m[K  template argument deduction/substitution failed:
[2.941s] [01m[K/home/nardaiv/px4ros2_ws/src/px4_ros_com/src/examples/offboard/offboard_control.cpp:96:63:[m[K [01;36m[Knote: [m[K  cannot convert ‘[01m[Kmsg.std::unique_ptr<px4_msgs::msg::VehicleOdometry_<std::allocator<void> >, std::default_delete<px4_msgs::msg::VehicleOdometry_<std::allocator<void> > > >::operator->()->px4_msgs::msg::VehicleOdometry_<std::allocator<void> >::q[m[K’ (type ‘[01m[Kpx4_msgs::msg::VehicleOdometry_<std::allocator<void> >::_q_type[m[K’ {aka ‘[01m[Kstd::array<float, 4>[m[K’}) to type ‘[01m[Kunsigned char[m[K’
[2.941s]    96 |                                 std::cout << "yaw = " << [01;36m[Kmsg->q[m[K << std::endl;
[2.941s]       |                                                          [01;36m[K~~~~~^[m[K
[2.941s] In file included from [01m[K/usr/include/c++/11/istream:39[m[K,
[2.941s]                  from [01m[K/usr/include/c++/11/sstream:38[m[K,
[2.941s]                  from [01m[K/home/nardaiv/px4ros2_ws/install/px4_msgs/include/px4_msgs/px4_msgs/msg/detail/offboard_control_mode__traits.hpp:10[m[K,
[2.941s]                  from [01m[K/home/nardaiv/px4ros2_ws/install/px4_msgs/include/px4_msgs/px4_msgs/msg/offboard_control_mode.hpp:9[m[K,
[2.941s]                  from [01m[K/home/nardaiv/px4ros2_ws/src/px4_ros_com/src/examples/offboard/offboard_control.cpp:41[m[K:
[2.941s] [01m[K/usr/include/c++/11/ostream:594:5:[m[K [01;36m[Knote: [m[Kcandidate: ‘[01m[Ktemplate<class _CharT, class _Traits> std::basic_ostream<_Ch, _Tr>& std::operator<<(std::basic_ostream<_Ch, _Tr>&, const _CharT*)[m[K’
[2.941s]   594 |     [01;36m[Koperator[m[K<<(basic_ostream<_CharT, _Traits>& __out, const _CharT* __s)
[2.942s]       |     [01;36m[K^~~~~~~~[m[K
[2.942s] [01m[K/usr/include/c++/11/ostream:594:5:[m[K [01;36m[Knote: [m[K  template argument deduction/substitution failed:
[2.942s] [01m[K/home/nardaiv/px4ros2_ws/src/px4_ros_com/src/examples/offboard/offboard_control.cpp:96:63:[m[K [01;36m[Knote: [m[K  mismatched types ‘[01m[Kconst _CharT*[m[K’ and ‘[01m[Kstd::array<float, 4>[m[K’
[2.942s]    96 |                                 std::cout << "yaw = " << msg->[01;36m[Kq[m[K << std::endl;
[2.942s]       |                                                               [01;36m[K^[m[K
[2.942s] In file included from [01m[K/usr/include/c++/11/ostream:829[m[K,
[2.942s]                  from [01m[K/usr/include/c++/11/istream:39[m[K,
[2.942s]                  from [01m[K/usr/include/c++/11/sstream:38[m[K,
[2.942s]                  from [01m[K/home/nardaiv/px4ros2_ws/install/px4_msgs/include/px4_msgs/px4_msgs/msg/detail/offboard_control_mode__traits.hpp:10[m[K,
[2.942s]                  from [01m[K/home/nardaiv/px4ros2_ws/install/px4_msgs/include/px4_msgs/px4_msgs/msg/offboard_control_mode.hpp:9[m[K,
[2.942s]                  from [01m[K/home/nardaiv/px4ros2_ws/src/px4_ros_com/src/examples/offboard/offboard_control.cpp:41[m[K:
[2.942s] [01m[K/usr/include/c++/11/bits/ostream.tcc:321:5:[m[K [01;36m[Knote: [m[Kcandidate: ‘[01m[Ktemplate<class _CharT, class _Traits> std::basic_ostream<_Ch, _Tr>& std::operator<<(std::basic_ostream<_Ch, _Tr>&, const char*)[m[K’
[2.942s]   321 |     [01;36m[Koperator[m[K<<(basic_ostream<_CharT, _Traits>& __out, const char* __s)
[2.942s]       |     [01;36m[K^~~~~~~~[m[K
[2.942s] [01m[K/usr/include/c++/11/bits/ostream.tcc:321:5:[m[K [01;36m[Knote: [m[K  template argument deduction/substitution failed:
[2.942s] [01m[K/home/nardaiv/px4ros2_ws/src/px4_ros_com/src/examples/offboard/offboard_control.cpp:96:63:[m[K [01;36m[Knote: [m[K  cannot convert ‘[01m[Kmsg.std::unique_ptr<px4_msgs::msg::VehicleOdometry_<std::allocator<void> >, std::default_delete<px4_msgs::msg::VehicleOdometry_<std::allocator<void> > > >::operator->()->px4_msgs::msg::VehicleOdometry_<std::allocator<void> >::q[m[K’ (type ‘[01m[Kpx4_msgs::msg::VehicleOdometry_<std::allocator<void> >::_q_type[m[K’ {aka ‘[01m[Kstd::array<float, 4>[m[K’}) to type ‘[01m[Kconst char*[m[K’
[2.942s]    96 |                                 std::cout << "yaw = " << [01;36m[Kmsg->q[m[K << std::endl;
[2.942s]       |                                                          [01;36m[K~~~~~^[m[K
[2.942s] In file included from [01m[K/usr/include/c++/11/istream:39[m[K,
[2.942s]                  from [01m[K/usr/include/c++/11/sstream:38[m[K,
[2.942s]                  from [01m[K/home/nardaiv/px4ros2_ws/install/px4_msgs/include/px4_msgs/px4_msgs/msg/detail/offboard_control_mode__traits.hpp:10[m[K,
[2.942s]                  from [01m[K/home/nardaiv/px4ros2_ws/install/px4_msgs/include/px4_msgs/px4_msgs/msg/offboard_control_mode.hpp:9[m[K,
[2.942s]                  from [01m[K/home/nardaiv/px4ros2_ws/src/px4_ros_com/src/examples/offboard/offboard_control.cpp:41[m[K:
[2.942s] [01m[K/usr/include/c++/11/ostream:611:5:[m[K [01;36m[Knote: [m[Kcandidate: ‘[01m[Ktemplate<class _Traits> std::basic_ostream<char, _Traits>& std::operator<<(std::basic_ostream<char, _Traits>&, const char*)[m[K’
[2.942s]   611 |     [01;36m[Koperator[m[K<<(basic_ostream<char, _Traits>& __out, const char* __s)
[2.942s]       |     [01;36m[K^~~~~~~~[m[K
[2.943s] [01m[K/usr/include/c++/11/ostream:611:5:[m[K [01;36m[Knote: [m[K  template argument deduction/substitution failed:
[2.943s] [01m[K/home/nardaiv/px4ros2_ws/src/px4_ros_com/src/examples/offboard/offboard_control.cpp:96:63:[m[K [01;36m[Knote: [m[K  cannot convert ‘[01m[Kmsg.std::unique_ptr<px4_msgs::msg::VehicleOdometry_<std::allocator<void> >, std::default_delete<px4_msgs::msg::VehicleOdometry_<std::allocator<void> > > >::operator->()->px4_msgs::msg::VehicleOdometry_<std::allocator<void> >::q[m[K’ (type ‘[01m[Kpx4_msgs::msg::VehicleOdometry_<std::allocator<void> >::_q_type[m[K’ {aka ‘[01m[Kstd::array<float, 4>[m[K’}) to type ‘[01m[Kconst char*[m[K’
[2.943s]    96 |                                 std::cout << "yaw = " << [01;36m[Kmsg->q[m[K << std::endl;
[2.943s]       |                                                          [01;36m[K~~~~~^[m[K
[2.943s] In file included from [01m[K/usr/include/c++/11/istream:39[m[K,
[2.943s]                  from [01m[K/usr/include/c++/11/sstream:38[m[K,
[2.943s]                  from [01m[K/home/nardaiv/px4ros2_ws/install/px4_msgs/include/px4_msgs/px4_msgs/msg/detail/offboard_control_mode__traits.hpp:10[m[K,
[2.943s]                  from [01m[K/home/nardaiv/px4ros2_ws/install/px4_msgs/include/px4_msgs/px4_msgs/msg/offboard_control_mode.hpp:9[m[K,
[2.943s]                  from [01m[K/home/nardaiv/px4ros2_ws/src/px4_ros_com/src/examples/offboard/offboard_control.cpp:41[m[K:
[2.943s] [01m[K/usr/include/c++/11/ostream:624:5:[m[K [01;36m[Knote: [m[Kcandidate: ‘[01m[Ktemplate<class _Traits> std::basic_ostream<char, _Traits>& std::operator<<(std::basic_ostream<char, _Traits>&, const signed char*)[m[K’
[2.943s]   624 |     [01;36m[Koperator[m[K<<(basic_ostream<char, _Traits>& __out, const signed char* __s)
[2.943s]       |     [01;36m[K^~~~~~~~[m[K
[2.943s] [01m[K/usr/include/c++/11/ostream:624:5:[m[K [01;36m[Knote: [m[K  template argument deduction/substitution failed:
[2.943s] [01m[K/home/nardaiv/px4ros2_ws/src/px4_ros_com/src/examples/offboard/offboard_control.cpp:96:63:[m[K [01;36m[Knote: [m[K  cannot convert ‘[01m[Kmsg.std::unique_ptr<px4_msgs::msg::VehicleOdometry_<std::allocator<void> >, std::default_delete<px4_msgs::msg::VehicleOdometry_<std::allocator<void> > > >::operator->()->px4_msgs::msg::VehicleOdometry_<std::allocator<void> >::q[m[K’ (type ‘[01m[Kpx4_msgs::msg::VehicleOdometry_<std::allocator<void> >::_q_type[m[K’ {aka ‘[01m[Kstd::array<float, 4>[m[K’}) to type ‘[01m[Kconst signed char*[m[K’
[2.943s]    96 |                                 std::cout << "yaw = " << [01;36m[Kmsg->q[m[K << std::endl;
[2.943s]       |                                                          [01;36m[K~~~~~^[m[K
[2.943s] In file included from [01m[K/usr/include/c++/11/istream:39[m[K,
[2.943s]                  from [01m[K/usr/include/c++/11/sstream:38[m[K,
[2.943s]                  from [01m[K/home/nardaiv/px4ros2_ws/install/px4_msgs/include/px4_msgs/px4_msgs/msg/detail/offboard_control_mode__traits.hpp:10[m[K,
[2.943s]                  from [01m[K/home/nardaiv/px4ros2_ws/install/px4_msgs/include/px4_msgs/px4_msgs/msg/offboard_control_mode.hpp:9[m[K,
[2.943s]                  from [01m[K/home/nardaiv/px4ros2_ws/src/px4_ros_com/src/examples/offboard/offboard_control.cpp:41[m[K:
[2.943s] [01m[K/usr/include/c++/11/ostream:629:5:[m[K [01;36m[Knote: [m[Kcandidate: ‘[01m[Ktemplate<class _Traits> std::basic_ostream<char, _Traits>& std::operator<<(std::basic_ostream<char, _Traits>&, const unsigned char*)[m[K’
[2.943s]   629 |     [01;36m[Koperator[m[K<<(basic_ostream<char, _Traits>& __out, const unsigned char* __s)
[2.944s]       |     [01;36m[K^~~~~~~~[m[K
[2.944s] [01m[K/usr/include/c++/11/ostream:629:5:[m[K [01;36m[Knote: [m[K  template argument deduction/substitution failed:
[2.944s] [01m[K/home/nardaiv/px4ros2_ws/src/px4_ros_com/src/examples/offboard/offboard_control.cpp:96:63:[m[K [01;36m[Knote: [m[K  cannot convert ‘[01m[Kmsg.std::unique_ptr<px4_msgs::msg::VehicleOdometry_<std::allocator<void> >, std::default_delete<px4_msgs::msg::VehicleOdometry_<std::allocator<void> > > >::operator->()->px4_msgs::msg::VehicleOdometry_<std::allocator<void> >::q[m[K’ (type ‘[01m[Kpx4_msgs::msg::VehicleOdometry_<std::allocator<void> >::_q_type[m[K’ {aka ‘[01m[Kstd::array<float, 4>[m[K’}) to type ‘[01m[Kconst unsigned char*[m[K’
[2.944s]    96 |                                 std::cout << "yaw = " << [01;36m[Kmsg->q[m[K << std::endl;
[2.944s]       |                                                          [01;36m[K~~~~~^[m[K
[2.944s] In file included from [01m[K/usr/include/c++/11/istream:39[m[K,
[2.944s]                  from [01m[K/usr/include/c++/11/sstream:38[m[K,
[2.944s]                  from [01m[K/home/nardaiv/px4ros2_ws/install/px4_msgs/include/px4_msgs/px4_msgs/msg/detail/offboard_control_mode__traits.hpp:10[m[K,
[2.944s]                  from [01m[K/home/nardaiv/px4ros2_ws/install/px4_msgs/include/px4_msgs/px4_msgs/msg/offboard_control_mode.hpp:9[m[K,
[2.944s]                  from [01m[K/home/nardaiv/px4ros2_ws/src/px4_ros_com/src/examples/offboard/offboard_control.cpp:41[m[K:
[2.944s] [01m[K/usr/include/c++/11/ostream:750:5:[m[K [01;36m[Knote: [m[Kcandidate: ‘[01m[Ktemplate<class _Ostream, class _Tp> _Ostream&& std::operator<<(_Ostream&&, const _Tp&)[m[K’
[2.944s]   750 |     [01;36m[Koperator[m[K<<(_Ostream&& __os, const _Tp& __x)
[2.944s]       |     [01;36m[K^~~~~~~~[m[K
[2.944s] [01m[K/usr/include/c++/11/ostream:750:5:[m[K [01;36m[Knote: [m[K  template argument deduction/substitution failed:
[2.945s] /usr/include/c++/11/ostream: In substitution of ‘[01m[Ktemplate<class _Ostream, class _Tp> _Ostream&& std::operator<<(_Ostream&&, const _Tp&) [with _Ostream = std::basic_ostream<char>&; _Tp = std::array<float, 4>][m[K’:
[2.945s] [01m[K/home/nardaiv/px4ros2_ws/src/px4_ros_com/src/examples/offboard/offboard_control.cpp:96:35:[m[K   required from here
[2.945s] [01m[K/usr/include/c++/11/ostream:750:5:[m[K [01;31m[Kerror: [m[Kno type named ‘[01m[Ktype[m[K’ in ‘[01m[Kstruct std::enable_if<false, void>[m[K’
[2.945s] In file included from [01m[K/opt/ros/humble/include/rosidl_runtime_cpp/rosidl_runtime_cpp/traits.hpp:19[m[K,
[2.945s]                  from [01m[K/home/nardaiv/px4ros2_ws/install/px4_msgs/include/px4_msgs/px4_msgs/msg/detail/offboard_control_mode__traits.hpp:15[m[K,
[2.945s]                  from [01m[K/home/nardaiv/px4ros2_ws/install/px4_msgs/include/px4_msgs/px4_msgs/msg/offboard_control_mode.hpp:9[m[K,
[2.945s]                  from [01m[K/home/nardaiv/px4ros2_ws/src/px4_ros_com/src/examples/offboard/offboard_control.cpp:41[m[K:
[2.945s] [01m[K/usr/include/c++/11/iomanip:79:5:[m[K [01;36m[Knote: [m[Kcandidate: ‘[01m[Ktemplate<class _CharT, class _Traits> std::basic_ostream<_Ch, _Tr>& std::operator<<(std::basic_ostream<_Ch, _Tr>&, std::_Resetiosflags)[m[K’
[2.945s]    79 |     [01;36m[Koperator[m[K<<(basic_ostream<_CharT, _Traits>& __os, _Resetiosflags __f)
[2.945s]       |     [01;36m[K^~~~~~~~[m[K
[2.945s] [01m[K/usr/include/c++/11/iomanip:79:5:[m[K [01;36m[Knote: [m[K  template argument deduction/substitution failed:
[2.945s] [01m[K/home/nardaiv/px4ros2_ws/src/px4_ros_com/src/examples/offboard/offboard_control.cpp:96:63:[m[K [01;36m[Knote: [m[K  cannot convert ‘[01m[Kmsg.std::unique_ptr<px4_msgs::msg::VehicleOdometry_<std::allocator<void> >, std::default_delete<px4_msgs::msg::VehicleOdometry_<std::allocator<void> > > >::operator->()->px4_msgs::msg::VehicleOdometry_<std::allocator<void> >::q[m[K’ (type ‘[01m[Kpx4_msgs::msg::VehicleOdometry_<std::allocator<void> >::_q_type[m[K’ {aka ‘[01m[Kstd::array<float, 4>[m[K’}) to type ‘[01m[Kstd::_Resetiosflags[m[K’
[2.945s]    96 |                                 std::cout << "yaw = " << [01;36m[Kmsg->q[m[K << std::endl;
[2.946s]       |                                                          [01;36m[K~~~~~^[m[K
[2.946s] In file included from [01m[K/opt/ros/humble/include/rosidl_runtime_cpp/rosidl_runtime_cpp/traits.hpp:19[m[K,
[2.946s]                  from [01m[K/home/nardaiv/px4ros2_ws/install/px4_msgs/include/px4_msgs/px4_msgs/msg/detail/offboard_control_mode__traits.hpp:15[m[K,
[2.946s]                  from [01m[K/home/nardaiv/px4ros2_ws/install/px4_msgs/include/px4_msgs/px4_msgs/msg/offboard_control_mode.hpp:9[m[K,
[2.946s]                  from [01m[K/home/nardaiv/px4ros2_ws/src/px4_ros_com/src/examples/offboard/offboard_control.cpp:41[m[K:
[2.946s] [01m[K/usr/include/c++/11/iomanip:109:5:[m[K [01;36m[Knote: [m[Kcandidate: ‘[01m[Ktemplate<class _CharT, class _Traits> std::basic_ostream<_Ch, _Tr>& std::operator<<(std::basic_ostream<_Ch, _Tr>&, std::_Setiosflags)[m[K’
[2.946s]   109 |     [01;36m[Koperator[m[K<<(basic_ostream<_CharT, _Traits>& __os, _Setiosflags __f)
[2.946s]       |     [01;36m[K^~~~~~~~[m[K
[2.946s] [01m[K/usr/include/c++/11/iomanip:109:5:[m[K [01;36m[Knote: [m[K  template argument deduction/substitution failed:
[2.946s] [01m[K/home/nardaiv/px4ros2_ws/src/px4_ros_com/src/examples/offboard/offboard_control.cpp:96:63:[m[K [01;36m[Knote: [m[K  cannot convert ‘[01m[Kmsg.std::unique_ptr<px4_msgs::msg::VehicleOdometry_<std::allocator<void> >, std::default_delete<px4_msgs::msg::VehicleOdometry_<std::allocator<void> > > >::operator->()->px4_msgs::msg::VehicleOdometry_<std::allocator<void> >::q[m[K’ (type ‘[01m[Kpx4_msgs::msg::VehicleOdometry_<std::allocator<void> >::_q_type[m[K’ {aka ‘[01m[Kstd::array<float, 4>[m[K’}) to type ‘[01m[Kstd::_Setiosflags[m[K’
[2.946s]    96 |                                 std::cout << "yaw = " << [01;36m[Kmsg->q[m[K << std::endl;
[2.946s]       |                                                          [01;36m[K~~~~~^[m[K
[2.946s] In file included from [01m[K/opt/ros/humble/include/rosidl_runtime_cpp/rosidl_runtime_cpp/traits.hpp:19[m[K,
[2.946s]                  from [01m[K/home/nardaiv/px4ros2_ws/install/px4_msgs/include/px4_msgs/px4_msgs/msg/detail/offboard_control_mode__traits.hpp:15[m[K,
[2.946s]                  from [01m[K/home/nardaiv/px4ros2_ws/install/px4_msgs/include/px4_msgs/px4_msgs/msg/offboard_control_mode.hpp:9[m[K,
[2.946s]                  from [01m[K/home/nardaiv/px4ros2_ws/src/px4_ros_com/src/examples/offboard/offboard_control.cpp:41[m[K:
[2.946s] [01m[K/usr/include/c++/11/iomanip:143:5:[m[K [01;36m[Knote: [m[Kcandidate: ‘[01m[Ktemplate<class _CharT, class _Traits> std::basic_ostream<_Ch, _Tr>& std::operator<<(std::basic_ostream<_Ch, _Tr>&, std::_Setbase)[m[K’
[2.947s]   143 |     [01;36m[Koperator[m[K<<(basic_ostream<_CharT, _Traits>& __os, _Setbase __f)
[2.947s]       |     [01;36m[K^~~~~~~~[m[K
[2.947s] [01m[K/usr/include/c++/11/iomanip:143:5:[m[K [01;36m[Knote: [m[K  template argument deduction/substitution failed:
[2.947s] [01m[K/home/nardaiv/px4ros2_ws/src/px4_ros_com/src/examples/offboard/offboard_control.cpp:96:63:[m[K [01;36m[Knote: [m[K  cannot convert ‘[01m[Kmsg.std::unique_ptr<px4_msgs::msg::VehicleOdometry_<std::allocator<void> >, std::default_delete<px4_msgs::msg::VehicleOdometry_<std::allocator<void> > > >::operator->()->px4_msgs::msg::VehicleOdometry_<std::allocator<void> >::q[m[K’ (type ‘[01m[Kpx4_msgs::msg::VehicleOdometry_<std::allocator<void> >::_q_type[m[K’ {aka ‘[01m[Kstd::array<float, 4>[m[K’}) to type ‘[01m[Kstd::_Setbase[m[K’
[2.947s]    96 |                                 std::cout << "yaw = " << [01;36m[Kmsg->q[m[K << std::endl;
[2.947s]       |                                                          [01;36m[K~~~~~^[m[K
[2.947s] In file included from [01m[K/opt/ros/humble/include/rosidl_runtime_cpp/rosidl_runtime_cpp/traits.hpp:19[m[K,
[2.947s]                  from [01m[K/home/nardaiv/px4ros2_ws/install/px4_msgs/include/px4_msgs/px4_msgs/msg/detail/offboard_control_mode__traits.hpp:15[m[K,
[2.947s]                  from [01m[K/home/nardaiv/px4ros2_ws/install/px4_msgs/include/px4_msgs/px4_msgs/msg/offboard_control_mode.hpp:9[m[K,
[2.947s]                  from [01m[K/home/nardaiv/px4ros2_ws/src/px4_ros_com/src/examples/offboard/offboard_control.cpp:41[m[K:
[2.947s] [01m[K/usr/include/c++/11/iomanip:178:5:[m[K [01;36m[Knote: [m[Kcandidate: ‘[01m[Ktemplate<class _CharT, class _Traits> std::basic_ostream<_Ch, _Tr>& std::operator<<(std::basic_ostream<_Ch, _Tr>&, std::_Setfill<_CharT>)[m[K’
[2.947s]   178 |     [01;36m[Koperator[m[K<<(basic_ostream<_CharT, _Traits>& __os, _Setfill<_CharT> __f)
[2.947s]       |     [01;36m[K^~~~~~~~[m[K
[2.947s] [01m[K/usr/include/c++/11/iomanip:178:5:[m[K [01;36m[Knote: [m[K  template argument deduction/substitution failed:
[2.947s] [01m[K/home/nardaiv/px4ros2_ws/src/px4_ros_com/src/examples/offboard/offboard_control.cpp:96:63:[m[K [01;36m[Knote: [m[K  ‘[01m[Kstd::array<float, 4>[m[K’ is not derived from ‘[01m[Kstd::_Setfill<_CharT>[m[K’
[2.947s]    96 |                                 std::cout << "yaw = " << msg->[01;36m[Kq[m[K << std::endl;
[2.947s]       |                                                               [01;36m[K^[m[K
[2.948s] In file included from [01m[K/opt/ros/humble/include/rosidl_runtime_cpp/rosidl_runtime_cpp/traits.hpp:19[m[K,
[2.948s]                  from [01m[K/home/nardaiv/px4ros2_ws/install/px4_msgs/include/px4_msgs/px4_msgs/msg/detail/offboard_control_mode__traits.hpp:15[m[K,
[2.948s]                  from [01m[K/home/nardaiv/px4ros2_ws/install/px4_msgs/include/px4_msgs/px4_msgs/msg/offboard_control_mode.hpp:9[m[K,
[2.948s]                  from [01m[K/home/nardaiv/px4ros2_ws/src/px4_ros_com/src/examples/offboard/offboard_control.cpp:41[m[K:
[2.948s] [01m[K/usr/include/c++/11/iomanip:208:5:[m[K [01;36m[Knote: [m[Kcandidate: ‘[01m[Ktemplate<class _CharT, class _Traits> std::basic_ostream<_Ch, _Tr>& std::operator<<(std::basic_ostream<_Ch, _Tr>&, std::_Setprecision)[m[K’
[2.948s]   208 |     [01;36m[Koperator[m[K<<(basic_ostream<_CharT, _Traits>& __os, _Setprecision __f)
[2.948s]       |     [01;36m[K^~~~~~~~[m[K
[2.948s] [01m[K/usr/include/c++/11/iomanip:208:5:[m[K [01;36m[Knote: [m[K  template argument deduction/substitution failed:
[2.948s] [01m[K/home/nardaiv/px4ros2_ws/src/px4_ros_com/src/examples/offboard/offboard_control.cpp:96:63:[m[K [01;36m[Knote: [m[K  cannot convert ‘[01m[Kmsg.std::unique_ptr<px4_msgs::msg::VehicleOdometry_<std::allocator<void> >, std::default_delete<px4_msgs::msg::VehicleOdometry_<std::allocator<void> > > >::operator->()->px4_msgs::msg::VehicleOdometry_<std::allocator<void> >::q[m[K’ (type ‘[01m[Kpx4_msgs::msg::VehicleOdometry_<std::allocator<void> >::_q_type[m[K’ {aka ‘[01m[Kstd::array<float, 4>[m[K’}) to type ‘[01m[Kstd::_Setprecision[m[K’
[2.948s]    96 |                                 std::cout << "yaw = " << [01;36m[Kmsg->q[m[K << std::endl;
[2.948s]       |                                                          [01;36m[K~~~~~^[m[K
[2.948s] In file included from [01m[K/opt/ros/humble/include/rosidl_runtime_cpp/rosidl_runtime_cpp/traits.hpp:19[m[K,
[2.948s]                  from [01m[K/home/nardaiv/px4ros2_ws/install/px4_msgs/include/px4_msgs/px4_msgs/msg/detail/offboard_control_mode__traits.hpp:15[m[K,
[2.949s]                  from [01m[K/home/nardaiv/px4ros2_ws/install/px4_msgs/include/px4_msgs/px4_msgs/msg/offboard_control_mode.hpp:9[m[K,
[2.949s]                  from [01m[K/home/nardaiv/px4ros2_ws/src/px4_ros_com/src/examples/offboard/offboard_control.cpp:41[m[K:
[2.949s] [01m[K/usr/include/c++/11/iomanip:238:5:[m[K [01;36m[Knote: [m[Kcandidate: ‘[01m[Ktemplate<class _CharT, class _Traits> std::basic_ostream<_Ch, _Tr>& std::operator<<(std::basic_ostream<_Ch, _Tr>&, std::_Setw)[m[K’
[2.949s]   238 |     [01;36m[Koperator[m[K<<(basic_ostream<_CharT, _Traits>& __os, _Setw __f)
[2.949s]       |     [01;36m[K^~~~~~~~[m[K
[2.949s] [01m[K/usr/include/c++/11/iomanip:238:5:[m[K [01;36m[Knote: [m[K  template argument deduction/substitution failed:
[2.949s] [01m[K/home/nardaiv/px4ros2_ws/src/px4_ros_com/src/examples/offboard/offboard_control.cpp:96:63:[m[K [01;36m[Knote: [m[K  cannot convert ‘[01m[Kmsg.std::unique_ptr<px4_msgs::msg::VehicleOdometry_<std::allocator<void> >, std::default_delete<px4_msgs::msg::VehicleOdometry_<std::allocator<void> > > >::operator->()->px4_msgs::msg::VehicleOdometry_<std::allocator<void> >::q[m[K’ (type ‘[01m[Kpx4_msgs::msg::VehicleOdometry_<std::allocator<void> >::_q_type[m[K’ {aka ‘[01m[Kstd::array<float, 4>[m[K’}) to type ‘[01m[Kstd::_Setw[m[K’
[2.949s]    96 |                                 std::cout << "yaw = " << [01;36m[Kmsg->q[m[K << std::endl;
[2.949s]       |                                                          [01;36m[K~~~~~^[m[K
[2.949s] In file included from [01m[K/opt/ros/humble/include/rosidl_runtime_cpp/rosidl_runtime_cpp/traits.hpp:19[m[K,
[2.949s]                  from [01m[K/home/nardaiv/px4ros2_ws/install/px4_msgs/include/px4_msgs/px4_msgs/msg/detail/offboard_control_mode__traits.hpp:15[m[K,
[2.949s]                  from [01m[K/home/nardaiv/px4ros2_ws/install/px4_msgs/include/px4_msgs/px4_msgs/msg/offboard_control_mode.hpp:9[m[K,
[2.949s]                  from [01m[K/home/nardaiv/px4ros2_ws/src/px4_ros_com/src/examples/offboard/offboard_control.cpp:41[m[K:
[2.949s] [01m[K/usr/include/c++/11/iomanip:311:5:[m[K [01;36m[Knote: [m[Kcandidate: ‘[01m[Ktemplate<class _CharT, class _Traits, class _MoneyT> std::basic_ostream<_Ch, _Tr>& std::operator<<(std::basic_ostream<_Ch, _Tr>&, std::_Put_money<_MoneyT>)[m[K’
[2.949s]   311 |     [01;36m[Koperator[m[K<<(basic_ostream<_CharT, _Traits>& __os, _Put_money<_MoneyT> __f)
[2.949s]       |     [01;36m[K^~~~~~~~[m[K
[2.949s] [01m[K/usr/include/c++/11/iomanip:311:5:[m[K [01;36m[Knote: [m[K  template argument deduction/substitution failed:
[2.949s] [01m[K/home/nardaiv/px4ros2_ws/src/px4_ros_com/src/examples/offboard/offboard_control.cpp:96:63:[m[K [01;36m[Knote: [m[K  ‘[01m[Kstd::array<float, 4>[m[K’ is not derived from ‘[01m[Kstd::_Put_money<_MoneyT>[m[K’
[2.950s]    96 |                                 std::cout << "yaw = " << msg->[01;36m[Kq[m[K << std::endl;
[2.950s]       |                                                               [01;36m[K^[m[K
[2.950s] In file included from [01m[K/opt/ros/humble/include/rosidl_runtime_cpp/rosidl_runtime_cpp/traits.hpp:19[m[K,
[2.950s]                  from [01m[K/home/nardaiv/px4ros2_ws/install/px4_msgs/include/px4_msgs/px4_msgs/msg/detail/offboard_control_mode__traits.hpp:15[m[K,
[2.950s]                  from [01m[K/home/nardaiv/px4ros2_ws/install/px4_msgs/include/px4_msgs/px4_msgs/msg/offboard_control_mode.hpp:9[m[K,
[2.950s]                  from [01m[K/home/nardaiv/px4ros2_ws/src/px4_ros_com/src/examples/offboard/offboard_control.cpp:41[m[K:
[2.950s] [01m[K/usr/include/c++/11/iomanip:363:5:[m[K [01;36m[Knote: [m[Kcandidate: ‘[01m[Ktemplate<class _CharT, class _Traits> std::basic_ostream<_Ch, _Tr>& std::operator<<(std::basic_ostream<_Ch, _Tr>&, std::_Put_time<_CharT>)[m[K’
[2.950s]   363 |     [01;36m[Koperator[m[K<<(basic_ostream<_CharT, _Traits>& __os, _Put_time<_CharT> __f)
[2.950s]       |     [01;36m[K^~~~~~~~[m[K
[2.950s] [01m[K/usr/include/c++/11/iomanip:363:5:[m[K [01;36m[Knote: [m[K  template argument deduction/substitution failed:
[2.950s] [01m[K/home/nardaiv/px4ros2_ws/src/px4_ros_com/src/examples/offboard/offboard_control.cpp:96:63:[m[K [01;36m[Knote: [m[K  ‘[01m[Kstd::array<float, 4>[m[K’ is not derived from ‘[01m[Kstd::_Put_time<_CharT>[m[K’
[2.950s]    96 |                                 std::cout << "yaw = " << msg->[01;36m[Kq[m[K << std::endl;
[2.950s]       |                                                               [01;36m[K^[m[K
[2.950s] In file included from [01m[K/opt/ros/humble/include/rclcpp/rclcpp/executors/multi_threaded_executor.hpp:22[m[K,
[2.950s]                  from [01m[K/opt/ros/humble/include/rclcpp/rclcpp/executors.hpp:21[m[K,
[2.950s]                  from [01m[K/opt/ros/humble/include/rclcpp/rclcpp/rclcpp.hpp:155[m[K,
[2.950s]                  from [01m[K/home/nardaiv/px4ros2_ws/src/px4_ros_com/src/examples/offboard/offboard_control.cpp:47[m[K:
[2.951s] [01m[K/usr/include/c++/11/thread:92:5:[m[K [01;36m[Knote: [m[Kcandidate: ‘[01m[Ktemplate<class _CharT, class _Traits> std::basic_ostream<_Ch, _Tr>& std::operator<<(std::basic_ostream<_Ch, _Tr>&, std::thread::id)[m[K’
[2.951s]    92 |     [01;36m[Koperator[m[K<<(basic_ostream<_CharT, _Traits>& __out, thread::id __id)
[2.951s]       |     [01;36m[K^~~~~~~~[m[K
[2.951s] [01m[K/usr/include/c++/11/thread:92:5:[m[K [01;36m[Knote: [m[K  template argument deduction/substitution failed:
[2.951s] [01m[K/home/nardaiv/px4ros2_ws/src/px4_ros_com/src/examples/offboard/offboard_control.cpp:96:63:[m[K [01;36m[Knote: [m[K  cannot convert ‘[01m[Kmsg.std::unique_ptr<px4_msgs::msg::VehicleOdometry_<std::allocator<void> >, std::default_delete<px4_msgs::msg::VehicleOdometry_<std::allocator<void> > > >::operator->()->px4_msgs::msg::VehicleOdometry_<std::allocator<void> >::q[m[K’ (type ‘[01m[Kpx4_msgs::msg::VehicleOdometry_<std::allocator<void> >::_q_type[m[K’ {aka ‘[01m[Kstd::array<float, 4>[m[K’}) to type ‘[01m[Kstd::thread::id[m[K’
[2.951s]    96 |                                 std::cout << "yaw = " << [01;36m[Kmsg->q[m[K << std::endl;
[2.951s]       |                                                          [01;36m[K~~~~~^[m[K
[2.981s] [01m[K/home/nardaiv/px4ros2_ws/src/px4_ros_com/src/examples/offboard/offboard_control.cpp:[m[K In constructor ‘[01m[KOffboardControl::OffboardControl()[m[K’:
[2.981s] [01m[K/home/nardaiv/px4ros2_ws/src/px4_ros_com/src/examples/offboard/offboard_control.cpp:101:18:[m[K [01;31m[Kerror: [m[Kno match for ‘[01m[Koperator=[m[K’ (operand types are ‘[01m[Krclcpp::Subscription<px4_msgs::msg::VehicleLocalPosition_<std::allocator<void> > >::SharedPtr[m[K’ {aka ‘[01m[Kstd::shared_ptr<rclcpp::Subscription<px4_msgs::msg::VehicleLocalPosition_<std::allocator<void> > > >[m[K’} and ‘[01m[Kstd::shared_ptr<rclcpp::Subscription<px4_msgs::msg::VehicleOdometry_<std::allocator<void> >, std::allocator<void>, px4_msgs::msg::VehicleOdometry_<std::allocator<void> >, px4_msgs::msg::VehicleOdometry_<std::allocator<void> >, rclcpp::message_memory_strategy::MessageMemoryStrategy<px4_msgs::msg::VehicleOdometry_<std::allocator<void> >, std::allocator<void> > > >[m[K’)
[2.982s]   101 |                 }[01;31m[K)[m[K;
[2.982s]       |                  [01;31m[K^[m[K
[2.982s] In file included from [01m[K/usr/include/c++/11/memory:77[m[K,
[2.982s]                  from [01m[K/home/nardaiv/px4ros2_ws/install/px4_msgs/include/px4_msgs/px4_msgs/msg/detail/offboard_control_mode__struct.hpp:10[m[K,
[2.982s]                  from [01m[K/home/nardaiv/px4ros2_ws/install/px4_msgs/include/px4_msgs/px4_msgs/msg/offboard_control_mode.hpp:7[m[K,
[2.982s]                  from [01m[K/home/nardaiv/px4ros2_ws/src/px4_ros_com/src/examples/offboard/offboard_control.cpp:41[m[K:
[2.982s] [01m[K/usr/include/c++/11/bits/shared_ptr.h:363:9:[m[K [01;36m[Knote: [m[Kcandidate: ‘[01m[Ktemplate<class _Yp> std::shared_ptr<_Tp>::_Assignable<const std::shared_ptr<_Yp>&> std::shared_ptr<_Tp>::operator=(const std::shared_ptr<_Yp>&) [with _Yp = _Yp; _Tp = rclcpp::Subscription<px4_msgs::msg::VehicleLocalPosition_<std::allocator<void> > >][m[K’
[2.982s]   363 |         [01;36m[Koperator[m[K=(const shared_ptr<_Yp>& __r) noexcept
[2.982s]       |         [01;36m[K^~~~~~~~[m[K
[2.982s] [01m[K/usr/include/c++/11/bits/shared_ptr.h:363:9:[m[K [01;36m[Knote: [m[K  template argument deduction/substitution failed:
[2.982s] /usr/include/c++/11/bits/shared_ptr.h: In substitution of ‘[01m[Ktemplate<class _Tp> template<class _Arg> using _Assignable = typename std::enable_if<std::is_assignable<std::__shared_ptr<_Tp>&, _Arg>::value, std::shared_ptr<_Tp>&>::type [with _Arg = const std::shared_ptr<rclcpp::Subscription<px4_msgs::msg::VehicleOdometry_<std::allocator<void> >, std::allocator<void>, px4_msgs::msg::VehicleOdometry_<std::allocator<void> >, px4_msgs::msg::VehicleOdometry_<std::allocator<void> >, rclcpp::message_memory_strategy::MessageMemoryStrategy<px4_msgs::msg::VehicleOdometry_<std::allocator<void> >, std::allocator<void> > > >&; _Tp = rclcpp::Subscription<px4_msgs::msg::VehicleLocalPosition_<std::allocator<void> > >][m[K’:
[2.982s] [01m[K/usr/include/c++/11/bits/shared_ptr.h:363:2:[m[K   required by substitution of ‘[01m[Ktemplate<class _Yp> std::shared_ptr<rclcpp::Subscription<px4_msgs::msg::VehicleLocalPosition_<std::allocator<void> > > >::_Assignable<const std::shared_ptr<_Tp>&> std::shared_ptr<rclcpp::Subscription<px4_msgs::msg::VehicleLocalPosition_<std::allocator<void> > > >::operator=<_Yp>(const std::shared_ptr<_Tp>&) [with _Yp = rclcpp::Subscription<px4_msgs::msg::VehicleOdometry_<std::allocator<void> >, std::allocator<void>, px4_msgs::msg::VehicleOdometry_<std::allocator<void> >, px4_msgs::msg::VehicleOdometry_<std::allocator<void> >, rclcpp::message_memory_strategy::MessageMemoryStrategy<px4_msgs::msg::VehicleOdometry_<std::allocator<void> >, std::allocator<void> > >][m[K’
[2.982s] [01m[K/home/nardaiv/px4ros2_ws/src/px4_ros_com/src/examples/offboard/offboard_control.cpp:101:4:[m[K   required from here
[2.982s] [01m[K/usr/include/c++/11/bits/shared_ptr.h:130:15:[m[K [01;31m[Kerror: [m[Kno type named ‘[01m[Ktype[m[K’ in ‘[01m[Kstruct std::enable_if<false, std::shared_ptr<rclcpp::Subscription<px4_msgs::msg::VehicleLocalPosition_<std::allocator<void> > > >&>[m[K’
[2.982s]   130 |         using [01;31m[K_Assignable[m[K = typename enable_if<
[2.983s]       |               [01;31m[K^~~~~~~~~~~[m[K
[2.983s] [01m[K/usr/include/c++/11/bits/shared_ptr.h:374:9:[m[K [01;36m[Knote: [m[Kcandidate: ‘[01m[Ktemplate<class _Yp> std::shared_ptr<_Tp>::_Assignable<std::auto_ptr<_Up> > std::shared_ptr<_Tp>::operator=(std::auto_ptr<_Up>&&) [with _Yp = _Yp; _Tp = rclcpp::Subscription<px4_msgs::msg::VehicleLocalPosition_<std::allocator<void> > >][m[K’
[2.983s]   374 |         [01;36m[Koperator[m[K=(auto_ptr<_Yp>&& __r)
[2.983s]       |         [01;36m[K^~~~~~~~[m[K
[2.983s] [01m[K/usr/include/c++/11/bits/shared_ptr.h:374:9:[m[K [01;36m[Knote: [m[K  template argument deduction/substitution failed:
[2.983s] [01m[K/home/nardaiv/px4ros2_ws/src/px4_ros_com/src/examples/offboard/offboard_control.cpp:101:18:[m[K [01;36m[Knote: [m[K  ‘[01m[Kstd::shared_ptr<rclcpp::Subscription<px4_msgs::msg::VehicleOdometry_<std::allocator<void> >, std::allocator<void>, px4_msgs::msg::VehicleOdometry_<std::allocator<void> >, px4_msgs::msg::VehicleOdometry_<std::allocator<void> >, rclcpp::message_memory_strategy::MessageMemoryStrategy<px4_msgs::msg::VehicleOdometry_<std::allocator<void> >, std::allocator<void> > > >[m[K’ is not derived from ‘[01m[Kstd::auto_ptr<_Up>[m[K’
[2.983s]   101 |                 }[01;36m[K)[m[K;
[2.983s]       |                  [01;36m[K^[m[K
[2.983s] In file included from [01m[K/usr/include/c++/11/memory:77[m[K,
[2.983s]                  from [01m[K/home/nardaiv/px4ros2_ws/install/px4_msgs/include/px4_msgs/px4_msgs/msg/detail/offboard_control_mode__struct.hpp:10[m[K,
[2.983s]                  from [01m[K/home/nardaiv/px4ros2_ws/install/px4_msgs/include/px4_msgs/px4_msgs/msg/offboard_control_mode.hpp:7[m[K,
[2.983s]                  from [01m[K/home/nardaiv/px4ros2_ws/src/px4_ros_com/src/examples/offboard/offboard_control.cpp:41[m[K:
[2.983s] [01m[K/usr/include/c++/11/bits/shared_ptr.h:391:9:[m[K [01;36m[Knote: [m[Kcandidate: ‘[01m[Ktemplate<class _Yp> std::shared_ptr<_Tp>::_Assignable<std::shared_ptr<_Yp> > std::shared_ptr<_Tp>::operator=(std::shared_ptr<_Yp>&&) [with _Yp = _Yp; _Tp = rclcpp::Subscription<px4_msgs::msg::VehicleLocalPosition_<std::allocator<void> > >][m[K’
[2.983s]   391 |         [01;36m[Koperator[m[K=(shared_ptr<_Yp>&& __r) noexcept
[2.983s]       |         [01;36m[K^~~~~~~~[m[K
[2.983s] [01m[K/usr/include/c++/11/bits/shared_ptr.h:391:9:[m[K [01;36m[Knote: [m[K  template argument deduction/substitution failed:
[2.983s] /usr/include/c++/11/bits/shared_ptr.h: In substitution of ‘[01m[Ktemplate<class _Tp> template<class _Arg> using _Assignable = typename std::enable_if<std::is_assignable<std::__shared_ptr<_Tp>&, _Arg>::value, std::shared_ptr<_Tp>&>::type [with _Arg = std::shared_ptr<rclcpp::Subscription<px4_msgs::msg::VehicleOdometry_<std::allocator<void> >, std::allocator<void>, px4_msgs::msg::VehicleOdometry_<std::allocator<void> >, px4_msgs::msg::VehicleOdometry_<std::allocator<void> >, rclcpp::message_memory_strategy::MessageMemoryStrategy<px4_msgs::msg::VehicleOdometry_<std::allocator<void> >, std::allocator<void> > > >; _Tp = rclcpp::Subscription<px4_msgs::msg::VehicleLocalPosition_<std::allocator<void> > >][m[K’:
[2.983s] [01m[K/usr/include/c++/11/bits/shared_ptr.h:391:2:[m[K   required by substitution of ‘[01m[Ktemplate<class _Yp> std::shared_ptr<rclcpp::Subscription<px4_msgs::msg::VehicleLocalPosition_<std::allocator<void> > > >::_Assignable<std::shared_ptr<_Tp> > std::shared_ptr<rclcpp::Subscription<px4_msgs::msg::VehicleLocalPosition_<std::allocator<void> > > >::operator=<_Yp>(std::shared_ptr<_Tp>&&) [with _Yp = rclcpp::Subscription<px4_msgs::msg::VehicleOdometry_<std::allocator<void> >, std::allocator<void>, px4_msgs::msg::VehicleOdometry_<std::allocator<void> >, px4_msgs::msg::VehicleOdometry_<std::allocator<void> >, rclcpp::message_memory_strategy::MessageMemoryStrategy<px4_msgs::msg::VehicleOdometry_<std::allocator<void> >, std::allocator<void> > >][m[K’
[2.984s] [01m[K/home/nardaiv/px4ros2_ws/src/px4_ros_com/src/examples/offboard/offboard_control.cpp:101:4:[m[K   required from here
[2.984s] [01m[K/usr/include/c++/11/bits/shared_ptr.h:130:15:[m[K [01;31m[Kerror: [m[Kno type named ‘[01m[Ktype[m[K’ in ‘[01m[Kstruct std::enable_if<false, std::shared_ptr<rclcpp::Subscription<px4_msgs::msg::VehicleLocalPosition_<std::allocator<void> > > >&>[m[K’
[2.984s]   130 |         using [01;31m[K_Assignable[m[K = typename enable_if<
[2.984s]       |               [01;31m[K^~~~~~~~~~~[m[K
[2.984s] [01m[K/usr/include/c++/11/bits/shared_ptr.h:399:9:[m[K [01;36m[Knote: [m[Kcandidate: ‘[01m[Ktemplate<class _Yp, class _Del> std::shared_ptr<_Tp>::_Assignable<std::unique_ptr<_Up, _Ep> > std::shared_ptr<_Tp>::operator=(std::unique_ptr<_Up, _Ep>&&) [with _Yp = _Yp; _Del = _Del; _Tp = rclcpp::Subscription<px4_msgs::msg::VehicleLocalPosition_<std::allocator<void> > >][m[K’
[2.984s]   399 |         [01;36m[Koperator[m[K=(unique_ptr<_Yp, _Del>&& __r)
[2.984s]       |         [01;36m[K^~~~~~~~[m[K
[2.984s] [01m[K/usr/include/c++/11/bits/shared_ptr.h:399:9:[m[K [01;36m[Knote: [m[K  template argument deduction/substitution failed:
[2.984s] [01m[K/home/nardaiv/px4ros2_ws/src/px4_ros_com/src/examples/offboard/offboard_control.cpp:101:18:[m[K [01;36m[Knote: [m[K  ‘[01m[Kstd::shared_ptr<rclcpp::Subscription<px4_msgs::msg::VehicleOdometry_<std::allocator<void> >, std::allocator<void>, px4_msgs::msg::VehicleOdometry_<std::allocator<void> >, px4_msgs::msg::VehicleOdometry_<std::allocator<void> >, rclcpp::message_memory_strategy::MessageMemoryStrategy<px4_msgs::msg::VehicleOdometry_<std::allocator<void> >, std::allocator<void> > > >[m[K’ is not derived from ‘[01m[Kstd::unique_ptr<_Tp, _Dp>[m[K’
[2.984s]   101 |                 }[01;36m[K)[m[K;
[2.984s]       |                  [01;36m[K^[m[K
[2.984s] In file included from [01m[K/usr/include/c++/11/memory:77[m[K,
[2.984s]                  from [01m[K/home/nardaiv/px4ros2_ws/install/px4_msgs/include/px4_msgs/px4_msgs/msg/detail/offboard_control_mode__struct.hpp:10[m[K,
[2.984s]                  from [01m[K/home/nardaiv/px4ros2_ws/install/px4_msgs/include/px4_msgs/px4_msgs/msg/offboard_control_mode.hpp:7[m[K,
[2.984s]                  from [01m[K/home/nardaiv/px4ros2_ws/src/px4_ros_com/src/examples/offboard/offboard_control.cpp:41[m[K:
[2.984s] [01m[K/usr/include/c++/11/bits/shared_ptr.h:359:19:[m[K [01;36m[Knote: [m[Kcandidate: ‘[01m[Kstd::shared_ptr<_Tp>& std::shared_ptr<_Tp>::operator=(const std::shared_ptr<_Tp>&) [with _Tp = rclcpp::Subscription<px4_msgs::msg::VehicleLocalPosition_<std::allocator<void> > >][m[K’
[2.984s]   359 |       shared_ptr& [01;36m[Koperator[m[K=(const shared_ptr&) noexcept = default;
[2.984s]       |                   [01;36m[K^~~~~~~~[m[K
[2.984s] [01m[K/usr/include/c++/11/bits/shared_ptr.h:359:29:[m[K [01;36m[Knote: [m[K  no known conversion for argument 1 from ‘[01m[Kstd::shared_ptr<rclcpp::Subscription<px4_msgs::msg::VehicleOdometry_<std::allocator<void> >, std::allocator<void>, px4_msgs::msg::VehicleOdometry_<std::allocator<void> >, px4_msgs::msg::VehicleOdometry_<std::allocator<void> >, rclcpp::message_memory_strategy::MessageMemoryStrategy<px4_msgs::msg::VehicleOdometry_<std::allocator<void> >, std::allocator<void> > > >[m[K’ to ‘[01m[Kconst std::shared_ptr<rclcpp::Subscription<px4_msgs::msg::VehicleLocalPosition_<std::allocator<void> > > >&[m[K’
[2.985s]   359 |       shared_ptr& operator=([01;36m[Kconst shared_ptr&[m[K) noexcept = default;
[2.985s]       |                             [01;36m[K^~~~~~~~~~~~~~~~~[m[K
[2.985s] [01m[K/usr/include/c++/11/bits/shared_ptr.h:383:7:[m[K [01;36m[Knote: [m[Kcandidate: ‘[01m[Kstd::shared_ptr<_Tp>& std::shared_ptr<_Tp>::operator=(std::shared_ptr<_Tp>&&) [with _Tp = rclcpp::Subscription<px4_msgs::msg::VehicleLocalPosition_<std::allocator<void> > >][m[K’
[2.985s]   383 |       [01;36m[Koperator[m[K=(shared_ptr&& __r) noexcept
[2.985s]       |       [01;36m[K^~~~~~~~[m[K
[2.985s] [01m[K/usr/include/c++/11/bits/shared_ptr.h:383:30:[m[K [01;36m[Knote: [m[K  no known conversion for argument 1 from ‘[01m[Kstd::shared_ptr<rclcpp::Subscription<px4_msgs::msg::VehicleOdometry_<std::allocator<void> >, std::allocator<void>, px4_msgs::msg::VehicleOdometry_<std::allocator<void> >, px4_msgs::msg::VehicleOdometry_<std::allocator<void> >, rclcpp::message_memory_strategy::MessageMemoryStrategy<px4_msgs::msg::VehicleOdometry_<std::allocator<void> >, std::allocator<void> > > >[m[K’ to ‘[01m[Kstd::shared_ptr<rclcpp::Subscription<px4_msgs::msg::VehicleLocalPosition_<std::allocator<void> > > >&&[m[K’
[2.985s]   383 |       operator=([01;36m[Kshared_ptr&& __r[m[K) noexcept
[2.985s]       |                 [01;36m[K~~~~~~~~~~~~~^~~[m[K
[6.242s] gmake[2]: *** [CMakeFiles/offboard_control.dir/build.make:76: CMakeFiles/offboard_control.dir/src/examples/offboard/offboard_control.cpp.o] Error 1
[6.242s] gmake[1]: *** [CMakeFiles/Makefile2:254: CMakeFiles/offboard_control.dir/all] Error 2
[6.243s] gmake: *** [Makefile:146: all] Error 2
[6.245s] Invoked command in '/home/nardaiv/px4ros2_ws/build/px4_ros_com' returned '2': CMAKE_PREFIX_PATH=/home/nardaiv/px4ros2_ws/install/px4_msgs:/home/nardaiv/px4ros2_ws/install/px4_ros_com:/opt/ros/humble LD_LIBRARY_PATH=/home/nardaiv/px4ros2_ws/install/px4_msgs/lib:/home/nardaiv/px4ros2_ws/install/px4_ros_com/lib:/opt/ros/humble/opt/rviz_ogre_vendor/lib:/opt/ros/humble/lib/x86_64-linux-gnu:/opt/ros/humble/lib /usr/bin/cmake --build /home/nardaiv/px4ros2_ws/build/px4_ros_com -- -j12 -l12
