[0.048s] Invoking command in '/home/nardaiv/px4ros2_ws/build/px4_ros_com': CMAKE_PREFIX_PATH=/home/nardaiv/px4ros2_ws/install/px4_msgs:/home/nardaiv/px4ros2_ws/install/px4_ros_com:/opt/ros/humble LD_LIBRARY_PATH=/home/nardaiv/px4ros2_ws/install/px4_msgs/lib:/home/nardaiv/px4ros2_ws/install/px4_ros_com/lib:/opt/ros/humble/opt/rviz_ogre_vendor/lib:/opt/ros/humble/lib/x86_64-linux-gnu:/opt/ros/humble/lib /usr/bin/cmake --build /home/nardaiv/px4ros2_ws/build/px4_ros_com -- -j12 -l12
[0.090s] [35m[1mConsolidate compiler generated dependencies of target offboard_control[0m
[0.103s] [ 25%] Built target frame_transforms
[0.103s] [ 33%] Built target vehicle_gps_position_listener
[0.103s] [ 50%] Built target debug_vect_advertiser
[0.104s] [ 66%] Built target sensor_combined_listener
[0.105s] [ 83%] Built target offboard_control_srv
[0.111s] [ 83%] Built target ament_cmake_python_copy_px4_ros_com
[0.113s] [ 91%] [32mBuilding CXX object CMakeFiles/offboard_control.dir/src/examples/offboard/offboard_control.cpp.o[0m
[0.319s] running egg_info
[0.319s] writing px4_ros_com.egg-info/PKG-INFO
[0.320s] writing dependency_links to px4_ros_com.egg-info/dependency_links.txt
[0.320s] writing top-level names to px4_ros_com.egg-info/top_level.txt
[0.322s] reading manifest file 'px4_ros_com.egg-info/SOURCES.txt'
[0.322s] writing manifest file 'px4_ros_com.egg-info/SOURCES.txt'
[0.360s] [ 91%] Built target ament_cmake_python_build_px4_ros_com_egg
[8.400s] [100%] [32m[1mLinking CXX executable offboard_control[0m
[8.803s] [100%] Built target offboard_control
[8.813s] Invoked command in '/home/nardaiv/px4ros2_ws/build/px4_ros_com' returned '0': CMAKE_PREFIX_PATH=/home/nardaiv/px4ros2_ws/install/px4_msgs:/home/nardaiv/px4ros2_ws/install/px4_ros_com:/opt/ros/humble LD_LIBRARY_PATH=/home/nardaiv/px4ros2_ws/install/px4_msgs/lib:/home/nardaiv/px4ros2_ws/install/px4_ros_com/lib:/opt/ros/humble/opt/rviz_ogre_vendor/lib:/opt/ros/humble/lib/x86_64-linux-gnu:/opt/ros/humble/lib /usr/bin/cmake --build /home/nardaiv/px4ros2_ws/build/px4_ros_com -- -j12 -l12
[8.814s] Invoking command in '/home/nardaiv/px4ros2_ws/build/px4_ros_com': CMAKE_PREFIX_PATH=/home/nardaiv/px4ros2_ws/install/px4_msgs:/home/nardaiv/px4ros2_ws/install/px4_ros_com:/opt/ros/humble LD_LIBRARY_PATH=/home/nardaiv/px4ros2_ws/install/px4_msgs/lib:/home/nardaiv/px4ros2_ws/install/px4_ros_com/lib:/opt/ros/humble/opt/rviz_ogre_vendor/lib:/opt/ros/humble/lib/x86_64-linux-gnu:/opt/ros/humble/lib /usr/bin/cmake --install /home/nardaiv/px4ros2_ws/build/px4_ros_com
[8.822s] -- Install configuration: ""
[8.822s] -- Up-to-date: /home/nardaiv/px4ros2_ws/install/px4_ros_com/lib/px4_ros_com/sensor_combined_listener
[8.822s] -- Up-to-date: /home/nardaiv/px4ros2_ws/install/px4_ros_com/lib/px4_ros_com/vehicle_gps_position_listener
[8.822s] -- Up-to-date: /home/nardaiv/px4ros2_ws/install/px4_ros_com/lib/px4_ros_com/debug_vect_advertiser
[8.823s] -- Installing: /home/nardaiv/px4ros2_ws/install/px4_ros_com/lib/px4_ros_com/offboard_control
[8.828s] -- Set runtime path of "/home/nardaiv/px4ros2_ws/install/px4_ros_com/lib/px4_ros_com/offboard_control" to ""
[8.829s] -- Up-to-date: /home/nardaiv/px4ros2_ws/install/px4_ros_com/lib/px4_ros_com/offboard_control_srv
[8.829s] -- Up-to-date: /home/nardaiv/px4ros2_ws/install/px4_ros_com/share/px4_ros_com/environment/library_path.sh
[8.829s] -- Up-to-date: /home/nardaiv/px4ros2_ws/install/px4_ros_com/share/px4_ros_com/environment/library_path.dsv
[8.830s] -- Up-to-date: /home/nardaiv/px4ros2_ws/install/px4_ros_com/include/px4_ros_com
[8.830s] -- Up-to-date: /home/nardaiv/px4ros2_ws/install/px4_ros_com/include/px4_ros_com/frame_transforms.h
[8.830s] -- Up-to-date: /home/nardaiv/px4ros2_ws/install/px4_ros_com/lib/libframe_transforms.so
[8.830s] -- Up-to-date: /home/nardaiv/px4ros2_ws/install/px4_ros_com/share/px4_ros_com//launch
[8.830s] -- Up-to-date: /home/nardaiv/px4ros2_ws/install/px4_ros_com/share/px4_ros_com//launch/sensor_combined_listener.launch.py
[8.830s] -- Up-to-date: /home/nardaiv/px4ros2_ws/install/px4_ros_com/share/px4_ros_com//launch/offboard_control_launch.yaml
[8.831s] -- Up-to-date: /home/nardaiv/px4ros2_ws/install/px4_ros_com/share/px4_ros_com//test
[8.831s] -- Up-to-date: /home/nardaiv/px4ros2_ws/install/px4_ros_com/share/px4_ros_com//test/test_output.py
[8.831s] -- Up-to-date: /home/nardaiv/px4ros2_ws/install/px4_ros_com/share/px4_ros_com//test/test_input.py
[8.831s] -- Up-to-date: /home/nardaiv/px4ros2_ws/install/px4_ros_com/share/px4_ros_com//test/pipeline_io_test.py
[8.831s] -- Up-to-date: /home/nardaiv/px4ros2_ws/install/px4_ros_com/share/px4_ros_com//test/__init__.py
[8.831s] -- Up-to-date: /home/nardaiv/px4ros2_ws/install/px4_ros_com/share/px4_ros_com/environment/pythonpath.sh
[8.831s] -- Up-to-date: /home/nardaiv/px4ros2_ws/install/px4_ros_com/share/px4_ros_com/environment/pythonpath.dsv
[8.831s] -- Up-to-date: /home/nardaiv/px4ros2_ws/install/px4_ros_com/local/lib/python3.10/dist-packages/px4_ros_com-0.1.0-py3.10.egg-info
[8.831s] -- Installing: /home/nardaiv/px4ros2_ws/install/px4_ros_com/local/lib/python3.10/dist-packages/px4_ros_com-0.1.0-py3.10.egg-info/top_level.txt
[8.831s] -- Installing: /home/nardaiv/px4ros2_ws/install/px4_ros_com/local/lib/python3.10/dist-packages/px4_ros_com-0.1.0-py3.10.egg-info/SOURCES.txt
[8.831s] -- Installing: /home/nardaiv/px4ros2_ws/install/px4_ros_com/local/lib/python3.10/dist-packages/px4_ros_com-0.1.0-py3.10.egg-info/dependency_links.txt
[8.832s] -- Installing: /home/nardaiv/px4ros2_ws/install/px4_ros_com/local/lib/python3.10/dist-packages/px4_ros_com-0.1.0-py3.10.egg-info/PKG-INFO
[8.832s] -- Up-to-date: /home/nardaiv/px4ros2_ws/install/px4_ros_com/local/lib/python3.10/dist-packages/px4_ros_com
[8.832s] -- Up-to-date: /home/nardaiv/px4ros2_ws/install/px4_ros_com/local/lib/python3.10/dist-packages/px4_ros_com/module_to_import.py
[8.832s] -- Up-to-date: /home/nardaiv/px4ros2_ws/install/px4_ros_com/local/lib/python3.10/dist-packages/px4_ros_com/__init__.py
[8.855s] Listing '/home/nardaiv/px4ros2_ws/install/px4_ros_com/local/lib/python3.10/dist-packages/px4_ros_com'...
[8.860s] -- Up-to-date: /home/nardaiv/px4ros2_ws/install/px4_ros_com/lib/px4_ros_com/offboard_control.py
[8.861s] -- Up-to-date: /home/nardaiv/px4ros2_ws/install/px4_ros_com/share/ament_index/resource_index/package_run_dependencies/px4_ros_com
[8.861s] -- Up-to-date: /home/nardaiv/px4ros2_ws/install/px4_ros_com/share/ament_index/resource_index/parent_prefix_path/px4_ros_com
[8.861s] -- Up-to-date: /home/nardaiv/px4ros2_ws/install/px4_ros_com/share/px4_ros_com/environment/ament_prefix_path.sh
[8.861s] -- Up-to-date: /home/nardaiv/px4ros2_ws/install/px4_ros_com/share/px4_ros_com/environment/ament_prefix_path.dsv
[8.861s] -- Up-to-date: /home/nardaiv/px4ros2_ws/install/px4_ros_com/share/px4_ros_com/environment/path.sh
[8.861s] -- Up-to-date: /home/nardaiv/px4ros2_ws/install/px4_ros_com/share/px4_ros_com/environment/path.dsv
[8.862s] -- Up-to-date: /home/nardaiv/px4ros2_ws/install/px4_ros_com/share/px4_ros_com/local_setup.bash
[8.862s] -- Up-to-date: /home/nardaiv/px4ros2_ws/install/px4_ros_com/share/px4_ros_com/local_setup.sh
[8.862s] -- Up-to-date: /home/nardaiv/px4ros2_ws/install/px4_ros_com/share/px4_ros_com/local_setup.zsh
[8.862s] -- Up-to-date: /home/nardaiv/px4ros2_ws/install/px4_ros_com/share/px4_ros_com/local_setup.dsv
[8.862s] -- Installing: /home/nardaiv/px4ros2_ws/install/px4_ros_com/share/px4_ros_com/package.dsv
[8.862s] -- Up-to-date: /home/nardaiv/px4ros2_ws/install/px4_ros_com/share/ament_index/resource_index/packages/px4_ros_com
[8.862s] -- Up-to-date: /home/nardaiv/px4ros2_ws/install/px4_ros_com/share/px4_ros_com/cmake/export_frame_transformsExport.cmake
[8.862s] -- Up-to-date: /home/nardaiv/px4ros2_ws/install/px4_ros_com/share/px4_ros_com/cmake/export_frame_transformsExport-noconfig.cmake
[8.862s] -- Up-to-date: /home/nardaiv/px4ros2_ws/install/px4_ros_com/share/px4_ros_com/cmake/ament_cmake_export_dependencies-extras.cmake
[8.862s] -- Up-to-date: /home/nardaiv/px4ros2_ws/install/px4_ros_com/share/px4_ros_com/cmake/ament_cmake_export_targets-extras.cmake
[8.863s] -- Up-to-date: /home/nardaiv/px4ros2_ws/install/px4_ros_com/share/px4_ros_com/cmake/ament_cmake_export_include_directories-extras.cmake
[8.863s] -- Up-to-date: /home/nardaiv/px4ros2_ws/install/px4_ros_com/share/px4_ros_com/cmake/ament_cmake_export_libraries-extras.cmake
[8.863s] -- Up-to-date: /home/nardaiv/px4ros2_ws/install/px4_ros_com/share/px4_ros_com/cmake/px4_ros_comConfig.cmake
[8.863s] -- Up-to-date: /home/nardaiv/px4ros2_ws/install/px4_ros_com/share/px4_ros_com/cmake/px4_ros_comConfig-version.cmake
[8.863s] -- Up-to-date: /home/nardaiv/px4ros2_ws/install/px4_ros_com/share/px4_ros_com/package.xml
[8.865s] Invoked command in '/home/nardaiv/px4ros2_ws/build/px4_ros_com' returned '0': CMAKE_PREFIX_PATH=/home/nardaiv/px4ros2_ws/install/px4_msgs:/home/nardaiv/px4ros2_ws/install/px4_ros_com:/opt/ros/humble LD_LIBRARY_PATH=/home/nardaiv/px4ros2_ws/install/px4_msgs/lib:/home/nardaiv/px4ros2_ws/install/px4_ros_com/lib:/opt/ros/humble/opt/rviz_ogre_vendor/lib:/opt/ros/humble/lib/x86_64-linux-gnu:/opt/ros/humble/lib /usr/bin/cmake --install /home/nardaiv/px4ros2_ws/build/px4_ros_com
