[35m[1mConsolidate compiler generated dependencies of target frame_transforms[0m
[ 33%] Built target sensor_combined_listener
[ 33%] Built target vehicle_gps_position_listener
[ 50%] Built target debug_vect_advertiser
[ 66%] Built target offboard_control_srv
[ 66%] Built target ament_cmake_python_copy_px4_ros_com
[ 83%] Built target frame_transforms
[35m[1mConsolidate compiler generated dependencies of target offboard_control[0m
[ 91%] [32mBuilding CXX object CMakeFiles/offboard_control.dir/src/examples/offboard/offboard_control.cpp.o[0m
running egg_info
writing px4_ros_com.egg-info/PKG-INFO
writing dependency_links to px4_ros_com.egg-info/dependency_links.txt
writing top-level names to px4_ros_com.egg-info/top_level.txt
reading manifest file 'px4_ros_com.egg-info/SOURCES.txt'
writing manifest file 'px4_ros_com.egg-info/SOURCES.txt'
[ 91%] Built target ament_cmake_python_build_px4_ros_com_egg
[01m[K/home/nardaiv/px4ros2_ws/src/px4_ros_com/src/examples/offboard/offboard_control.cpp:[m[K In lambda function:
[01m[K/home/nardaiv/px4ros2_ws/src/px4_ros_com/src/examples/offboard/offboard_control.cpp:79:113:[m[K [01;31m[Kerror: [m[Kinvalid initialization of reference of type ‘[01m[Kconst Quaterniond&[m[K’ {aka ‘[01m[Kconst Eigen::Quaternion<double>&[m[K’} from expression of type ‘[01m[Kpx4_msgs::msg::VehicleOdometry_<std::allocator<void> >::_q_type[m[K’ {aka ‘[01m[Kstd::array<float, 4>[m[K’}
   79 | rame_transforms::utils::quaternion::quaternion_get_yaw([01;31m[Kmsg->q[m[K);
      |                                                        [01;31m[K~~~~~^[m[K

In file included from [01m[K/home/nardaiv/px4ros2_ws/src/px4_ros_com/src/examples/offboard/offboard_control.cpp:46[m[K:
[01m[K/home/nardaiv/px4ros2_ws/src/px4_ros_com/include/px4_ros_com/frame_transforms.h:139:53:[m[K [01;36m[Knote: [m[Kin passing argument 1 of ‘[01m[Kdouble px4_ros_com::frame_transforms::utils::quaternion::quaternion_get_yaw(const Quaterniond&)[m[K’
  139 | double quaternion_get_yaw([01;36m[Kconst Eigen::Quaterniond &q[m[K);
      |                           [01;36m[K~~~~~~~~~~~~~~~~~~~~~~~~~~^[m[K
gmake[2]: *** [CMakeFiles/offboard_control.dir/build.make:76: CMakeFiles/offboard_control.dir/src/examples/offboard/offboard_control.cpp.o] Error 1
gmake[1]: *** [CMakeFiles/Makefile2:254: CMakeFiles/offboard_control.dir/all] Error 2
gmake: *** [Makefile:146: all] Error 2
