[0.046s] Invoking command in '/home/nardaiv/px4ros2_ws/build/px4_ros_com': CMAKE_PREFIX_PATH=/home/nardaiv/px4ros2_ws/install/px4_msgs:/home/nardaiv/px4ros2_ws/install/px4_ros_com:/opt/ros/humble LD_LIBRARY_PATH=/home/nardaiv/px4ros2_ws/install/px4_msgs/lib:/home/nardaiv/px4ros2_ws/install/px4_ros_com/lib:/opt/ros/humble/opt/rviz_ogre_vendor/lib:/opt/ros/humble/lib/x86_64-linux-gnu:/opt/ros/humble/lib /usr/bin/cmake --build /home/nardaiv/px4ros2_ws/build/px4_ros_com -- -j12 -l12
[0.081s] [35m[1mConsolidate compiler generated dependencies of target offboard_control[0m
[0.093s] [ 41%] Built target frame_transforms
[0.093s] [ 58%] Built target debug_vect_advertiser
[0.093s] [ 41%] Built target vehicle_gps_position_listener
[0.094s] [ 66%] Built target sensor_combined_listener
[0.094s] [ 83%] Built target offboard_control_srv
[0.100s] [ 83%] Built target ament_cmake_python_copy_px4_ros_com
[0.100s] [ 91%] [32mBuilding CXX object CMakeFiles/offboard_control.dir/src/examples/offboard/offboard_control.cpp.o[0m
[0.304s] running egg_info
[0.304s] writing px4_ros_com.egg-info/PKG-INFO
[0.304s] writing dependency_links to px4_ros_com.egg-info/dependency_links.txt
[0.305s] writing top-level names to px4_ros_com.egg-info/top_level.txt
[0.306s] reading manifest file 'px4_ros_com.egg-info/SOURCES.txt'
[0.307s] writing manifest file 'px4_ros_com.egg-info/SOURCES.txt'
[0.344s] [ 91%] Built target ament_cmake_python_build_px4_ros_com_egg
[7.129s] [100%] [32m[1mLinking CXX executable offboard_control[0m
[7.432s] [100%] Built target offboard_control
[7.440s] Invoked command in '/home/nardaiv/px4ros2_ws/build/px4_ros_com' returned '0': CMAKE_PREFIX_PATH=/home/nardaiv/px4ros2_ws/install/px4_msgs:/home/nardaiv/px4ros2_ws/install/px4_ros_com:/opt/ros/humble LD_LIBRARY_PATH=/home/nardaiv/px4ros2_ws/install/px4_msgs/lib:/home/nardaiv/px4ros2_ws/install/px4_ros_com/lib:/opt/ros/humble/opt/rviz_ogre_vendor/lib:/opt/ros/humble/lib/x86_64-linux-gnu:/opt/ros/humble/lib /usr/bin/cmake --build /home/nardaiv/px4ros2_ws/build/px4_ros_com -- -j12 -l12
[7.441s] Invoking command in '/home/nardaiv/px4ros2_ws/build/px4_ros_com': CMAKE_PREFIX_PATH=/home/nardaiv/px4ros2_ws/install/px4_msgs:/home/nardaiv/px4ros2_ws/install/px4_ros_com:/opt/ros/humble LD_LIBRARY_PATH=/home/nardaiv/px4ros2_ws/install/px4_msgs/lib:/home/nardaiv/px4ros2_ws/install/px4_ros_com/lib:/opt/ros/humble/opt/rviz_ogre_vendor/lib:/opt/ros/humble/lib/x86_64-linux-gnu:/opt/ros/humble/lib /usr/bin/cmake --install /home/nardaiv/px4ros2_ws/build/px4_ros_com
[7.446s] -- Install configuration: ""
[7.446s] -- Up-to-date: /home/nardaiv/px4ros2_ws/install/px4_ros_com/lib/px4_ros_com/sensor_combined_listener
[7.447s] -- Up-to-date: /home/nardaiv/px4ros2_ws/install/px4_ros_com/lib/px4_ros_com/vehicle_gps_position_listener
[7.447s] -- Up-to-date: /home/nardaiv/px4ros2_ws/install/px4_ros_com/lib/px4_ros_com/debug_vect_advertiser
[7.447s] -- Installing: /home/nardaiv/px4ros2_ws/install/px4_ros_com/lib/px4_ros_com/offboard_control
[7.452s] -- Set runtime path of "/home/nardaiv/px4ros2_ws/install/px4_ros_com/lib/px4_ros_com/offboard_control" to ""
[7.452s] -- Up-to-date: /home/nardaiv/px4ros2_ws/install/px4_ros_com/lib/px4_ros_com/offboard_control_srv
[7.452s] -- Up-to-date: /home/nardaiv/px4ros2_ws/install/px4_ros_com/share/px4_ros_com/environment/library_path.sh
[7.452s] -- Up-to-date: /home/nardaiv/px4ros2_ws/install/px4_ros_com/share/px4_ros_com/environment/library_path.dsv
[7.452s] -- Up-to-date: /home/nardaiv/px4ros2_ws/install/px4_ros_com/include/px4_ros_com
[7.453s] -- Up-to-date: /home/nardaiv/px4ros2_ws/install/px4_ros_com/include/px4_ros_com/frame_transforms.h
[7.453s] -- Up-to-date: /home/nardaiv/px4ros2_ws/install/px4_ros_com/lib/libframe_transforms.so
[7.453s] -- Up-to-date: /home/nardaiv/px4ros2_ws/install/px4_ros_com/share/px4_ros_com//launch
[7.453s] -- Up-to-date: /home/nardaiv/px4ros2_ws/install/px4_ros_com/share/px4_ros_com//launch/sensor_combined_listener.launch.py
[7.453s] -- Up-to-date: /home/nardaiv/px4ros2_ws/install/px4_ros_com/share/px4_ros_com//launch/offboard_control_launch.yaml
[7.453s] -- Up-to-date: /home/nardaiv/px4ros2_ws/install/px4_ros_com/share/px4_ros_com//test
[7.453s] -- Up-to-date: /home/nardaiv/px4ros2_ws/install/px4_ros_com/share/px4_ros_com//test/test_output.py
[7.453s] -- Up-to-date: /home/nardaiv/px4ros2_ws/install/px4_ros_com/share/px4_ros_com//test/test_input.py
[7.453s] -- Up-to-date: /home/nardaiv/px4ros2_ws/install/px4_ros_com/share/px4_ros_com//test/pipeline_io_test.py
[7.453s] -- Up-to-date: /home/nardaiv/px4ros2_ws/install/px4_ros_com/share/px4_ros_com//test/__init__.py
[7.454s] -- Up-to-date: /home/nardaiv/px4ros2_ws/install/px4_ros_com/share/px4_ros_com/environment/pythonpath.sh
[7.454s] -- Up-to-date: /home/nardaiv/px4ros2_ws/install/px4_ros_com/share/px4_ros_com/environment/pythonpath.dsv
[7.454s] -- Up-to-date: /home/nardaiv/px4ros2_ws/install/px4_ros_com/local/lib/python3.10/dist-packages/px4_ros_com-0.1.0-py3.10.egg-info
[7.454s] -- Installing: /home/nardaiv/px4ros2_ws/install/px4_ros_com/local/lib/python3.10/dist-packages/px4_ros_com-0.1.0-py3.10.egg-info/top_level.txt
[7.454s] -- Installing: /home/nardaiv/px4ros2_ws/install/px4_ros_com/local/lib/python3.10/dist-packages/px4_ros_com-0.1.0-py3.10.egg-info/SOURCES.txt
[7.454s] -- Installing: /home/nardaiv/px4ros2_ws/install/px4_ros_com/local/lib/python3.10/dist-packages/px4_ros_com-0.1.0-py3.10.egg-info/dependency_links.txt
[7.454s] -- Installing: /home/nardaiv/px4ros2_ws/install/px4_ros_com/local/lib/python3.10/dist-packages/px4_ros_com-0.1.0-py3.10.egg-info/PKG-INFO
[7.454s] -- Up-to-date: /home/nardaiv/px4ros2_ws/install/px4_ros_com/local/lib/python3.10/dist-packages/px4_ros_com
[7.454s] -- Up-to-date: /home/nardaiv/px4ros2_ws/install/px4_ros_com/local/lib/python3.10/dist-packages/px4_ros_com/module_to_import.py
[7.454s] -- Up-to-date: /home/nardaiv/px4ros2_ws/install/px4_ros_com/local/lib/python3.10/dist-packages/px4_ros_com/__init__.py
[7.475s] Listing '/home/nardaiv/px4ros2_ws/install/px4_ros_com/local/lib/python3.10/dist-packages/px4_ros_com'...
[7.479s] -- Up-to-date: /home/nardaiv/px4ros2_ws/install/px4_ros_com/lib/px4_ros_com/offboard_control.py
[7.479s] -- Up-to-date: /home/nardaiv/px4ros2_ws/install/px4_ros_com/share/ament_index/resource_index/package_run_dependencies/px4_ros_com
[7.480s] -- Up-to-date: /home/nardaiv/px4ros2_ws/install/px4_ros_com/share/ament_index/resource_index/parent_prefix_path/px4_ros_com
[7.480s] -- Up-to-date: /home/nardaiv/px4ros2_ws/install/px4_ros_com/share/px4_ros_com/environment/ament_prefix_path.sh
[7.480s] -- Up-to-date: /home/nardaiv/px4ros2_ws/install/px4_ros_com/share/px4_ros_com/environment/ament_prefix_path.dsv
[7.480s] -- Up-to-date: /home/nardaiv/px4ros2_ws/install/px4_ros_com/share/px4_ros_com/environment/path.sh
[7.480s] -- Up-to-date: /home/nardaiv/px4ros2_ws/install/px4_ros_com/share/px4_ros_com/environment/path.dsv
[7.480s] -- Up-to-date: /home/nardaiv/px4ros2_ws/install/px4_ros_com/share/px4_ros_com/local_setup.bash
[7.480s] -- Up-to-date: /home/nardaiv/px4ros2_ws/install/px4_ros_com/share/px4_ros_com/local_setup.sh
[7.480s] -- Up-to-date: /home/nardaiv/px4ros2_ws/install/px4_ros_com/share/px4_ros_com/local_setup.zsh
[7.480s] -- Up-to-date: /home/nardaiv/px4ros2_ws/install/px4_ros_com/share/px4_ros_com/local_setup.dsv
[7.480s] -- Installing: /home/nardaiv/px4ros2_ws/install/px4_ros_com/share/px4_ros_com/package.dsv
[7.480s] -- Up-to-date: /home/nardaiv/px4ros2_ws/install/px4_ros_com/share/ament_index/resource_index/packages/px4_ros_com
[7.481s] -- Up-to-date: /home/nardaiv/px4ros2_ws/install/px4_ros_com/share/px4_ros_com/cmake/export_frame_transformsExport.cmake
[7.481s] -- Up-to-date: /home/nardaiv/px4ros2_ws/install/px4_ros_com/share/px4_ros_com/cmake/export_frame_transformsExport-noconfig.cmake
[7.481s] -- Up-to-date: /home/nardaiv/px4ros2_ws/install/px4_ros_com/share/px4_ros_com/cmake/ament_cmake_export_dependencies-extras.cmake
[7.481s] -- Up-to-date: /home/nardaiv/px4ros2_ws/install/px4_ros_com/share/px4_ros_com/cmake/ament_cmake_export_targets-extras.cmake
[7.481s] -- Up-to-date: /home/nardaiv/px4ros2_ws/install/px4_ros_com/share/px4_ros_com/cmake/ament_cmake_export_include_directories-extras.cmake
[7.481s] -- Up-to-date: /home/nardaiv/px4ros2_ws/install/px4_ros_com/share/px4_ros_com/cmake/ament_cmake_export_libraries-extras.cmake
[7.481s] -- Up-to-date: /home/nardaiv/px4ros2_ws/install/px4_ros_com/share/px4_ros_com/cmake/px4_ros_comConfig.cmake
[7.481s] -- Up-to-date: /home/nardaiv/px4ros2_ws/install/px4_ros_com/share/px4_ros_com/cmake/px4_ros_comConfig-version.cmake
[7.481s] -- Up-to-date: /home/nardaiv/px4ros2_ws/install/px4_ros_com/share/px4_ros_com/package.xml
[7.482s] Invoked command in '/home/nardaiv/px4ros2_ws/build/px4_ros_com' returned '0': CMAKE_PREFIX_PATH=/home/nardaiv/px4ros2_ws/install/px4_msgs:/home/nardaiv/px4ros2_ws/install/px4_ros_com:/opt/ros/humble LD_LIBRARY_PATH=/home/nardaiv/px4ros2_ws/install/px4_msgs/lib:/home/nardaiv/px4ros2_ws/install/px4_ros_com/lib:/opt/ros/humble/opt/rviz_ogre_vendor/lib:/opt/ros/humble/lib/x86_64-linux-gnu:/opt/ros/humble/lib /usr/bin/cmake --install /home/nardaiv/px4ros2_ws/build/px4_ros_com
