[0.201s] DEBUG:colcon:Command line arguments: ['/usr/bin/colcon', 'build']
[0.202s] DEBUG:colcon:Parsed command line arguments: Namespace(log_base=None, log_level=None, verb_name='build', build_base='build', install_base='install', merge_install=False, symlink_install=False, test_result_base=None, continue_on_error=False, executor='parallel', parallel_workers=12, event_handlers=None, ignore_user_meta=False, metas=['./colcon.meta'], base_paths=['.'], packages_ignore=None, packages_ignore_regex=None, paths=None, packages_up_to=None, packages_up_to_regex=None, packages_above=None, packages_above_and_dependencies=None, packages_above_depth=None, packages_select_by_dep=None, packages_skip_by_dep=None, packages_skip_up_to=None, packages_select_build_failed=False, packages_skip_build_finished=False, packages_select_test_failures=False, packages_skip_test_passed=False, packages_select=None, packages_skip=None, packages_select_regex=None, packages_skip_regex=None, packages_start=None, packages_end=None, allow_overriding=[], cmake_args=None, cmake_target=None, cmake_target_skip_unavailable=False, cmake_clean_cache=False, cmake_clean_first=False, cmake_force_configure=False, ament_cmake_args=None, catkin_cmake_args=None, catkin_skip_building_tests=False, mixin_files=None, mixin=None, verb_parser=<colcon_mixin.mixin.mixin_argument.MixinArgumentDecorator object at 0x7f41eb73a380>, verb_extension=<colcon_core.verb.build.BuildVerb object at 0x7f41eb739db0>, main=<bound method BuildVerb.main of <colcon_core.verb.build.BuildVerb object at 0x7f41eb739db0>>, mixin_verb=('build',))
[0.434s] Level 1:colcon.colcon_core.package_discovery:discover_packages(colcon_meta) check parameters
[0.435s] Level 1:colcon.colcon_core.package_discovery:discover_packages(recursive) check parameters
[0.435s] Level 1:colcon.colcon_core.package_discovery:discover_packages(ignore) check parameters
[0.435s] Level 1:colcon.colcon_core.package_discovery:discover_packages(path) check parameters
[0.435s] Level 1:colcon.colcon_core.package_discovery:discover_packages(colcon_meta) discover
[0.435s] Level 1:colcon.colcon_core.package_discovery:discover_packages(recursive) discover
[0.435s] INFO:colcon.colcon_core.package_discovery:Crawling recursively for packages in '/home/nardaiv/px4ros2_ws'
[0.435s] Level 1:colcon.colcon_core.package_identification:_identify(.) by extensions ['ignore', 'ignore_ament_install']
[0.435s] Level 1:colcon.colcon_core.package_identification:_identify(.) by extension 'ignore'
[0.435s] Level 1:colcon.colcon_core.package_identification:_identify(.) by extension 'ignore_ament_install'
[0.436s] Level 1:colcon.colcon_core.package_identification:_identify(.) by extensions ['colcon_pkg']
[0.436s] Level 1:colcon.colcon_core.package_identification:_identify(.) by extension 'colcon_pkg'
[0.436s] Level 1:colcon.colcon_core.package_identification:_identify(.) by extensions ['colcon_meta']
[0.436s] Level 1:colcon.colcon_core.package_identification:_identify(.) by extension 'colcon_meta'
[0.436s] Level 1:colcon.colcon_core.package_identification:_identify(.) by extensions ['ros']
[0.436s] Level 1:colcon.colcon_core.package_identification:_identify(.) by extension 'ros'
[0.449s] Level 1:colcon.colcon_core.package_identification:_identify(.) by extensions ['cmake', 'python']
[0.449s] Level 1:colcon.colcon_core.package_identification:_identify(.) by extension 'cmake'
[0.449s] Level 1:colcon.colcon_core.package_identification:_identify(.) by extension 'python'
[0.450s] Level 1:colcon.colcon_core.package_identification:_identify(.) by extensions ['python_setup_py']
[0.450s] Level 1:colcon.colcon_core.package_identification:_identify(.) by extension 'python_setup_py'
[0.450s] Level 1:colcon.colcon_core.package_identification:_identify(build) by extensions ['ignore', 'ignore_ament_install']
[0.450s] Level 1:colcon.colcon_core.package_identification:_identify(build) by extension 'ignore'
[0.450s] Level 1:colcon.colcon_core.package_identification:_identify(build) ignored
[0.450s] Level 1:colcon.colcon_core.package_identification:_identify(install) by extensions ['ignore', 'ignore_ament_install']
[0.450s] Level 1:colcon.colcon_core.package_identification:_identify(install) by extension 'ignore'
[0.450s] Level 1:colcon.colcon_core.package_identification:_identify(install) ignored
[0.451s] Level 1:colcon.colcon_core.package_identification:_identify(log) by extensions ['ignore', 'ignore_ament_install']
[0.451s] Level 1:colcon.colcon_core.package_identification:_identify(log) by extension 'ignore'
[0.451s] Level 1:colcon.colcon_core.package_identification:_identify(log) ignored
[0.451s] Level 1:colcon.colcon_core.package_identification:_identify(src) by extensions ['ignore', 'ignore_ament_install']
[0.451s] Level 1:colcon.colcon_core.package_identification:_identify(src) by extension 'ignore'
[0.451s] Level 1:colcon.colcon_core.package_identification:_identify(src) by extension 'ignore_ament_install'
[0.451s] Level 1:colcon.colcon_core.package_identification:_identify(src) by extensions ['colcon_pkg']
[0.451s] Level 1:colcon.colcon_core.package_identification:_identify(src) by extension 'colcon_pkg'
[0.451s] Level 1:colcon.colcon_core.package_identification:_identify(src) by extensions ['colcon_meta']
[0.451s] Level 1:colcon.colcon_core.package_identification:_identify(src) by extension 'colcon_meta'
[0.452s] Level 1:colcon.colcon_core.package_identification:_identify(src) by extensions ['ros']
[0.452s] Level 1:colcon.colcon_core.package_identification:_identify(src) by extension 'ros'
[0.452s] Level 1:colcon.colcon_core.package_identification:_identify(src) by extensions ['cmake', 'python']
[0.452s] Level 1:colcon.colcon_core.package_identification:_identify(src) by extension 'cmake'
[0.452s] Level 1:colcon.colcon_core.package_identification:_identify(src) by extension 'python'
[0.452s] Level 1:colcon.colcon_core.package_identification:_identify(src) by extensions ['python_setup_py']
[0.452s] Level 1:colcon.colcon_core.package_identification:_identify(src) by extension 'python_setup_py'
[0.452s] Level 1:colcon.colcon_core.package_identification:_identify(src/px4_msgs) by extensions ['ignore', 'ignore_ament_install']
[0.452s] Level 1:colcon.colcon_core.package_identification:_identify(src/px4_msgs) by extension 'ignore'
[0.452s] Level 1:colcon.colcon_core.package_identification:_identify(src/px4_msgs) by extension 'ignore_ament_install'
[0.452s] Level 1:colcon.colcon_core.package_identification:_identify(src/px4_msgs) by extensions ['colcon_pkg']
[0.452s] Level 1:colcon.colcon_core.package_identification:_identify(src/px4_msgs) by extension 'colcon_pkg'
[0.452s] Level 1:colcon.colcon_core.package_identification:_identify(src/px4_msgs) by extensions ['colcon_meta']
[0.452s] Level 1:colcon.colcon_core.package_identification:_identify(src/px4_msgs) by extension 'colcon_meta'
[0.452s] Level 1:colcon.colcon_core.package_identification:_identify(src/px4_msgs) by extensions ['ros']
[0.453s] Level 1:colcon.colcon_core.package_identification:_identify(src/px4_msgs) by extension 'ros'
[0.455s] DEBUG:colcon.colcon_core.package_identification:Package 'src/px4_msgs' with type 'ros.ament_cmake' and name 'px4_msgs'
[0.455s] Level 1:colcon.colcon_core.package_identification:_identify(src/px4_ros_com) by extensions ['ignore', 'ignore_ament_install']
[0.456s] Level 1:colcon.colcon_core.package_identification:_identify(src/px4_ros_com) by extension 'ignore'
[0.456s] Level 1:colcon.colcon_core.package_identification:_identify(src/px4_ros_com) by extension 'ignore_ament_install'
[0.456s] Level 1:colcon.colcon_core.package_identification:_identify(src/px4_ros_com) by extensions ['colcon_pkg']
[0.456s] Level 1:colcon.colcon_core.package_identification:_identify(src/px4_ros_com) by extension 'colcon_pkg'
[0.456s] Level 1:colcon.colcon_core.package_identification:_identify(src/px4_ros_com) by extensions ['colcon_meta']
[0.456s] Level 1:colcon.colcon_core.package_identification:_identify(src/px4_ros_com) by extension 'colcon_meta'
[0.456s] Level 1:colcon.colcon_core.package_identification:_identify(src/px4_ros_com) by extensions ['ros']
[0.456s] Level 1:colcon.colcon_core.package_identification:_identify(src/px4_ros_com) by extension 'ros'
[0.457s] DEBUG:colcon.colcon_core.package_identification:Package 'src/px4_ros_com' with type 'ros.ament_cmake' and name 'px4_ros_com'
[0.458s] Level 1:colcon.colcon_core.package_discovery:discover_packages(recursive) using defaults
[0.458s] Level 1:colcon.colcon_core.package_discovery:discover_packages(ignore) discover
[0.458s] Level 1:colcon.colcon_core.package_discovery:discover_packages(ignore) using defaults
[0.458s] Level 1:colcon.colcon_core.package_discovery:discover_packages(path) discover
[0.458s] Level 1:colcon.colcon_core.package_discovery:discover_packages(path) using defaults
[0.482s] Level 1:colcon.colcon_core.package_discovery:discover_packages(prefix_path) check parameters
[0.482s] Level 1:colcon.colcon_core.package_discovery:discover_packages(prefix_path) discover
[0.485s] DEBUG:colcon.colcon_installed_package_information.package_discovery:Found 270 installed packages in /opt/ros/humble
[0.503s] Level 1:colcon.colcon_core.package_discovery:discover_packages(prefix_path) using defaults
[0.544s] Level 5:colcon.colcon_core.verb:set package 'px4_msgs' build argument 'cmake_args' from command line to 'None'
[0.544s] Level 5:colcon.colcon_core.verb:set package 'px4_msgs' build argument 'cmake_target' from command line to 'None'
[0.544s] Level 5:colcon.colcon_core.verb:set package 'px4_msgs' build argument 'cmake_target_skip_unavailable' from command line to 'False'
[0.544s] Level 5:colcon.colcon_core.verb:set package 'px4_msgs' build argument 'cmake_clean_cache' from command line to 'False'
[0.544s] Level 5:colcon.colcon_core.verb:set package 'px4_msgs' build argument 'cmake_clean_first' from command line to 'False'
[0.544s] Level 5:colcon.colcon_core.verb:set package 'px4_msgs' build argument 'cmake_force_configure' from command line to 'False'
[0.544s] Level 5:colcon.colcon_core.verb:set package 'px4_msgs' build argument 'ament_cmake_args' from command line to 'None'
[0.544s] Level 5:colcon.colcon_core.verb:set package 'px4_msgs' build argument 'catkin_cmake_args' from command line to 'None'
[0.544s] Level 5:colcon.colcon_core.verb:set package 'px4_msgs' build argument 'catkin_skip_building_tests' from command line to 'False'
[0.544s] DEBUG:colcon.colcon_core.verb:Building package 'px4_msgs' with the following arguments: {'ament_cmake_args': None, 'build_base': '/home/nardaiv/px4ros2_ws/build/px4_msgs', 'catkin_cmake_args': None, 'catkin_skip_building_tests': False, 'cmake_args': None, 'cmake_clean_cache': False, 'cmake_clean_first': False, 'cmake_force_configure': False, 'cmake_target': None, 'cmake_target_skip_unavailable': False, 'install_base': '/home/nardaiv/px4ros2_ws/install/px4_msgs', 'merge_install': False, 'path': '/home/nardaiv/px4ros2_ws/src/px4_msgs', 'symlink_install': False, 'test_result_base': None}
[0.545s] Level 5:colcon.colcon_core.verb:set package 'px4_ros_com' build argument 'cmake_args' from command line to 'None'
[0.545s] Level 5:colcon.colcon_core.verb:set package 'px4_ros_com' build argument 'cmake_target' from command line to 'None'
[0.545s] Level 5:colcon.colcon_core.verb:set package 'px4_ros_com' build argument 'cmake_target_skip_unavailable' from command line to 'False'
[0.545s] Level 5:colcon.colcon_core.verb:set package 'px4_ros_com' build argument 'cmake_clean_cache' from command line to 'False'
[0.545s] Level 5:colcon.colcon_core.verb:set package 'px4_ros_com' build argument 'cmake_clean_first' from command line to 'False'
[0.545s] Level 5:colcon.colcon_core.verb:set package 'px4_ros_com' build argument 'cmake_force_configure' from command line to 'False'
[0.545s] Level 5:colcon.colcon_core.verb:set package 'px4_ros_com' build argument 'ament_cmake_args' from command line to 'None'
[0.545s] Level 5:colcon.colcon_core.verb:set package 'px4_ros_com' build argument 'catkin_cmake_args' from command line to 'None'
[0.545s] Level 5:colcon.colcon_core.verb:set package 'px4_ros_com' build argument 'catkin_skip_building_tests' from command line to 'False'
[0.545s] DEBUG:colcon.colcon_core.verb:Building package 'px4_ros_com' with the following arguments: {'ament_cmake_args': None, 'build_base': '/home/nardaiv/px4ros2_ws/build/px4_ros_com', 'catkin_cmake_args': None, 'catkin_skip_building_tests': False, 'cmake_args': None, 'cmake_clean_cache': False, 'cmake_clean_first': False, 'cmake_force_configure': False, 'cmake_target': None, 'cmake_target_skip_unavailable': False, 'install_base': '/home/nardaiv/px4ros2_ws/install/px4_ros_com', 'merge_install': False, 'path': '/home/nardaiv/px4ros2_ws/src/px4_ros_com', 'symlink_install': False, 'test_result_base': None}
[0.545s] INFO:colcon.colcon_core.executor:Executing jobs using 'parallel' executor
[0.547s] DEBUG:colcon.colcon_parallel_executor.executor.parallel:run_until_complete
[0.548s] INFO:colcon.colcon_ros.task.ament_cmake.build:Building ROS package in '/home/nardaiv/px4ros2_ws/src/px4_msgs' with build type 'ament_cmake'
[0.548s] INFO:colcon.colcon_cmake.task.cmake.build:Building CMake package in '/home/nardaiv/px4ros2_ws/src/px4_msgs'
[0.552s] INFO:colcon.colcon_core.plugin_system:Skipping extension 'colcon_core.shell.bat': Not used on non-Windows systems
[0.552s] INFO:colcon.colcon_core.shell:Skip shell extension 'powershell' for command environment: Not usable outside of PowerShell
[0.552s] DEBUG:colcon.colcon_core.shell:Skip shell extension 'dsv' for command environment
[0.566s] DEBUG:colcon.colcon_core.event_handler.log_command:Invoking command in '/home/nardaiv/px4ros2_ws/build/px4_msgs': CMAKE_PREFIX_PATH=/opt/ros/humble /usr/bin/cmake --build /home/nardaiv/px4ros2_ws/build/px4_msgs -- -j12 -l12
[2.019s] DEBUG:colcon.colcon_core.event_handler.log_command:Invoked command in '/home/nardaiv/px4ros2_ws/build/px4_msgs' returned '0': CMAKE_PREFIX_PATH=/opt/ros/humble /usr/bin/cmake --build /home/nardaiv/px4ros2_ws/build/px4_msgs -- -j12 -l12
[2.031s] DEBUG:colcon.colcon_core.event_handler.log_command:Invoking command in '/home/nardaiv/px4ros2_ws/build/px4_msgs': CMAKE_PREFIX_PATH=/opt/ros/humble /usr/bin/cmake --install /home/nardaiv/px4ros2_ws/build/px4_msgs
[2.991s] Level 1:colcon.colcon_core.environment:create_environment_scripts_only(px4_msgs)
[2.993s] DEBUG:colcon.colcon_core.event_handler.log_command:Invoked command in '/home/nardaiv/px4ros2_ws/build/px4_msgs' returned '0': CMAKE_PREFIX_PATH=/opt/ros/humble /usr/bin/cmake --install /home/nardaiv/px4ros2_ws/build/px4_msgs
[2.996s] Level 1:colcon.colcon_core.environment:checking '/home/nardaiv/px4ros2_ws/install/px4_msgs' for CMake module files
[2.996s] Level 1:colcon.colcon_core.environment:checking '/home/nardaiv/px4ros2_ws/install/px4_msgs' for CMake config files
[2.997s] Level 1:colcon.colcon_core.shell:create_environment_hook('px4_msgs', 'cmake_prefix_path')
[2.997s] INFO:colcon.colcon_core.shell:Creating environment hook '/home/nardaiv/px4ros2_ws/install/px4_msgs/share/px4_msgs/hook/cmake_prefix_path.ps1'
[2.998s] INFO:colcon.colcon_core.shell:Creating environment descriptor '/home/nardaiv/px4ros2_ws/install/px4_msgs/share/px4_msgs/hook/cmake_prefix_path.dsv'
[2.998s] INFO:colcon.colcon_core.shell:Creating environment hook '/home/nardaiv/px4ros2_ws/install/px4_msgs/share/px4_msgs/hook/cmake_prefix_path.sh'
[2.999s] Level 1:colcon.colcon_core.environment:checking '/home/nardaiv/px4ros2_ws/install/px4_msgs/lib'
[3.000s] Level 1:colcon.colcon_core.shell:create_environment_hook('px4_msgs', 'ld_library_path_lib')
[3.000s] INFO:colcon.colcon_core.shell:Creating environment hook '/home/nardaiv/px4ros2_ws/install/px4_msgs/share/px4_msgs/hook/ld_library_path_lib.ps1'
[3.001s] INFO:colcon.colcon_core.shell:Creating environment descriptor '/home/nardaiv/px4ros2_ws/install/px4_msgs/share/px4_msgs/hook/ld_library_path_lib.dsv'
[3.001s] INFO:colcon.colcon_core.shell:Creating environment hook '/home/nardaiv/px4ros2_ws/install/px4_msgs/share/px4_msgs/hook/ld_library_path_lib.sh'
[3.001s] Level 1:colcon.colcon_core.environment:checking '/home/nardaiv/px4ros2_ws/install/px4_msgs/bin'
[3.001s] Level 1:colcon.colcon_core.environment:checking '/home/nardaiv/px4ros2_ws/install/px4_msgs/lib/pkgconfig/px4_msgs.pc'
[3.002s] Level 1:colcon.colcon_core.environment:checking '/home/nardaiv/px4ros2_ws/install/px4_msgs/lib/python3.10/site-packages'
[3.002s] Level 1:colcon.colcon_core.environment:checking '/home/nardaiv/px4ros2_ws/install/px4_msgs/bin'
[3.002s] INFO:colcon.colcon_core.shell:Creating package script '/home/nardaiv/px4ros2_ws/install/px4_msgs/share/px4_msgs/package.ps1'
[3.003s] INFO:colcon.colcon_core.shell:Creating package descriptor '/home/nardaiv/px4ros2_ws/install/px4_msgs/share/px4_msgs/package.dsv'
[3.004s] INFO:colcon.colcon_core.shell:Creating package script '/home/nardaiv/px4ros2_ws/install/px4_msgs/share/px4_msgs/package.sh'
[3.006s] INFO:colcon.colcon_core.shell:Creating package script '/home/nardaiv/px4ros2_ws/install/px4_msgs/share/px4_msgs/package.bash'
[3.007s] INFO:colcon.colcon_core.shell:Creating package script '/home/nardaiv/px4ros2_ws/install/px4_msgs/share/px4_msgs/package.zsh'
[3.007s] Level 1:colcon.colcon_core.environment:create_file_with_runtime_dependencies(/home/nardaiv/px4ros2_ws/install/px4_msgs/share/colcon-core/packages/px4_msgs)
[3.008s] Level 1:colcon.colcon_core.environment:create_environment_scripts_only(px4_msgs)
[3.008s] Level 1:colcon.colcon_core.environment:checking '/home/nardaiv/px4ros2_ws/install/px4_msgs' for CMake module files
[3.009s] Level 1:colcon.colcon_core.environment:checking '/home/nardaiv/px4ros2_ws/install/px4_msgs' for CMake config files
[3.009s] Level 1:colcon.colcon_core.shell:create_environment_hook('px4_msgs', 'cmake_prefix_path')
[3.010s] INFO:colcon.colcon_core.shell:Creating environment hook '/home/nardaiv/px4ros2_ws/install/px4_msgs/share/px4_msgs/hook/cmake_prefix_path.ps1'
[3.010s] INFO:colcon.colcon_core.shell:Creating environment descriptor '/home/nardaiv/px4ros2_ws/install/px4_msgs/share/px4_msgs/hook/cmake_prefix_path.dsv'
[3.010s] INFO:colcon.colcon_core.shell:Creating environment hook '/home/nardaiv/px4ros2_ws/install/px4_msgs/share/px4_msgs/hook/cmake_prefix_path.sh'
[3.011s] Level 1:colcon.colcon_core.environment:checking '/home/nardaiv/px4ros2_ws/install/px4_msgs/lib'
[3.011s] Level 1:colcon.colcon_core.shell:create_environment_hook('px4_msgs', 'ld_library_path_lib')
[3.011s] INFO:colcon.colcon_core.shell:Creating environment hook '/home/nardaiv/px4ros2_ws/install/px4_msgs/share/px4_msgs/hook/ld_library_path_lib.ps1'
[3.012s] INFO:colcon.colcon_core.shell:Creating environment descriptor '/home/nardaiv/px4ros2_ws/install/px4_msgs/share/px4_msgs/hook/ld_library_path_lib.dsv'
[3.012s] INFO:colcon.colcon_core.shell:Creating environment hook '/home/nardaiv/px4ros2_ws/install/px4_msgs/share/px4_msgs/hook/ld_library_path_lib.sh'
[3.013s] Level 1:colcon.colcon_core.environment:checking '/home/nardaiv/px4ros2_ws/install/px4_msgs/bin'
[3.013s] Level 1:colcon.colcon_core.environment:checking '/home/nardaiv/px4ros2_ws/install/px4_msgs/lib/pkgconfig/px4_msgs.pc'
[3.013s] Level 1:colcon.colcon_core.environment:checking '/home/nardaiv/px4ros2_ws/install/px4_msgs/lib/python3.10/site-packages'
[3.014s] Level 1:colcon.colcon_core.environment:checking '/home/nardaiv/px4ros2_ws/install/px4_msgs/bin'
[3.014s] INFO:colcon.colcon_core.shell:Creating package script '/home/nardaiv/px4ros2_ws/install/px4_msgs/share/px4_msgs/package.ps1'
[3.015s] INFO:colcon.colcon_core.shell:Creating package descriptor '/home/nardaiv/px4ros2_ws/install/px4_msgs/share/px4_msgs/package.dsv'
[3.015s] INFO:colcon.colcon_core.shell:Creating package script '/home/nardaiv/px4ros2_ws/install/px4_msgs/share/px4_msgs/package.sh'
[3.016s] INFO:colcon.colcon_core.shell:Creating package script '/home/nardaiv/px4ros2_ws/install/px4_msgs/share/px4_msgs/package.bash'
[3.016s] INFO:colcon.colcon_core.shell:Creating package script '/home/nardaiv/px4ros2_ws/install/px4_msgs/share/px4_msgs/package.zsh'
[3.017s] Level 1:colcon.colcon_core.environment:create_file_with_runtime_dependencies(/home/nardaiv/px4ros2_ws/install/px4_msgs/share/colcon-core/packages/px4_msgs)
[3.018s] INFO:colcon.colcon_ros.task.ament_cmake.build:Building ROS package in '/home/nardaiv/px4ros2_ws/src/px4_ros_com' with build type 'ament_cmake'
[3.018s] INFO:colcon.colcon_cmake.task.cmake.build:Building CMake package in '/home/nardaiv/px4ros2_ws/src/px4_ros_com'
[3.018s] INFO:colcon.colcon_core.shell:Skip shell extension 'powershell' for command environment: Not usable outside of PowerShell
[3.019s] DEBUG:colcon.colcon_core.shell:Skip shell extension 'dsv' for command environment
[3.109s] DEBUG:colcon.colcon_core.event_handler.log_command:Invoking command in '/home/nardaiv/px4ros2_ws/build/px4_ros_com': AMENT_PREFIX_PATH=/home/nardaiv/px4ros2_ws/install/px4_msgs:${AMENT_PREFIX_PATH} CMAKE_PREFIX_PATH=/home/nardaiv/px4ros2_ws/install/px4_msgs:/opt/ros/humble LD_LIBRARY_PATH=/home/nardaiv/px4ros2_ws/install/px4_msgs/lib:${LD_LIBRARY_PATH} PYTHONPATH=/home/nardaiv/px4ros2_ws/install/px4_msgs/local/lib/python3.10/dist-packages:${PYTHONPATH} /usr/bin/cmake --build /home/nardaiv/px4ros2_ws/build/px4_ros_com -- -j12 -l12
[23.778s] DEBUG:colcon.colcon_core.event_handler.log_command:Invoked command in '/home/nardaiv/px4ros2_ws/build/px4_ros_com' returned '0': AMENT_PREFIX_PATH=/home/nardaiv/px4ros2_ws/install/px4_msgs:${AMENT_PREFIX_PATH} CMAKE_PREFIX_PATH=/home/nardaiv/px4ros2_ws/install/px4_msgs:/opt/ros/humble LD_LIBRARY_PATH=/home/nardaiv/px4ros2_ws/install/px4_msgs/lib:${LD_LIBRARY_PATH} PYTHONPATH=/home/nardaiv/px4ros2_ws/install/px4_msgs/local/lib/python3.10/dist-packages:${PYTHONPATH} /usr/bin/cmake --build /home/nardaiv/px4ros2_ws/build/px4_ros_com -- -j12 -l12
[23.781s] DEBUG:colcon.colcon_core.event_handler.log_command:Invoking command in '/home/nardaiv/px4ros2_ws/build/px4_ros_com': AMENT_PREFIX_PATH=/home/nardaiv/px4ros2_ws/install/px4_msgs:${AMENT_PREFIX_PATH} CMAKE_PREFIX_PATH=/home/nardaiv/px4ros2_ws/install/px4_msgs:/opt/ros/humble LD_LIBRARY_PATH=/home/nardaiv/px4ros2_ws/install/px4_msgs/lib:${LD_LIBRARY_PATH} PYTHONPATH=/home/nardaiv/px4ros2_ws/install/px4_msgs/local/lib/python3.10/dist-packages:${PYTHONPATH} /usr/bin/cmake --install /home/nardaiv/px4ros2_ws/build/px4_ros_com
[23.833s] Level 1:colcon.colcon_core.environment:create_environment_scripts_only(px4_ros_com)
[23.833s] Level 1:colcon.colcon_core.environment:checking '/home/nardaiv/px4ros2_ws/install/px4_ros_com' for CMake module files
[23.834s] DEBUG:colcon.colcon_core.event_handler.log_command:Invoked command in '/home/nardaiv/px4ros2_ws/build/px4_ros_com' returned '0': AMENT_PREFIX_PATH=/home/nardaiv/px4ros2_ws/install/px4_msgs:${AMENT_PREFIX_PATH} CMAKE_PREFIX_PATH=/home/nardaiv/px4ros2_ws/install/px4_msgs:/opt/ros/humble LD_LIBRARY_PATH=/home/nardaiv/px4ros2_ws/install/px4_msgs/lib:${LD_LIBRARY_PATH} PYTHONPATH=/home/nardaiv/px4ros2_ws/install/px4_msgs/local/lib/python3.10/dist-packages:${PYTHONPATH} /usr/bin/cmake --install /home/nardaiv/px4ros2_ws/build/px4_ros_com
[23.835s] Level 1:colcon.colcon_core.environment:checking '/home/nardaiv/px4ros2_ws/install/px4_ros_com' for CMake config files
[23.835s] Level 1:colcon.colcon_core.shell:create_environment_hook('px4_ros_com', 'cmake_prefix_path')
[23.835s] INFO:colcon.colcon_core.shell:Creating environment hook '/home/nardaiv/px4ros2_ws/install/px4_ros_com/share/px4_ros_com/hook/cmake_prefix_path.ps1'
[23.836s] INFO:colcon.colcon_core.shell:Creating environment descriptor '/home/nardaiv/px4ros2_ws/install/px4_ros_com/share/px4_ros_com/hook/cmake_prefix_path.dsv'
[23.836s] INFO:colcon.colcon_core.shell:Creating environment hook '/home/nardaiv/px4ros2_ws/install/px4_ros_com/share/px4_ros_com/hook/cmake_prefix_path.sh'
[23.837s] Level 1:colcon.colcon_core.environment:checking '/home/nardaiv/px4ros2_ws/install/px4_ros_com/lib'
[23.837s] Level 1:colcon.colcon_core.shell:create_environment_hook('px4_ros_com', 'ld_library_path_lib')
[23.837s] INFO:colcon.colcon_core.shell:Creating environment hook '/home/nardaiv/px4ros2_ws/install/px4_ros_com/share/px4_ros_com/hook/ld_library_path_lib.ps1'
[23.837s] INFO:colcon.colcon_core.shell:Creating environment descriptor '/home/nardaiv/px4ros2_ws/install/px4_ros_com/share/px4_ros_com/hook/ld_library_path_lib.dsv'
[23.838s] INFO:colcon.colcon_core.shell:Creating environment hook '/home/nardaiv/px4ros2_ws/install/px4_ros_com/share/px4_ros_com/hook/ld_library_path_lib.sh'
[23.838s] Level 1:colcon.colcon_core.environment:checking '/home/nardaiv/px4ros2_ws/install/px4_ros_com/bin'
[23.838s] Level 1:colcon.colcon_core.environment:checking '/home/nardaiv/px4ros2_ws/install/px4_ros_com/lib/pkgconfig/px4_ros_com.pc'
[23.838s] Level 1:colcon.colcon_core.environment:checking '/home/nardaiv/px4ros2_ws/install/px4_ros_com/lib/python3.10/site-packages'
[23.839s] Level 1:colcon.colcon_core.environment:checking '/home/nardaiv/px4ros2_ws/install/px4_ros_com/bin'
[23.839s] INFO:colcon.colcon_core.shell:Creating package script '/home/nardaiv/px4ros2_ws/install/px4_ros_com/share/px4_ros_com/package.ps1'
[23.839s] INFO:colcon.colcon_core.shell:Creating package descriptor '/home/nardaiv/px4ros2_ws/install/px4_ros_com/share/px4_ros_com/package.dsv'
[23.840s] INFO:colcon.colcon_core.shell:Creating package script '/home/nardaiv/px4ros2_ws/install/px4_ros_com/share/px4_ros_com/package.sh'
[23.840s] INFO:colcon.colcon_core.shell:Creating package script '/home/nardaiv/px4ros2_ws/install/px4_ros_com/share/px4_ros_com/package.bash'
[23.841s] INFO:colcon.colcon_core.shell:Creating package script '/home/nardaiv/px4ros2_ws/install/px4_ros_com/share/px4_ros_com/package.zsh'
[23.841s] Level 1:colcon.colcon_core.environment:create_file_with_runtime_dependencies(/home/nardaiv/px4ros2_ws/install/px4_ros_com/share/colcon-core/packages/px4_ros_com)
[23.842s] Level 1:colcon.colcon_core.environment:create_environment_scripts_only(px4_ros_com)
[23.842s] Level 1:colcon.colcon_core.environment:checking '/home/nardaiv/px4ros2_ws/install/px4_ros_com' for CMake module files
[23.842s] Level 1:colcon.colcon_core.environment:checking '/home/nardaiv/px4ros2_ws/install/px4_ros_com' for CMake config files
[23.842s] Level 1:colcon.colcon_core.shell:create_environment_hook('px4_ros_com', 'cmake_prefix_path')
[23.843s] INFO:colcon.colcon_core.shell:Creating environment hook '/home/nardaiv/px4ros2_ws/install/px4_ros_com/share/px4_ros_com/hook/cmake_prefix_path.ps1'
[23.843s] INFO:colcon.colcon_core.shell:Creating environment descriptor '/home/nardaiv/px4ros2_ws/install/px4_ros_com/share/px4_ros_com/hook/cmake_prefix_path.dsv'
[23.843s] INFO:colcon.colcon_core.shell:Creating environment hook '/home/nardaiv/px4ros2_ws/install/px4_ros_com/share/px4_ros_com/hook/cmake_prefix_path.sh'
[23.844s] Level 1:colcon.colcon_core.environment:checking '/home/nardaiv/px4ros2_ws/install/px4_ros_com/lib'
[23.844s] Level 1:colcon.colcon_core.shell:create_environment_hook('px4_ros_com', 'ld_library_path_lib')
[23.844s] INFO:colcon.colcon_core.shell:Creating environment hook '/home/nardaiv/px4ros2_ws/install/px4_ros_com/share/px4_ros_com/hook/ld_library_path_lib.ps1'
[23.844s] INFO:colcon.colcon_core.shell:Creating environment descriptor '/home/nardaiv/px4ros2_ws/install/px4_ros_com/share/px4_ros_com/hook/ld_library_path_lib.dsv'
[23.845s] INFO:colcon.colcon_core.shell:Creating environment hook '/home/nardaiv/px4ros2_ws/install/px4_ros_com/share/px4_ros_com/hook/ld_library_path_lib.sh'
[23.845s] Level 1:colcon.colcon_core.environment:checking '/home/nardaiv/px4ros2_ws/install/px4_ros_com/bin'
[23.845s] Level 1:colcon.colcon_core.environment:checking '/home/nardaiv/px4ros2_ws/install/px4_ros_com/lib/pkgconfig/px4_ros_com.pc'
[23.846s] Level 1:colcon.colcon_core.environment:checking '/home/nardaiv/px4ros2_ws/install/px4_ros_com/lib/python3.10/site-packages'
[23.846s] Level 1:colcon.colcon_core.environment:checking '/home/nardaiv/px4ros2_ws/install/px4_ros_com/bin'
[23.846s] INFO:colcon.colcon_core.shell:Creating package script '/home/nardaiv/px4ros2_ws/install/px4_ros_com/share/px4_ros_com/package.ps1'
[23.846s] INFO:colcon.colcon_core.shell:Creating package descriptor '/home/nardaiv/px4ros2_ws/install/px4_ros_com/share/px4_ros_com/package.dsv'
[23.847s] INFO:colcon.colcon_core.shell:Creating package script '/home/nardaiv/px4ros2_ws/install/px4_ros_com/share/px4_ros_com/package.sh'
[23.847s] INFO:colcon.colcon_core.shell:Creating package script '/home/nardaiv/px4ros2_ws/install/px4_ros_com/share/px4_ros_com/package.bash'
[23.848s] INFO:colcon.colcon_core.shell:Creating package script '/home/nardaiv/px4ros2_ws/install/px4_ros_com/share/px4_ros_com/package.zsh'
[23.848s] Level 1:colcon.colcon_core.environment:create_file_with_runtime_dependencies(/home/nardaiv/px4ros2_ws/install/px4_ros_com/share/colcon-core/packages/px4_ros_com)
[23.849s] DEBUG:colcon.colcon_parallel_executor.executor.parallel:closing loop
[23.849s] DEBUG:colcon.colcon_parallel_executor.executor.parallel:loop closed
[23.849s] DEBUG:colcon.colcon_parallel_executor.executor.parallel:run_until_complete finished with '0'
[23.849s] DEBUG:colcon.colcon_core.event_reactor:joining thread
[23.877s] INFO:colcon.colcon_core.plugin_system:Skipping extension 'colcon_notification.desktop_notification.notify_send': Could not find 'notify-send'
[23.877s] INFO:colcon.colcon_core.plugin_system:Skipping extension 'colcon_notification.desktop_notification.terminal_notifier': Not used on non-Darwin systems
[23.877s] INFO:colcon.colcon_core.plugin_system:Skipping extension 'colcon_notification.desktop_notification.win32': Not used on non-Windows systems
[23.877s] INFO:colcon.colcon_notification.desktop_notification:Sending desktop notification using 'notify2'
[23.877s] DEBUG:colcon.colcon_notification.desktop_notification.notify2:Failed to initialize notify2: org.freedesktop.DBus.Error.FileNotFound: Failed to connect to socket /run/user/1000/bus: No such file or directory
[23.877s] DEBUG:colcon.colcon_core.event_reactor:joined thread
[23.878s] INFO:colcon.colcon_core.shell:Creating prefix script '/home/nardaiv/px4ros2_ws/install/local_setup.ps1'
[23.879s] INFO:colcon.colcon_core.shell:Creating prefix util module '/home/nardaiv/px4ros2_ws/install/_local_setup_util_ps1.py'
[23.880s] INFO:colcon.colcon_core.shell:Creating prefix chain script '/home/nardaiv/px4ros2_ws/install/setup.ps1'
[23.881s] INFO:colcon.colcon_core.shell:Creating prefix script '/home/nardaiv/px4ros2_ws/install/local_setup.sh'
[23.881s] INFO:colcon.colcon_core.shell:Creating prefix util module '/home/nardaiv/px4ros2_ws/install/_local_setup_util_sh.py'
[23.882s] INFO:colcon.colcon_core.shell:Creating prefix chain script '/home/nardaiv/px4ros2_ws/install/setup.sh'
[23.883s] INFO:colcon.colcon_core.shell:Creating prefix script '/home/nardaiv/px4ros2_ws/install/local_setup.bash'
[23.883s] INFO:colcon.colcon_core.shell:Creating prefix chain script '/home/nardaiv/px4ros2_ws/install/setup.bash'
[23.884s] INFO:colcon.colcon_core.shell:Creating prefix script '/home/nardaiv/px4ros2_ws/install/local_setup.zsh'
[23.885s] INFO:colcon.colcon_core.shell:Creating prefix chain script '/home/nardaiv/px4ros2_ws/install/setup.zsh'
