[0.057s] Invoking command in '/home/nardaiv/px4ros2_ws/build/px4_ros_com': CMAKE_PREFIX_PATH=/home/nardaiv/px4ros2_ws/install/px4_msgs:/home/nardaiv/px4ros2_ws/install/px4_ros_com:/opt/ros/humble LD_LIBRARY_PATH=/home/nardaiv/px4ros2_ws/install/px4_msgs/lib:/home/nardaiv/px4ros2_ws/install/px4_ros_com/lib:/opt/ros/humble/opt/rviz_ogre_vendor/lib:/opt/ros/humble/lib/x86_64-linux-gnu:/opt/ros/humble/lib /usr/bin/cmake --build /home/nardaiv/px4ros2_ws/build/px4_ros_com -- -j12 -l12
[0.109s] [ 16%] Built target frame_transforms
[0.110s] [ 50%] Built target debug_vect_advertiser
[0.110s] [ 50%] Built target vehicle_gps_position_listener
[0.110s] [ 66%] Built target sensor_combined_listener
[0.111s] [ 83%] Built target offboard_control_srv
[0.117s] [ 83%] Built target ament_cmake_python_copy_px4_ros_com
[0.123s] [35m[1mConsolidate compiler generated dependencies of target offboard_control[0m
[0.147s] [ 91%] [32mBuilding CXX object CMakeFiles/offboard_control.dir/src/examples/offboard/offboard_control.cpp.o[0m
[0.352s] running egg_info
[0.353s] writing px4_ros_com.egg-info/PKG-INFO
[0.353s] writing dependency_links to px4_ros_com.egg-info/dependency_links.txt
[0.354s] writing top-level names to px4_ros_com.egg-info/top_level.txt
[0.356s] reading manifest file 'px4_ros_com.egg-info/SOURCES.txt'
[0.357s] writing manifest file 'px4_ros_com.egg-info/SOURCES.txt'
[0.404s] [ 91%] Built target ament_cmake_python_build_px4_ros_com_egg
[13.342s] [100%] [32m[1mLinking CXX executable offboard_control[0m
[14.081s] [100%] Built target offboard_control
[14.093s] Invoked command in '/home/nardaiv/px4ros2_ws/build/px4_ros_com' returned '0': CMAKE_PREFIX_PATH=/home/nardaiv/px4ros2_ws/install/px4_msgs:/home/nardaiv/px4ros2_ws/install/px4_ros_com:/opt/ros/humble LD_LIBRARY_PATH=/home/nardaiv/px4ros2_ws/install/px4_msgs/lib:/home/nardaiv/px4ros2_ws/install/px4_ros_com/lib:/opt/ros/humble/opt/rviz_ogre_vendor/lib:/opt/ros/humble/lib/x86_64-linux-gnu:/opt/ros/humble/lib /usr/bin/cmake --build /home/nardaiv/px4ros2_ws/build/px4_ros_com -- -j12 -l12
[14.095s] Invoking command in '/home/nardaiv/px4ros2_ws/build/px4_ros_com': CMAKE_PREFIX_PATH=/home/nardaiv/px4ros2_ws/install/px4_msgs:/home/nardaiv/px4ros2_ws/install/px4_ros_com:/opt/ros/humble LD_LIBRARY_PATH=/home/nardaiv/px4ros2_ws/install/px4_msgs/lib:/home/nardaiv/px4ros2_ws/install/px4_ros_com/lib:/opt/ros/humble/opt/rviz_ogre_vendor/lib:/opt/ros/humble/lib/x86_64-linux-gnu:/opt/ros/humble/lib /usr/bin/cmake --install /home/nardaiv/px4ros2_ws/build/px4_ros_com
[14.104s] -- Install configuration: ""
[14.104s] -- Up-to-date: /home/nardaiv/px4ros2_ws/install/px4_ros_com/lib/px4_ros_com/sensor_combined_listener
[14.104s] -- Up-to-date: /home/nardaiv/px4ros2_ws/install/px4_ros_com/lib/px4_ros_com/vehicle_gps_position_listener
[14.104s] -- Up-to-date: /home/nardaiv/px4ros2_ws/install/px4_ros_com/lib/px4_ros_com/debug_vect_advertiser
[14.104s] -- Installing: /home/nardaiv/px4ros2_ws/install/px4_ros_com/lib/px4_ros_com/offboard_control
[14.111s] -- Set runtime path of "/home/nardaiv/px4ros2_ws/install/px4_ros_com/lib/px4_ros_com/offboard_control" to ""
[14.111s] -- Up-to-date: /home/nardaiv/px4ros2_ws/install/px4_ros_com/lib/px4_ros_com/offboard_control_srv
[14.111s] -- Up-to-date: /home/nardaiv/px4ros2_ws/install/px4_ros_com/share/px4_ros_com/environment/library_path.sh
[14.111s] -- Up-to-date: /home/nardaiv/px4ros2_ws/install/px4_ros_com/share/px4_ros_com/environment/library_path.dsv
[14.112s] -- Up-to-date: /home/nardaiv/px4ros2_ws/install/px4_ros_com/include/px4_ros_com
[14.112s] -- Up-to-date: /home/nardaiv/px4ros2_ws/install/px4_ros_com/include/px4_ros_com/frame_transforms.h
[14.112s] -- Up-to-date: /home/nardaiv/px4ros2_ws/install/px4_ros_com/lib/libframe_transforms.so
[14.112s] -- Up-to-date: /home/nardaiv/px4ros2_ws/install/px4_ros_com/share/px4_ros_com//launch
[14.112s] -- Up-to-date: /home/nardaiv/px4ros2_ws/install/px4_ros_com/share/px4_ros_com//launch/sensor_combined_listener.launch.py
[14.112s] -- Up-to-date: /home/nardaiv/px4ros2_ws/install/px4_ros_com/share/px4_ros_com//launch/offboard_control_launch.yaml
[14.112s] -- Up-to-date: /home/nardaiv/px4ros2_ws/install/px4_ros_com/share/px4_ros_com//test
[14.112s] -- Up-to-date: /home/nardaiv/px4ros2_ws/install/px4_ros_com/share/px4_ros_com//test/test_output.py
[14.113s] -- Up-to-date: /home/nardaiv/px4ros2_ws/install/px4_ros_com/share/px4_ros_com//test/test_input.py
[14.113s] -- Up-to-date: /home/nardaiv/px4ros2_ws/install/px4_ros_com/share/px4_ros_com//test/pipeline_io_test.py
[14.113s] -- Up-to-date: /home/nardaiv/px4ros2_ws/install/px4_ros_com/share/px4_ros_com//test/__init__.py
[14.113s] -- Up-to-date: /home/nardaiv/px4ros2_ws/install/px4_ros_com/share/px4_ros_com/environment/pythonpath.sh
[14.113s] -- Up-to-date: /home/nardaiv/px4ros2_ws/install/px4_ros_com/share/px4_ros_com/environment/pythonpath.dsv
[14.113s] -- Up-to-date: /home/nardaiv/px4ros2_ws/install/px4_ros_com/local/lib/python3.10/dist-packages/px4_ros_com-0.1.0-py3.10.egg-info
[14.113s] -- Installing: /home/nardaiv/px4ros2_ws/install/px4_ros_com/local/lib/python3.10/dist-packages/px4_ros_com-0.1.0-py3.10.egg-info/top_level.txt
[14.113s] -- Installing: /home/nardaiv/px4ros2_ws/install/px4_ros_com/local/lib/python3.10/dist-packages/px4_ros_com-0.1.0-py3.10.egg-info/SOURCES.txt
[14.113s] -- Installing: /home/nardaiv/px4ros2_ws/install/px4_ros_com/local/lib/python3.10/dist-packages/px4_ros_com-0.1.0-py3.10.egg-info/dependency_links.txt
[14.113s] -- Installing: /home/nardaiv/px4ros2_ws/install/px4_ros_com/local/lib/python3.10/dist-packages/px4_ros_com-0.1.0-py3.10.egg-info/PKG-INFO
[14.113s] -- Up-to-date: /home/nardaiv/px4ros2_ws/install/px4_ros_com/local/lib/python3.10/dist-packages/px4_ros_com
[14.113s] -- Up-to-date: /home/nardaiv/px4ros2_ws/install/px4_ros_com/local/lib/python3.10/dist-packages/px4_ros_com/module_to_import.py
[14.113s] -- Up-to-date: /home/nardaiv/px4ros2_ws/install/px4_ros_com/local/lib/python3.10/dist-packages/px4_ros_com/__init__.py
[14.139s] Listing '/home/nardaiv/px4ros2_ws/install/px4_ros_com/local/lib/python3.10/dist-packages/px4_ros_com'...
[14.145s] -- Up-to-date: /home/nardaiv/px4ros2_ws/install/px4_ros_com/lib/px4_ros_com/offboard_control.py
[14.145s] -- Up-to-date: /home/nardaiv/px4ros2_ws/install/px4_ros_com/share/ament_index/resource_index/package_run_dependencies/px4_ros_com
[14.146s] -- Up-to-date: /home/nardaiv/px4ros2_ws/install/px4_ros_com/share/ament_index/resource_index/parent_prefix_path/px4_ros_com
[14.146s] -- Up-to-date: /home/nardaiv/px4ros2_ws/install/px4_ros_com/share/px4_ros_com/environment/ament_prefix_path.sh
[14.146s] -- Up-to-date: /home/nardaiv/px4ros2_ws/install/px4_ros_com/share/px4_ros_com/environment/ament_prefix_path.dsv
[14.146s] -- Up-to-date: /home/nardaiv/px4ros2_ws/install/px4_ros_com/share/px4_ros_com/environment/path.sh
[14.146s] -- Up-to-date: /home/nardaiv/px4ros2_ws/install/px4_ros_com/share/px4_ros_com/environment/path.dsv
[14.146s] -- Up-to-date: /home/nardaiv/px4ros2_ws/install/px4_ros_com/share/px4_ros_com/local_setup.bash
[14.146s] -- Up-to-date: /home/nardaiv/px4ros2_ws/install/px4_ros_com/share/px4_ros_com/local_setup.sh
[14.146s] -- Up-to-date: /home/nardaiv/px4ros2_ws/install/px4_ros_com/share/px4_ros_com/local_setup.zsh
[14.146s] -- Up-to-date: /home/nardaiv/px4ros2_ws/install/px4_ros_com/share/px4_ros_com/local_setup.dsv
[14.146s] -- Installing: /home/nardaiv/px4ros2_ws/install/px4_ros_com/share/px4_ros_com/package.dsv
[14.146s] -- Up-to-date: /home/nardaiv/px4ros2_ws/install/px4_ros_com/share/ament_index/resource_index/packages/px4_ros_com
[14.146s] -- Up-to-date: /home/nardaiv/px4ros2_ws/install/px4_ros_com/share/px4_ros_com/cmake/export_frame_transformsExport.cmake
[14.146s] -- Up-to-date: /home/nardaiv/px4ros2_ws/install/px4_ros_com/share/px4_ros_com/cmake/export_frame_transformsExport-noconfig.cmake
[14.146s] -- Up-to-date: /home/nardaiv/px4ros2_ws/install/px4_ros_com/share/px4_ros_com/cmake/ament_cmake_export_dependencies-extras.cmake
[14.146s] -- Up-to-date: /home/nardaiv/px4ros2_ws/install/px4_ros_com/share/px4_ros_com/cmake/ament_cmake_export_targets-extras.cmake
[14.146s] -- Up-to-date: /home/nardaiv/px4ros2_ws/install/px4_ros_com/share/px4_ros_com/cmake/ament_cmake_export_include_directories-extras.cmake
[14.146s] -- Up-to-date: /home/nardaiv/px4ros2_ws/install/px4_ros_com/share/px4_ros_com/cmake/ament_cmake_export_libraries-extras.cmake
[14.146s] -- Up-to-date: /home/nardaiv/px4ros2_ws/install/px4_ros_com/share/px4_ros_com/cmake/px4_ros_comConfig.cmake
[14.146s] -- Up-to-date: /home/nardaiv/px4ros2_ws/install/px4_ros_com/share/px4_ros_com/cmake/px4_ros_comConfig-version.cmake
[14.146s] -- Up-to-date: /home/nardaiv/px4ros2_ws/install/px4_ros_com/share/px4_ros_com/package.xml
[14.149s] Invoked command in '/home/nardaiv/px4ros2_ws/build/px4_ros_com' returned '0': CMAKE_PREFIX_PATH=/home/nardaiv/px4ros2_ws/install/px4_msgs:/home/nardaiv/px4ros2_ws/install/px4_ros_com:/opt/ros/humble LD_LIBRARY_PATH=/home/nardaiv/px4ros2_ws/install/px4_msgs/lib:/home/nardaiv/px4ros2_ws/install/px4_ros_com/lib:/opt/ros/humble/opt/rviz_ogre_vendor/lib:/opt/ros/humble/lib/x86_64-linux-gnu:/opt/ros/humble/lib /usr/bin/cmake --install /home/nardaiv/px4ros2_ws/build/px4_ros_com
