[0.187s] DEBUG:colcon:Command line arguments: ['/usr/bin/colcon', 'build']
[0.188s] DEBUG:colcon:Parsed command line arguments: Namespace(log_base=None, log_level=None, verb_name='build', build_base='build', install_base='install', merge_install=False, symlink_install=False, test_result_base=None, continue_on_error=False, executor='parallel', parallel_workers=12, event_handlers=None, ignore_user_meta=False, metas=['./colcon.meta'], base_paths=['.'], packages_ignore=None, packages_ignore_regex=None, paths=None, packages_up_to=None, packages_up_to_regex=None, packages_above=None, packages_above_and_dependencies=None, packages_above_depth=None, packages_select_by_dep=None, packages_skip_by_dep=None, packages_skip_up_to=None, packages_select_build_failed=False, packages_skip_build_finished=False, packages_select_test_failures=False, packages_skip_test_passed=False, packages_select=None, packages_skip=None, packages_select_regex=None, packages_skip_regex=None, packages_start=None, packages_end=None, allow_overriding=[], cmake_args=None, cmake_target=None, cmake_target_skip_unavailable=False, cmake_clean_cache=False, cmake_clean_first=False, cmake_force_configure=False, ament_cmake_args=None, catkin_cmake_args=None, catkin_skip_building_tests=False, mixin_files=None, mixin=None, verb_parser=<colcon_mixin.mixin.mixin_argument.MixinArgumentDecorator object at 0x7f2382b9a380>, verb_extension=<colcon_core.verb.build.BuildVerb object at 0x7f2382b99db0>, main=<bound method BuildVerb.main of <colcon_core.verb.build.BuildVerb object at 0x7f2382b99db0>>, mixin_verb=('build',))
[0.420s] Level 1:colcon.colcon_core.package_discovery:discover_packages(colcon_meta) check parameters
[0.421s] Level 1:colcon.colcon_core.package_discovery:discover_packages(recursive) check parameters
[0.421s] Level 1:colcon.colcon_core.package_discovery:discover_packages(ignore) check parameters
[0.421s] Level 1:colcon.colcon_core.package_discovery:discover_packages(path) check parameters
[0.421s] Level 1:colcon.colcon_core.package_discovery:discover_packages(colcon_meta) discover
[0.421s] Level 1:colcon.colcon_core.package_discovery:discover_packages(recursive) discover
[0.421s] INFO:colcon.colcon_core.package_discovery:Crawling recursively for packages in '/home/nardaiv/px4ros2_ws'
[0.421s] Level 1:colcon.colcon_core.package_identification:_identify(.) by extensions ['ignore', 'ignore_ament_install']
[0.421s] Level 1:colcon.colcon_core.package_identification:_identify(.) by extension 'ignore'
[0.422s] Level 1:colcon.colcon_core.package_identification:_identify(.) by extension 'ignore_ament_install'
[0.422s] Level 1:colcon.colcon_core.package_identification:_identify(.) by extensions ['colcon_pkg']
[0.422s] Level 1:colcon.colcon_core.package_identification:_identify(.) by extension 'colcon_pkg'
[0.422s] Level 1:colcon.colcon_core.package_identification:_identify(.) by extensions ['colcon_meta']
[0.422s] Level 1:colcon.colcon_core.package_identification:_identify(.) by extension 'colcon_meta'
[0.422s] Level 1:colcon.colcon_core.package_identification:_identify(.) by extensions ['ros']
[0.422s] Level 1:colcon.colcon_core.package_identification:_identify(.) by extension 'ros'
[0.438s] Level 1:colcon.colcon_core.package_identification:_identify(.) by extensions ['cmake', 'python']
[0.438s] Level 1:colcon.colcon_core.package_identification:_identify(.) by extension 'cmake'
[0.438s] Level 1:colcon.colcon_core.package_identification:_identify(.) by extension 'python'
[0.438s] Level 1:colcon.colcon_core.package_identification:_identify(.) by extensions ['python_setup_py']
[0.438s] Level 1:colcon.colcon_core.package_identification:_identify(.) by extension 'python_setup_py'
[0.438s] Level 1:colcon.colcon_core.package_identification:_identify(build) by extensions ['ignore', 'ignore_ament_install']
[0.438s] Level 1:colcon.colcon_core.package_identification:_identify(build) by extension 'ignore'
[0.439s] Level 1:colcon.colcon_core.package_identification:_identify(build) ignored
[0.439s] Level 1:colcon.colcon_core.package_identification:_identify(install) by extensions ['ignore', 'ignore_ament_install']
[0.439s] Level 1:colcon.colcon_core.package_identification:_identify(install) by extension 'ignore'
[0.439s] Level 1:colcon.colcon_core.package_identification:_identify(install) ignored
[0.439s] Level 1:colcon.colcon_core.package_identification:_identify(log) by extensions ['ignore', 'ignore_ament_install']
[0.440s] Level 1:colcon.colcon_core.package_identification:_identify(log) by extension 'ignore'
[0.440s] Level 1:colcon.colcon_core.package_identification:_identify(log) ignored
[0.440s] Level 1:colcon.colcon_core.package_identification:_identify(src) by extensions ['ignore', 'ignore_ament_install']
[0.440s] Level 1:colcon.colcon_core.package_identification:_identify(src) by extension 'ignore'
[0.440s] Level 1:colcon.colcon_core.package_identification:_identify(src) by extension 'ignore_ament_install'
[0.440s] Level 1:colcon.colcon_core.package_identification:_identify(src) by extensions ['colcon_pkg']
[0.440s] Level 1:colcon.colcon_core.package_identification:_identify(src) by extension 'colcon_pkg'
[0.440s] Level 1:colcon.colcon_core.package_identification:_identify(src) by extensions ['colcon_meta']
[0.440s] Level 1:colcon.colcon_core.package_identification:_identify(src) by extension 'colcon_meta'
[0.440s] Level 1:colcon.colcon_core.package_identification:_identify(src) by extensions ['ros']
[0.440s] Level 1:colcon.colcon_core.package_identification:_identify(src) by extension 'ros'
[0.441s] Level 1:colcon.colcon_core.package_identification:_identify(src) by extensions ['cmake', 'python']
[0.441s] Level 1:colcon.colcon_core.package_identification:_identify(src) by extension 'cmake'
[0.441s] Level 1:colcon.colcon_core.package_identification:_identify(src) by extension 'python'
[0.441s] Level 1:colcon.colcon_core.package_identification:_identify(src) by extensions ['python_setup_py']
[0.441s] Level 1:colcon.colcon_core.package_identification:_identify(src) by extension 'python_setup_py'
[0.441s] Level 1:colcon.colcon_core.package_identification:_identify(src/px4_msgs) by extensions ['ignore', 'ignore_ament_install']
[0.441s] Level 1:colcon.colcon_core.package_identification:_identify(src/px4_msgs) by extension 'ignore'
[0.441s] Level 1:colcon.colcon_core.package_identification:_identify(src/px4_msgs) by extension 'ignore_ament_install'
[0.441s] Level 1:colcon.colcon_core.package_identification:_identify(src/px4_msgs) by extensions ['colcon_pkg']
[0.442s] Level 1:colcon.colcon_core.package_identification:_identify(src/px4_msgs) by extension 'colcon_pkg'
[0.442s] Level 1:colcon.colcon_core.package_identification:_identify(src/px4_msgs) by extensions ['colcon_meta']
[0.442s] Level 1:colcon.colcon_core.package_identification:_identify(src/px4_msgs) by extension 'colcon_meta'
[0.442s] Level 1:colcon.colcon_core.package_identification:_identify(src/px4_msgs) by extensions ['ros']
[0.442s] Level 1:colcon.colcon_core.package_identification:_identify(src/px4_msgs) by extension 'ros'
[0.446s] DEBUG:colcon.colcon_core.package_identification:Package 'src/px4_msgs' with type 'ros.ament_cmake' and name 'px4_msgs'
[0.446s] Level 1:colcon.colcon_core.package_identification:_identify(src/px4_ros_com) by extensions ['ignore', 'ignore_ament_install']
[0.447s] Level 1:colcon.colcon_core.package_identification:_identify(src/px4_ros_com) by extension 'ignore'
[0.447s] Level 1:colcon.colcon_core.package_identification:_identify(src/px4_ros_com) by extension 'ignore_ament_install'
[0.447s] Level 1:colcon.colcon_core.package_identification:_identify(src/px4_ros_com) by extensions ['colcon_pkg']
[0.447s] Level 1:colcon.colcon_core.package_identification:_identify(src/px4_ros_com) by extension 'colcon_pkg'
[0.447s] Level 1:colcon.colcon_core.package_identification:_identify(src/px4_ros_com) by extensions ['colcon_meta']
[0.447s] Level 1:colcon.colcon_core.package_identification:_identify(src/px4_ros_com) by extension 'colcon_meta'
[0.447s] Level 1:colcon.colcon_core.package_identification:_identify(src/px4_ros_com) by extensions ['ros']
[0.448s] Level 1:colcon.colcon_core.package_identification:_identify(src/px4_ros_com) by extension 'ros'
[0.450s] DEBUG:colcon.colcon_core.package_identification:Package 'src/px4_ros_com' with type 'ros.ament_cmake' and name 'px4_ros_com'
[0.450s] Level 1:colcon.colcon_core.package_discovery:discover_packages(recursive) using defaults
[0.450s] Level 1:colcon.colcon_core.package_discovery:discover_packages(ignore) discover
[0.450s] Level 1:colcon.colcon_core.package_discovery:discover_packages(ignore) using defaults
[0.450s] Level 1:colcon.colcon_core.package_discovery:discover_packages(path) discover
[0.450s] Level 1:colcon.colcon_core.package_discovery:discover_packages(path) using defaults
[0.479s] Level 1:colcon.colcon_core.package_discovery:discover_packages(prefix_path) check parameters
[0.479s] Level 1:colcon.colcon_core.package_discovery:discover_packages(prefix_path) discover
[0.482s] DEBUG:colcon.colcon_installed_package_information.package_discovery:Found 270 installed packages in /opt/ros/humble
[0.499s] Level 1:colcon.colcon_core.package_discovery:discover_packages(prefix_path) using defaults
[0.543s] Level 5:colcon.colcon_core.verb:set package 'px4_msgs' build argument 'cmake_args' from command line to 'None'
[0.543s] Level 5:colcon.colcon_core.verb:set package 'px4_msgs' build argument 'cmake_target' from command line to 'None'
[0.543s] Level 5:colcon.colcon_core.verb:set package 'px4_msgs' build argument 'cmake_target_skip_unavailable' from command line to 'False'
[0.543s] Level 5:colcon.colcon_core.verb:set package 'px4_msgs' build argument 'cmake_clean_cache' from command line to 'False'
[0.543s] Level 5:colcon.colcon_core.verb:set package 'px4_msgs' build argument 'cmake_clean_first' from command line to 'False'
[0.543s] Level 5:colcon.colcon_core.verb:set package 'px4_msgs' build argument 'cmake_force_configure' from command line to 'False'
[0.543s] Level 5:colcon.colcon_core.verb:set package 'px4_msgs' build argument 'ament_cmake_args' from command line to 'None'
[0.543s] Level 5:colcon.colcon_core.verb:set package 'px4_msgs' build argument 'catkin_cmake_args' from command line to 'None'
[0.543s] Level 5:colcon.colcon_core.verb:set package 'px4_msgs' build argument 'catkin_skip_building_tests' from command line to 'False'
[0.543s] DEBUG:colcon.colcon_core.verb:Building package 'px4_msgs' with the following arguments: {'ament_cmake_args': None, 'build_base': '/home/nardaiv/px4ros2_ws/build/px4_msgs', 'catkin_cmake_args': None, 'catkin_skip_building_tests': False, 'cmake_args': None, 'cmake_clean_cache': False, 'cmake_clean_first': False, 'cmake_force_configure': False, 'cmake_target': None, 'cmake_target_skip_unavailable': False, 'install_base': '/home/nardaiv/px4ros2_ws/install/px4_msgs', 'merge_install': False, 'path': '/home/nardaiv/px4ros2_ws/src/px4_msgs', 'symlink_install': False, 'test_result_base': None}
[0.543s] Level 5:colcon.colcon_core.verb:set package 'px4_ros_com' build argument 'cmake_args' from command line to 'None'
[0.543s] Level 5:colcon.colcon_core.verb:set package 'px4_ros_com' build argument 'cmake_target' from command line to 'None'
[0.543s] Level 5:colcon.colcon_core.verb:set package 'px4_ros_com' build argument 'cmake_target_skip_unavailable' from command line to 'False'
[0.544s] Level 5:colcon.colcon_core.verb:set package 'px4_ros_com' build argument 'cmake_clean_cache' from command line to 'False'
[0.544s] Level 5:colcon.colcon_core.verb:set package 'px4_ros_com' build argument 'cmake_clean_first' from command line to 'False'
[0.544s] Level 5:colcon.colcon_core.verb:set package 'px4_ros_com' build argument 'cmake_force_configure' from command line to 'False'
[0.544s] Level 5:colcon.colcon_core.verb:set package 'px4_ros_com' build argument 'ament_cmake_args' from command line to 'None'
[0.544s] Level 5:colcon.colcon_core.verb:set package 'px4_ros_com' build argument 'catkin_cmake_args' from command line to 'None'
[0.544s] Level 5:colcon.colcon_core.verb:set package 'px4_ros_com' build argument 'catkin_skip_building_tests' from command line to 'False'
[0.544s] DEBUG:colcon.colcon_core.verb:Building package 'px4_ros_com' with the following arguments: {'ament_cmake_args': None, 'build_base': '/home/nardaiv/px4ros2_ws/build/px4_ros_com', 'catkin_cmake_args': None, 'catkin_skip_building_tests': False, 'cmake_args': None, 'cmake_clean_cache': False, 'cmake_clean_first': False, 'cmake_force_configure': False, 'cmake_target': None, 'cmake_target_skip_unavailable': False, 'install_base': '/home/nardaiv/px4ros2_ws/install/px4_ros_com', 'merge_install': False, 'path': '/home/nardaiv/px4ros2_ws/src/px4_ros_com', 'symlink_install': False, 'test_result_base': None}
[0.544s] INFO:colcon.colcon_core.executor:Executing jobs using 'parallel' executor
[0.545s] DEBUG:colcon.colcon_parallel_executor.executor.parallel:run_until_complete
[0.545s] INFO:colcon.colcon_ros.task.ament_cmake.build:Building ROS package in '/home/nardaiv/px4ros2_ws/src/px4_msgs' with build type 'ament_cmake'
[0.546s] INFO:colcon.colcon_cmake.task.cmake.build:Building CMake package in '/home/nardaiv/px4ros2_ws/src/px4_msgs'
[0.549s] INFO:colcon.colcon_core.plugin_system:Skipping extension 'colcon_core.shell.bat': Not used on non-Windows systems
[0.549s] INFO:colcon.colcon_core.shell:Skip shell extension 'powershell' for command environment: Not usable outside of PowerShell
[0.549s] DEBUG:colcon.colcon_core.shell:Skip shell extension 'dsv' for command environment
[0.562s] DEBUG:colcon.colcon_core.event_handler.log_command:Invoking command in '/home/nardaiv/px4ros2_ws/build/px4_msgs': CMAKE_PREFIX_PATH=/opt/ros/humble /usr/bin/cmake --build /home/nardaiv/px4ros2_ws/build/px4_msgs -- -j12 -l12
[2.011s] DEBUG:colcon.colcon_core.event_handler.log_command:Invoked command in '/home/nardaiv/px4ros2_ws/build/px4_msgs' returned '0': CMAKE_PREFIX_PATH=/opt/ros/humble /usr/bin/cmake --build /home/nardaiv/px4ros2_ws/build/px4_msgs -- -j12 -l12
[2.023s] DEBUG:colcon.colcon_core.event_handler.log_command:Invoking command in '/home/nardaiv/px4ros2_ws/build/px4_msgs': CMAKE_PREFIX_PATH=/opt/ros/humble /usr/bin/cmake --install /home/nardaiv/px4ros2_ws/build/px4_msgs
[2.787s] Level 1:colcon.colcon_core.environment:create_environment_scripts_only(px4_msgs)
[2.787s] DEBUG:colcon.colcon_core.event_handler.log_command:Invoked command in '/home/nardaiv/px4ros2_ws/build/px4_msgs' returned '0': CMAKE_PREFIX_PATH=/opt/ros/humble /usr/bin/cmake --install /home/nardaiv/px4ros2_ws/build/px4_msgs
[2.790s] Level 1:colcon.colcon_core.environment:checking '/home/nardaiv/px4ros2_ws/install/px4_msgs' for CMake module files
[2.790s] Level 1:colcon.colcon_core.environment:checking '/home/nardaiv/px4ros2_ws/install/px4_msgs' for CMake config files
[2.790s] Level 1:colcon.colcon_core.shell:create_environment_hook('px4_msgs', 'cmake_prefix_path')
[2.791s] INFO:colcon.colcon_core.shell:Creating environment hook '/home/nardaiv/px4ros2_ws/install/px4_msgs/share/px4_msgs/hook/cmake_prefix_path.ps1'
[2.791s] INFO:colcon.colcon_core.shell:Creating environment descriptor '/home/nardaiv/px4ros2_ws/install/px4_msgs/share/px4_msgs/hook/cmake_prefix_path.dsv'
[2.792s] INFO:colcon.colcon_core.shell:Creating environment hook '/home/nardaiv/px4ros2_ws/install/px4_msgs/share/px4_msgs/hook/cmake_prefix_path.sh'
[2.793s] Level 1:colcon.colcon_core.environment:checking '/home/nardaiv/px4ros2_ws/install/px4_msgs/lib'
[2.793s] Level 1:colcon.colcon_core.shell:create_environment_hook('px4_msgs', 'ld_library_path_lib')
[2.793s] INFO:colcon.colcon_core.shell:Creating environment hook '/home/nardaiv/px4ros2_ws/install/px4_msgs/share/px4_msgs/hook/ld_library_path_lib.ps1'
[2.793s] INFO:colcon.colcon_core.shell:Creating environment descriptor '/home/nardaiv/px4ros2_ws/install/px4_msgs/share/px4_msgs/hook/ld_library_path_lib.dsv'
[2.793s] INFO:colcon.colcon_core.shell:Creating environment hook '/home/nardaiv/px4ros2_ws/install/px4_msgs/share/px4_msgs/hook/ld_library_path_lib.sh'
[2.794s] Level 1:colcon.colcon_core.environment:checking '/home/nardaiv/px4ros2_ws/install/px4_msgs/bin'
[2.794s] Level 1:colcon.colcon_core.environment:checking '/home/nardaiv/px4ros2_ws/install/px4_msgs/lib/pkgconfig/px4_msgs.pc'
[2.794s] Level 1:colcon.colcon_core.environment:checking '/home/nardaiv/px4ros2_ws/install/px4_msgs/lib/python3.10/site-packages'
[2.794s] Level 1:colcon.colcon_core.environment:checking '/home/nardaiv/px4ros2_ws/install/px4_msgs/bin'
[2.795s] INFO:colcon.colcon_core.shell:Creating package script '/home/nardaiv/px4ros2_ws/install/px4_msgs/share/px4_msgs/package.ps1'
[2.795s] INFO:colcon.colcon_core.shell:Creating package descriptor '/home/nardaiv/px4ros2_ws/install/px4_msgs/share/px4_msgs/package.dsv'
[2.796s] INFO:colcon.colcon_core.shell:Creating package script '/home/nardaiv/px4ros2_ws/install/px4_msgs/share/px4_msgs/package.sh'
[2.796s] INFO:colcon.colcon_core.shell:Creating package script '/home/nardaiv/px4ros2_ws/install/px4_msgs/share/px4_msgs/package.bash'
[2.797s] INFO:colcon.colcon_core.shell:Creating package script '/home/nardaiv/px4ros2_ws/install/px4_msgs/share/px4_msgs/package.zsh'
[2.798s] Level 1:colcon.colcon_core.environment:create_file_with_runtime_dependencies(/home/nardaiv/px4ros2_ws/install/px4_msgs/share/colcon-core/packages/px4_msgs)
[2.798s] Level 1:colcon.colcon_core.environment:create_environment_scripts_only(px4_msgs)
[2.798s] Level 1:colcon.colcon_core.environment:checking '/home/nardaiv/px4ros2_ws/install/px4_msgs' for CMake module files
[2.799s] Level 1:colcon.colcon_core.environment:checking '/home/nardaiv/px4ros2_ws/install/px4_msgs' for CMake config files
[2.799s] Level 1:colcon.colcon_core.shell:create_environment_hook('px4_msgs', 'cmake_prefix_path')
[2.799s] INFO:colcon.colcon_core.shell:Creating environment hook '/home/nardaiv/px4ros2_ws/install/px4_msgs/share/px4_msgs/hook/cmake_prefix_path.ps1'
[2.800s] INFO:colcon.colcon_core.shell:Creating environment descriptor '/home/nardaiv/px4ros2_ws/install/px4_msgs/share/px4_msgs/hook/cmake_prefix_path.dsv'
[2.800s] INFO:colcon.colcon_core.shell:Creating environment hook '/home/nardaiv/px4ros2_ws/install/px4_msgs/share/px4_msgs/hook/cmake_prefix_path.sh'
[2.800s] Level 1:colcon.colcon_core.environment:checking '/home/nardaiv/px4ros2_ws/install/px4_msgs/lib'
[2.800s] Level 1:colcon.colcon_core.shell:create_environment_hook('px4_msgs', 'ld_library_path_lib')
[2.800s] INFO:colcon.colcon_core.shell:Creating environment hook '/home/nardaiv/px4ros2_ws/install/px4_msgs/share/px4_msgs/hook/ld_library_path_lib.ps1'
[2.801s] INFO:colcon.colcon_core.shell:Creating environment descriptor '/home/nardaiv/px4ros2_ws/install/px4_msgs/share/px4_msgs/hook/ld_library_path_lib.dsv'
[2.801s] INFO:colcon.colcon_core.shell:Creating environment hook '/home/nardaiv/px4ros2_ws/install/px4_msgs/share/px4_msgs/hook/ld_library_path_lib.sh'
[2.801s] Level 1:colcon.colcon_core.environment:checking '/home/nardaiv/px4ros2_ws/install/px4_msgs/bin'
[2.801s] Level 1:colcon.colcon_core.environment:checking '/home/nardaiv/px4ros2_ws/install/px4_msgs/lib/pkgconfig/px4_msgs.pc'
[2.802s] Level 1:colcon.colcon_core.environment:checking '/home/nardaiv/px4ros2_ws/install/px4_msgs/lib/python3.10/site-packages'
[2.802s] Level 1:colcon.colcon_core.environment:checking '/home/nardaiv/px4ros2_ws/install/px4_msgs/bin'
[2.802s] INFO:colcon.colcon_core.shell:Creating package script '/home/nardaiv/px4ros2_ws/install/px4_msgs/share/px4_msgs/package.ps1'
[2.803s] INFO:colcon.colcon_core.shell:Creating package descriptor '/home/nardaiv/px4ros2_ws/install/px4_msgs/share/px4_msgs/package.dsv'
[2.803s] INFO:colcon.colcon_core.shell:Creating package script '/home/nardaiv/px4ros2_ws/install/px4_msgs/share/px4_msgs/package.sh'
[2.803s] INFO:colcon.colcon_core.shell:Creating package script '/home/nardaiv/px4ros2_ws/install/px4_msgs/share/px4_msgs/package.bash'
[2.804s] INFO:colcon.colcon_core.shell:Creating package script '/home/nardaiv/px4ros2_ws/install/px4_msgs/share/px4_msgs/package.zsh'
[2.804s] Level 1:colcon.colcon_core.environment:create_file_with_runtime_dependencies(/home/nardaiv/px4ros2_ws/install/px4_msgs/share/colcon-core/packages/px4_msgs)
[2.805s] INFO:colcon.colcon_ros.task.ament_cmake.build:Building ROS package in '/home/nardaiv/px4ros2_ws/src/px4_ros_com' with build type 'ament_cmake'
[2.805s] INFO:colcon.colcon_cmake.task.cmake.build:Building CMake package in '/home/nardaiv/px4ros2_ws/src/px4_ros_com'
[2.805s] INFO:colcon.colcon_core.shell:Skip shell extension 'powershell' for command environment: Not usable outside of PowerShell
[2.806s] DEBUG:colcon.colcon_core.shell:Skip shell extension 'dsv' for command environment
[2.865s] DEBUG:colcon.colcon_core.event_handler.log_command:Invoking command in '/home/nardaiv/px4ros2_ws/build/px4_ros_com': AMENT_PREFIX_PATH=/home/nardaiv/px4ros2_ws/install/px4_msgs:${AMENT_PREFIX_PATH} CMAKE_PREFIX_PATH=/home/nardaiv/px4ros2_ws/install/px4_msgs:/opt/ros/humble LD_LIBRARY_PATH=/home/nardaiv/px4ros2_ws/install/px4_msgs/lib:${LD_LIBRARY_PATH} PYTHONPATH=/home/nardaiv/px4ros2_ws/install/px4_msgs/local/lib/python3.10/dist-packages:${PYTHONPATH} /usr/bin/cmake --build /home/nardaiv/px4ros2_ws/build/px4_ros_com -- -j12 -l12
[13.438s] DEBUG:colcon.colcon_core.event_handler.log_command:Invoked command in '/home/nardaiv/px4ros2_ws/build/px4_ros_com' returned '0': AMENT_PREFIX_PATH=/home/nardaiv/px4ros2_ws/install/px4_msgs:${AMENT_PREFIX_PATH} CMAKE_PREFIX_PATH=/home/nardaiv/px4ros2_ws/install/px4_msgs:/opt/ros/humble LD_LIBRARY_PATH=/home/nardaiv/px4ros2_ws/install/px4_msgs/lib:${LD_LIBRARY_PATH} PYTHONPATH=/home/nardaiv/px4ros2_ws/install/px4_msgs/local/lib/python3.10/dist-packages:${PYTHONPATH} /usr/bin/cmake --build /home/nardaiv/px4ros2_ws/build/px4_ros_com -- -j12 -l12
[13.439s] DEBUG:colcon.colcon_core.event_handler.log_command:Invoking command in '/home/nardaiv/px4ros2_ws/build/px4_ros_com': AMENT_PREFIX_PATH=/home/nardaiv/px4ros2_ws/install/px4_msgs:${AMENT_PREFIX_PATH} CMAKE_PREFIX_PATH=/home/nardaiv/px4ros2_ws/install/px4_msgs:/opt/ros/humble LD_LIBRARY_PATH=/home/nardaiv/px4ros2_ws/install/px4_msgs/lib:${LD_LIBRARY_PATH} PYTHONPATH=/home/nardaiv/px4ros2_ws/install/px4_msgs/local/lib/python3.10/dist-packages:${PYTHONPATH} /usr/bin/cmake --install /home/nardaiv/px4ros2_ws/build/px4_ros_com
[13.484s] Level 1:colcon.colcon_core.environment:create_environment_scripts_only(px4_ros_com)
[13.484s] DEBUG:colcon.colcon_core.event_handler.log_command:Invoked command in '/home/nardaiv/px4ros2_ws/build/px4_ros_com' returned '0': AMENT_PREFIX_PATH=/home/nardaiv/px4ros2_ws/install/px4_msgs:${AMENT_PREFIX_PATH} CMAKE_PREFIX_PATH=/home/nardaiv/px4ros2_ws/install/px4_msgs:/opt/ros/humble LD_LIBRARY_PATH=/home/nardaiv/px4ros2_ws/install/px4_msgs/lib:${LD_LIBRARY_PATH} PYTHONPATH=/home/nardaiv/px4ros2_ws/install/px4_msgs/local/lib/python3.10/dist-packages:${PYTHONPATH} /usr/bin/cmake --install /home/nardaiv/px4ros2_ws/build/px4_ros_com
[13.485s] Level 1:colcon.colcon_core.environment:checking '/home/nardaiv/px4ros2_ws/install/px4_ros_com' for CMake module files
[13.486s] Level 1:colcon.colcon_core.environment:checking '/home/nardaiv/px4ros2_ws/install/px4_ros_com' for CMake config files
[13.486s] Level 1:colcon.colcon_core.shell:create_environment_hook('px4_ros_com', 'cmake_prefix_path')
[13.486s] INFO:colcon.colcon_core.shell:Creating environment hook '/home/nardaiv/px4ros2_ws/install/px4_ros_com/share/px4_ros_com/hook/cmake_prefix_path.ps1'
[13.487s] INFO:colcon.colcon_core.shell:Creating environment descriptor '/home/nardaiv/px4ros2_ws/install/px4_ros_com/share/px4_ros_com/hook/cmake_prefix_path.dsv'
[13.487s] INFO:colcon.colcon_core.shell:Creating environment hook '/home/nardaiv/px4ros2_ws/install/px4_ros_com/share/px4_ros_com/hook/cmake_prefix_path.sh'
[13.487s] Level 1:colcon.colcon_core.environment:checking '/home/nardaiv/px4ros2_ws/install/px4_ros_com/lib'
[13.487s] Level 1:colcon.colcon_core.shell:create_environment_hook('px4_ros_com', 'ld_library_path_lib')
[13.488s] INFO:colcon.colcon_core.shell:Creating environment hook '/home/nardaiv/px4ros2_ws/install/px4_ros_com/share/px4_ros_com/hook/ld_library_path_lib.ps1'
[13.488s] INFO:colcon.colcon_core.shell:Creating environment descriptor '/home/nardaiv/px4ros2_ws/install/px4_ros_com/share/px4_ros_com/hook/ld_library_path_lib.dsv'
[13.488s] INFO:colcon.colcon_core.shell:Creating environment hook '/home/nardaiv/px4ros2_ws/install/px4_ros_com/share/px4_ros_com/hook/ld_library_path_lib.sh'
[13.489s] Level 1:colcon.colcon_core.environment:checking '/home/nardaiv/px4ros2_ws/install/px4_ros_com/bin'
[13.489s] Level 1:colcon.colcon_core.environment:checking '/home/nardaiv/px4ros2_ws/install/px4_ros_com/lib/pkgconfig/px4_ros_com.pc'
[13.489s] Level 1:colcon.colcon_core.environment:checking '/home/nardaiv/px4ros2_ws/install/px4_ros_com/lib/python3.10/site-packages'
[13.489s] Level 1:colcon.colcon_core.environment:checking '/home/nardaiv/px4ros2_ws/install/px4_ros_com/bin'
[13.489s] INFO:colcon.colcon_core.shell:Creating package script '/home/nardaiv/px4ros2_ws/install/px4_ros_com/share/px4_ros_com/package.ps1'
[13.490s] INFO:colcon.colcon_core.shell:Creating package descriptor '/home/nardaiv/px4ros2_ws/install/px4_ros_com/share/px4_ros_com/package.dsv'
[13.490s] INFO:colcon.colcon_core.shell:Creating package script '/home/nardaiv/px4ros2_ws/install/px4_ros_com/share/px4_ros_com/package.sh'
[13.490s] INFO:colcon.colcon_core.shell:Creating package script '/home/nardaiv/px4ros2_ws/install/px4_ros_com/share/px4_ros_com/package.bash'
[13.491s] INFO:colcon.colcon_core.shell:Creating package script '/home/nardaiv/px4ros2_ws/install/px4_ros_com/share/px4_ros_com/package.zsh'
[13.491s] Level 1:colcon.colcon_core.environment:create_file_with_runtime_dependencies(/home/nardaiv/px4ros2_ws/install/px4_ros_com/share/colcon-core/packages/px4_ros_com)
[13.492s] Level 1:colcon.colcon_core.environment:create_environment_scripts_only(px4_ros_com)
[13.492s] Level 1:colcon.colcon_core.environment:checking '/home/nardaiv/px4ros2_ws/install/px4_ros_com' for CMake module files
[13.492s] Level 1:colcon.colcon_core.environment:checking '/home/nardaiv/px4ros2_ws/install/px4_ros_com' for CMake config files
[13.493s] Level 1:colcon.colcon_core.shell:create_environment_hook('px4_ros_com', 'cmake_prefix_path')
[13.493s] INFO:colcon.colcon_core.shell:Creating environment hook '/home/nardaiv/px4ros2_ws/install/px4_ros_com/share/px4_ros_com/hook/cmake_prefix_path.ps1'
[13.493s] INFO:colcon.colcon_core.shell:Creating environment descriptor '/home/nardaiv/px4ros2_ws/install/px4_ros_com/share/px4_ros_com/hook/cmake_prefix_path.dsv'
[13.493s] INFO:colcon.colcon_core.shell:Creating environment hook '/home/nardaiv/px4ros2_ws/install/px4_ros_com/share/px4_ros_com/hook/cmake_prefix_path.sh'
[13.494s] Level 1:colcon.colcon_core.environment:checking '/home/nardaiv/px4ros2_ws/install/px4_ros_com/lib'
[13.494s] Level 1:colcon.colcon_core.shell:create_environment_hook('px4_ros_com', 'ld_library_path_lib')
[13.494s] INFO:colcon.colcon_core.shell:Creating environment hook '/home/nardaiv/px4ros2_ws/install/px4_ros_com/share/px4_ros_com/hook/ld_library_path_lib.ps1'
[13.494s] INFO:colcon.colcon_core.shell:Creating environment descriptor '/home/nardaiv/px4ros2_ws/install/px4_ros_com/share/px4_ros_com/hook/ld_library_path_lib.dsv'
[13.495s] INFO:colcon.colcon_core.shell:Creating environment hook '/home/nardaiv/px4ros2_ws/install/px4_ros_com/share/px4_ros_com/hook/ld_library_path_lib.sh'
[13.495s] Level 1:colcon.colcon_core.environment:checking '/home/nardaiv/px4ros2_ws/install/px4_ros_com/bin'
[13.495s] Level 1:colcon.colcon_core.environment:checking '/home/nardaiv/px4ros2_ws/install/px4_ros_com/lib/pkgconfig/px4_ros_com.pc'
[13.495s] Level 1:colcon.colcon_core.environment:checking '/home/nardaiv/px4ros2_ws/install/px4_ros_com/lib/python3.10/site-packages'
[13.495s] Level 1:colcon.colcon_core.environment:checking '/home/nardaiv/px4ros2_ws/install/px4_ros_com/bin'
[13.496s] INFO:colcon.colcon_core.shell:Creating package script '/home/nardaiv/px4ros2_ws/install/px4_ros_com/share/px4_ros_com/package.ps1'
[13.496s] INFO:colcon.colcon_core.shell:Creating package descriptor '/home/nardaiv/px4ros2_ws/install/px4_ros_com/share/px4_ros_com/package.dsv'
[13.497s] INFO:colcon.colcon_core.shell:Creating package script '/home/nardaiv/px4ros2_ws/install/px4_ros_com/share/px4_ros_com/package.sh'
[13.497s] INFO:colcon.colcon_core.shell:Creating package script '/home/nardaiv/px4ros2_ws/install/px4_ros_com/share/px4_ros_com/package.bash'
[13.497s] INFO:colcon.colcon_core.shell:Creating package script '/home/nardaiv/px4ros2_ws/install/px4_ros_com/share/px4_ros_com/package.zsh'
[13.498s] Level 1:colcon.colcon_core.environment:create_file_with_runtime_dependencies(/home/nardaiv/px4ros2_ws/install/px4_ros_com/share/colcon-core/packages/px4_ros_com)
[13.498s] DEBUG:colcon.colcon_parallel_executor.executor.parallel:closing loop
[13.499s] DEBUG:colcon.colcon_parallel_executor.executor.parallel:loop closed
[13.499s] DEBUG:colcon.colcon_parallel_executor.executor.parallel:run_until_complete finished with '0'
[13.499s] DEBUG:colcon.colcon_core.event_reactor:joining thread
[13.526s] INFO:colcon.colcon_core.plugin_system:Skipping extension 'colcon_notification.desktop_notification.notify_send': Could not find 'notify-send'
[13.526s] INFO:colcon.colcon_core.plugin_system:Skipping extension 'colcon_notification.desktop_notification.terminal_notifier': Not used on non-Darwin systems
[13.526s] INFO:colcon.colcon_core.plugin_system:Skipping extension 'colcon_notification.desktop_notification.win32': Not used on non-Windows systems
[13.526s] INFO:colcon.colcon_notification.desktop_notification:Sending desktop notification using 'notify2'
[13.526s] DEBUG:colcon.colcon_notification.desktop_notification.notify2:Failed to initialize notify2: org.freedesktop.DBus.Error.FileNotFound: Failed to connect to socket /run/user/1000/bus: No such file or directory
[13.527s] DEBUG:colcon.colcon_core.event_reactor:joined thread
[13.527s] INFO:colcon.colcon_core.shell:Creating prefix script '/home/nardaiv/px4ros2_ws/install/local_setup.ps1'
[13.528s] INFO:colcon.colcon_core.shell:Creating prefix util module '/home/nardaiv/px4ros2_ws/install/_local_setup_util_ps1.py'
[13.529s] INFO:colcon.colcon_core.shell:Creating prefix chain script '/home/nardaiv/px4ros2_ws/install/setup.ps1'
[13.530s] INFO:colcon.colcon_core.shell:Creating prefix script '/home/nardaiv/px4ros2_ws/install/local_setup.sh'
[13.530s] INFO:colcon.colcon_core.shell:Creating prefix util module '/home/nardaiv/px4ros2_ws/install/_local_setup_util_sh.py'
[13.531s] INFO:colcon.colcon_core.shell:Creating prefix chain script '/home/nardaiv/px4ros2_ws/install/setup.sh'
[13.531s] INFO:colcon.colcon_core.shell:Creating prefix script '/home/nardaiv/px4ros2_ws/install/local_setup.bash'
[13.532s] INFO:colcon.colcon_core.shell:Creating prefix chain script '/home/nardaiv/px4ros2_ws/install/setup.bash'
[13.532s] INFO:colcon.colcon_core.shell:Creating prefix script '/home/nardaiv/px4ros2_ws/install/local_setup.zsh'
[13.533s] INFO:colcon.colcon_core.shell:Creating prefix chain script '/home/nardaiv/px4ros2_ws/install/setup.zsh'
