[0.058s] Invoking command in '/home/nardaiv/px4ros2_ws/build/px4_ros_com': AMENT_PREFIX_PATH=/home/nardaiv/px4ros2_ws/install/px4_msgs:${AMENT_PREFIX_PATH} CMAKE_PREFIX_PATH=/home/nardaiv/px4ros2_ws/install/px4_msgs:/opt/ros/humble LD_LIBRARY_PATH=/home/nardaiv/px4ros2_ws/install/px4_msgs/lib:${LD_LIBRARY_PATH} PYTHONPATH=/home/nardaiv/px4ros2_ws/install/px4_msgs/local/lib/python3.10/dist-packages:${PYTHONPATH} /usr/bin/cmake --build /home/nardaiv/px4ros2_ws/build/px4_ros_com -- -j12 -l12
[0.083s] -- Found ament_cmake: 1.3.11 (/opt/ros/humble/share/ament_cmake/cmake)
[0.230s] -- Found builtin_interfaces: 1.2.1 (/opt/ros/humble/share/builtin_interfaces/cmake)
[0.365s] -- Found rosidl_generator_c: 3.1.6 (/opt/ros/humble/share/rosidl_generator_c/cmake)
[0.367s] -- Found rosidl_adapter: 3.1.6 (/opt/ros/humble/share/rosidl_adapter/cmake)
[0.374s] -- Found rosidl_generator_cpp: 3.1.6 (/opt/ros/humble/share/rosidl_generator_cpp/cmake)
[0.383s] -- Using all available rosidl_typesupport_c: rosidl_typesupport_fastrtps_c;rosidl_typesupport_introspection_c
[0.395s] -- Using all available rosidl_typesupport_cpp: rosidl_typesupport_fastrtps_cpp;rosidl_typesupport_introspection_cpp
[0.405s] -- Found eigen3_cmake_module: 0.1.1 (/opt/ros/humble/share/eigen3_cmake_module/cmake)
[0.406s] -- Found geometry_msgs: 4.2.4 (/opt/ros/humble/share/geometry_msgs/cmake)
[0.432s] -- Found px4_msgs: 2.0.1 (/home/nardaiv/px4ros2_ws/install/px4_msgs/share/px4_msgs/cmake)
[0.447s] -- Found rclcpp: 16.0.11 (/opt/ros/humble/share/rclcpp/cmake)
[0.510s] -- Found rmw_implementation_cmake: 6.1.2 (/opt/ros/humble/share/rmw_implementation_cmake/cmake)
[0.523s] -- Found rmw_fastrtps_cpp: 6.2.7 (/opt/ros/humble/share/rmw_fastrtps_cpp/cmake)
[3.449s] -- Using RMW implementation 'rmw_fastrtps_cpp' as default
[3.518s] -- Found sensor_msgs: 4.2.4 (/opt/ros/humble/share/sensor_msgs/cmake)
[3.541s] -- Found rclpy: 3.3.15 (/opt/ros/humble/share/rclpy/cmake)
[3.548s] -- Found ament_lint_auto: 0.12.11 (/opt/ros/humble/share/ament_lint_auto/cmake)
[3.629s] -- Added test 'copyright' to check source files copyright and LICENSE
[3.631s] -- Added test 'cppcheck' to perform static code analysis on C / C++ code
[3.632s] -- Configured cppcheck include dirs: /home/nardaiv/px4ros2_ws/src/px4_ros_com/include;$<BUILD_INTERFACE:/home/nardaiv/px4ros2_ws/src/px4_ros_com/include/px4_ros_com>
[3.632s] -- Configured cppcheck exclude dirs and/or files: 
[3.635s] -- Added test 'cpplint' to check C / C++ code against the Google style
[3.635s] -- Configured cpplint exclude dirs and/or files: 
[3.635s] -- Added test 'flake8' to check Python code syntax and style conventions
[3.636s] -- Added test 'lint_cmake' to check CMake code style
[3.637s] -- Added test 'pep257' to check Python code against some of the docstring style conventions in PEP 257
[3.640s] -- Added test 'uncrustify' to check C / C++ code style
[3.640s] -- Configured uncrustify additional arguments: 
[3.641s] -- Added test 'xmllint' to check XML markup files
[3.645s] -- Configuring done
[3.680s] -- Generating done
[3.690s] -- Build files have been written to: /home/nardaiv/px4ros2_ws/build/px4_ros_com
[3.717s] [35m[1mConsolidate compiler generated dependencies of target frame_transforms[0m
[3.723s] [35m[1mConsolidate compiler generated dependencies of target vehicle_gps_position_listener[0m
[3.732s] [35m[1mConsolidate compiler generated dependencies of target offboard_control[0m
[3.732s] [35m[1mConsolidate compiler generated dependencies of target debug_vect_advertiser[0m
[3.733s] [35m[1mConsolidate compiler generated dependencies of target offboard_control_srv[0m
[3.734s] [35m[1mConsolidate compiler generated dependencies of target sensor_combined_listener[0m
[3.743s] [  8%] [32mBuilding CXX object CMakeFiles/frame_transforms.dir/src/lib/frame_transforms.cpp.o[0m
[3.751s] [ 33%] [32mBuilding CXX object CMakeFiles/offboard_control.dir/src/examples/offboard/offboard_control.cpp.o[0m
[3.751s] [ 33%] Built target vehicle_gps_position_listener
[3.751s] [ 33%] Built target ament_cmake_python_copy_px4_ros_com
[3.758s] [ 50%] Built target debug_vect_advertiser
[3.767s] [ 83%] Built target offboard_control_srv
[3.767s] [ 83%] Built target sensor_combined_listener
[3.978s] In file included from [01m[K/home/nardaiv/px4ros2_ws/src/px4_ros_com/src/examples/offboard/offboard_control.cpp:46[m[K:
[3.978s] [01m[K/home/nardaiv/px4ros2_ws/src/px4_ros_com/include/px4_ros_com/frame_transforms.h:50:10:[m[K [01;31m[Kfatal error: [m[Kgeometry_msgs/msg/point.hpp: No such file or directory
[3.978s]    50 | #include [01;31m[K<geometry_msgs/msg/point.hpp>[m[K
[3.978s]       |          [01;31m[K^~~~~~~~~~~~~~~~~~~~~~~~~~~~~[m[K
[3.978s] compilation terminated.
[3.987s] gmake[2]: *** [CMakeFiles/offboard_control.dir/build.make:76: CMakeFiles/offboard_control.dir/src/examples/offboard/offboard_control.cpp.o] Error 1
[3.988s] gmake[1]: *** [CMakeFiles/Makefile2:254: CMakeFiles/offboard_control.dir/all] Error 2
[3.988s] gmake[1]: *** Waiting for unfinished jobs....
[4.001s] running egg_info
[4.001s] writing px4_ros_com.egg-info/PKG-INFO
[4.002s] writing dependency_links to px4_ros_com.egg-info/dependency_links.txt
[4.002s] writing top-level names to px4_ros_com.egg-info/top_level.txt
[4.003s] reading manifest file 'px4_ros_com.egg-info/SOURCES.txt'
[4.004s] writing manifest file 'px4_ros_com.egg-info/SOURCES.txt'
[4.032s] [ 83%] Built target ament_cmake_python_build_px4_ros_com_egg
[9.655s] [ 91%] [32m[1mLinking CXX shared library libframe_transforms.so[0m
[9.898s] [ 91%] Built target frame_transforms
[9.899s] gmake: *** [Makefile:146: all] Error 2
[9.901s] Invoked command in '/home/nardaiv/px4ros2_ws/build/px4_ros_com' returned '2': AMENT_PREFIX_PATH=/home/nardaiv/px4ros2_ws/install/px4_msgs:${AMENT_PREFIX_PATH} CMAKE_PREFIX_PATH=/home/nardaiv/px4ros2_ws/install/px4_msgs:/opt/ros/humble LD_LIBRARY_PATH=/home/nardaiv/px4ros2_ws/install/px4_msgs/lib:${LD_LIBRARY_PATH} PYTHONPATH=/home/nardaiv/px4ros2_ws/install/px4_msgs/local/lib/python3.10/dist-packages:${PYTHONPATH} /usr/bin/cmake --build /home/nardaiv/px4ros2_ws/build/px4_ros_com -- -j12 -l12
